configure: WARNING: If you wanted to set the --build type, don't use --host.
    If a cross compiler is detected then cross compile mode will be used.
checking build system type... x86_64-unknown-linux-gnu
checking host system type... x86_64-cross-linux-gnu
checking target system type... mips64-unknown-linux-gnu
checking for a BSD-compatible install... /usr/bin/install -c
checking whether ln works... yes
checking whether ln -s works... yes
checking for a sed that does not truncate output... /bin/sed
checking for gawk... gawk
checking for x86_64-cross-linux-gnu-gcc... no
checking for gcc... gcc
checking for C compiler default output file name... a.out
checking whether the C compiler works... yes
checking whether we are cross compiling... no
checking for suffix of executables... 
checking for suffix of object files... o
checking whether we are using the GNU C compiler... yes
checking whether gcc accepts -g... yes
checking for gcc option to accept ISO C89... none needed
checking for x86_64-cross-linux-gnu-g++... no
checking for x86_64-cross-linux-gnu-c++... no
checking for x86_64-cross-linux-gnu-gpp... no
checking for x86_64-cross-linux-gnu-aCC... no
checking for x86_64-cross-linux-gnu-CC... no
checking for x86_64-cross-linux-gnu-cxx... no
checking for x86_64-cross-linux-gnu-cc++... no
checking for x86_64-cross-linux-gnu-cl.exe... no
checking for x86_64-cross-linux-gnu-FCC... no
checking for x86_64-cross-linux-gnu-KCC... no
checking for x86_64-cross-linux-gnu-RCC... no
checking for x86_64-cross-linux-gnu-xlC_r... no
checking for x86_64-cross-linux-gnu-xlC... no
checking for g++... g++
checking whether we are using the GNU C++ compiler... yes
checking whether g++ accepts -g... yes
checking whether g++ accepts -static-libstdc++ -static-libgcc... yes
checking for x86_64-cross-linux-gnu-gnatbind... no
checking for gnatbind... no
checking for x86_64-cross-linux-gnu-gnatmake... no
checking for gnatmake... no
checking whether compiler driver understands Ada... no
checking how to compare bootstrapped objects... cmp --ignore-initial=16 $$f1 $$f2
checking for objdir... .libs
checking for version 0.10 of ISL... no
checking for version 0.11 of ISL... no
checking for version 0.12 of ISL... no
checking for default BUILD_CONFIG... 
checking for --enable-vtable-verify... no
checking for bison... no
checking for byacc... no
checking for yacc... no
checking for bison... no
checking for gm4... no
checking for gnum4... no
checking for m4... m4
checking for flex... no
checking for lex... no
checking for flex... no
checking for makeinfo... no
checking for expect... no
checking for runtest... no
checking for ar... (cached) ar
checking for x86_64-cross-linux-gnu-ar... (cached) ar
checking for as... (cached) as
checking for x86_64-cross-linux-gnu-as... (cached) as
checking for x86_64-cross-linux-gnu-dlltool... no
checking for x86_64-cross-linux-gnu-ld... no
checking for x86_64-cross-linux-gnu-lipo... no
checking for x86_64-cross-linux-gnu-nm... no
checking for x86_64-cross-linux-gnu-ranlib... no
checking for x86_64-cross-linux-gnu-strip... no
checking for x86_64-cross-linux-gnu-windres... no
checking for x86_64-cross-linux-gnu-windmc... no
checking for x86_64-cross-linux-gnu-objcopy... no
checking for x86_64-cross-linux-gnu-objdump... no
checking for x86_64-cross-linux-gnu-readelf... no
checking for mips64-unknown-linux-gnu-cc... no
checking for mips64-unknown-linux-gnu-gcc... no
checking for mips64-unknown-linux-gnu-c++... no
checking for mips64-unknown-linux-gnu-g++... no
checking for mips64-unknown-linux-gnu-cxx... no
checking for mips64-unknown-linux-gnu-gxx... no
checking for mips64-unknown-linux-gnu-gcc... no
checking for mips64-unknown-linux-gnu-gcj... no
checking for mips64-unknown-linux-gnu-gfortran... no
checking for mips64-unknown-linux-gnu-gccgo... no
checking for mips64-unknown-linux-gnu-ar... no
checking for mips64-unknown-linux-gnu-as... no
checking for mips64-unknown-linux-gnu-dlltool... no
checking for mips64-unknown-linux-gnu-ld... no
checking for mips64-unknown-linux-gnu-lipo... no
checking for mips64-unknown-linux-gnu-nm... no
checking for mips64-unknown-linux-gnu-objdump... no
checking for mips64-unknown-linux-gnu-ranlib... no
checking for mips64-unknown-linux-gnu-readelf... no
checking for mips64-unknown-linux-gnu-strip... no
checking for mips64-unknown-linux-gnu-windres... no
checking for mips64-unknown-linux-gnu-windmc... no
checking where to find the target ar... pre-installed
checking where to find the target as... pre-installed
checking where to find the target cc... pre-installed
checking where to find the target c++... pre-installed
checking where to find the target c++ for libstdc++... pre-installed
checking where to find the target dlltool... pre-installed
checking where to find the target gcc... pre-installed
checking where to find the target gcj... pre-installed
checking where to find the target gfortran... pre-installed
checking where to find the target gccgo... pre-installed
checking where to find the target ld... pre-installed
checking where to find the target lipo... pre-installed
checking where to find the target nm... pre-installed
checking where to find the target objdump... pre-installed
checking where to find the target ranlib... pre-installed
checking where to find the target readelf... pre-installed
checking where to find the target strip... pre-installed
checking where to find the target windres... pre-installed
checking where to find the target windmc... pre-installed
checking whether to enable maintainer-specific portions of Makefiles... no
configure: creating ./config.status
config.status: creating Makefile
