scripts/kconfig/conf  --silentoldconfig Kconfig
  CHK     include/config/kernel.release
  UPD     include/config/kernel.release
  WRAP    arch/sparc/include/generated/asm/clkdev.h
  WRAP    arch/sparc/include/generated/asm/cputime.h
  WRAP    arch/sparc/include/generated/asm/div64.h
  WRAP    arch/sparc/include/generated/asm/emergency-restart.h
  WRAP    arch/sparc/include/generated/asm/exec.h
  WRAP    arch/sparc/include/generated/asm/irq_regs.h
  WRAP    arch/sparc/include/generated/asm/irq_work.h
  WRAP    arch/sparc/include/generated/asm/linkage.h
  WRAP    arch/sparc/include/generated/asm/local.h
  WRAP    arch/sparc/include/generated/asm/local64.h
  WRAP    arch/sparc/include/generated/asm/mcs_spinlock.h
  WRAP    arch/sparc/include/generated/asm/mm-arch-hooks.h
  WRAP    arch/sparc/include/generated/asm/module.h
  WRAP    arch/sparc/include/generated/asm/mutex.h
  WRAP    arch/sparc/include/generated/asm/preempt.h
  WRAP    arch/sparc/include/generated/asm/serial.h
  WRAP    arch/sparc/include/generated/asm/trace_clock.h
  WRAP    arch/sparc/include/generated/asm/types.h
  WRAP    arch/sparc/include/generated/asm/word-at-a-time.h
  CHK     include/generated/uapi/linux/version.h
  UPD     include/generated/uapi/linux/version.h
  CHK     include/generated/utsrelease.h
  UPD     include/generated/utsrelease.h
  HOSTCC  scripts/kallsyms
  HOSTCC  scripts/pnmtologo
  HOSTCC  scripts/conmakehash
  CC      scripts/mod/empty.o
  HOSTCC  scripts/mod/mk_elfconfig
  CC      scripts/mod/devicetable-offsets.s
  GEN     scripts/mod/devicetable-offsets.h
  MKELF   scripts/mod/elfconfig.h
  HOSTCC  scripts/mod/modpost.o
  HOSTCC  scripts/mod/file2alias.o
  HOSTCC  scripts/mod/sumversion.o
  HOSTLD  scripts/mod/modpost
  CHK     include/generated/timeconst.h
  CC      kernel/bounds.s
  UPD     include/generated/timeconst.h
  CHK     include/generated/bounds.h
  UPD     include/generated/bounds.h
  CC      arch/sparc/kernel/asm-offsets.s
  CHK     include/generated/asm-offsets.h
  UPD     include/generated/asm-offsets.h
  CALL    scripts/checksyscalls.sh
  CC      init/main.o
  CHK     include/generated/compile.h
  CC      init/do_mounts.o
  CC      init/do_mounts_initrd.o
  UPD     include/generated/compile.h
  HOSTCC  usr/gen_init_cpio
  LD      arch/sparc/crypto/built-in.o
  CC      arch/sparc/kernel/traps_64.o
  CC      arch/sparc/kernel/irq_64.o
  GEN     usr/initramfs_data.cpio.gz
  AS      usr/initramfs_data.o
  LD      usr/built-in.o
  CC      arch/sparc/kernel/process_64.o
  CC      arch/sparc/kernel/signal_64.o
  CC      init/do_mounts_md.o
  CC      kernel/fork.o
  CC      mm/filemap.o
  CC      fs/open.o
  CC      init/initramfs.o
  CC      arch/sparc/kernel/sigutil_64.o
  CC      arch/sparc/kernel/setup_64.o
  CC      init/calibrate.o
  CC      fs/read_write.o
  CC      init/init_task.o
  CC      arch/sparc/kernel/idprom.o
  CC      arch/sparc/kernel/sys_sparc_64.o
  CC      init/version.o
  LD      init/mounts.o
  LD      init/built-in.o
  CC      mm/mempool.o
  CC      arch/sparc/kernel/time_64.o
  CC      kernel/exec_domain.o
  CC      kernel/panic.o
  CC      fs/file_table.o
  CC      mm/oom_kill.o
  CC      kernel/cpu.o
  CC      kernel/exit.o
  CC      arch/sparc/kernel/cpu.o
  CC      fs/super.o
  CC      arch/sparc/kernel/ptrace_64.o
  CC      mm/maccess.o
  CC      mm/page_alloc.o
  CC      ipc/compat.o
  CC      fs/char_dev.o
  CC      kernel/softirq.o
  CC      fs/stat.o
  CC      arch/sparc/kernel/unaligned_64.o
  CC      ipc/util.o
  CC      fs/exec.o
  CC      kernel/resource.o
  CC      ipc/msgutil.o
  AS      arch/sparc/kernel/una_asm_64.o
  CC      arch/sparc/kernel/prom_common.o
  CC      arch/sparc/kernel/prom_64.o
  CC      ipc/msg.o
  CC      fs/pipe.o
  CC      kernel/sysctl.o
  CC      arch/sparc/kernel/of_device_common.o
  CC      mm/page-writeback.o
  CC      ipc/sem.o
  CC      arch/sparc/kernel/of_device_64.o
  CC      arch/sparc/kernel/prom_irqtrans.o
  CC      fs/namei.o
  CC      arch/sparc/kernel/reboot.o
  CC      ipc/shm.o
  CC      arch/sparc/kernel/sysfs.o
  CC      kernel/sysctl_binary.o
  CC      mm/readahead.o
  CC      arch/sparc/kernel/iommu.o
  CC      ipc/syscall.o
  CC      kernel/capability.o
  CC      ipc/ipc_sysctl.o
  CC      ipc/mqueue.o
  CC      arch/sparc/kernel/central.o
  CC      mm/swap.o
  CC      kernel/ptrace.o
  CC      arch/sparc/kernel/starfire.o
  CC      arch/sparc/kernel/power.o
  CC      fs/fcntl.o
  CC      arch/sparc/kernel/sbus.o
  CC      ipc/compat_mq.o
  CC      kernel/user.o
  CC      mm/truncate.o
  CC      fs/ioctl.o
  CC      arch/sparc/kernel/ebus.o
  CC      kernel/signal.o
  CC      ipc/namespace.o
  CC      arch/sparc/kernel/visemul.o
  CC      fs/readdir.o
  CC      mm/vmscan.o
  CC      ipc/mq_sysctl.o
  LD      ipc/built-in.o
  CC      mm/shmem.o
  CC      fs/select.o
  CC      arch/sparc/kernel/hvapi.o
  CC      arch/sparc/kernel/sstate.o
  CC      arch/sparc/kernel/mdesc.o
  CC      fs/dcache.o
  CC      kernel/sys.o
  CC      arch/sparc/kernel/pcr.o
  CC      arch/sparc/kernel/nmi.o
  CC      mm/util.o
  CC      kernel/kmod.o
  CC      kernel/workqueue.o
  CC      arch/sparc/kernel/cpumap.o
  CC      fs/inode.o
  CC      fs/attr.o
  CC      mm/mmzone.o
  CC      arch/sparc/kernel/dma.o
  CC      mm/vmstat.o
  AS      arch/sparc/kernel/trampoline_64.o
  CC      fs/bad_inode.o
  CC      arch/sparc/kernel/smp_64.o
  AS      arch/sparc/kernel/hvtramp.o
  CC      arch/sparc/kernel/auxio_64.o
  CC      fs/file.o
  CC      arch/sparc/kernel/btext.o
  CC      arch/sparc/math-emu/math_64.o
  CC      arch/sparc/kernel/stacktrace.o
  CC      mm/backing-dev.o
  CC      fs/filesystems.o
  CC      arch/sparc/kernel/pci.o
  CC      fs/namespace.o
  CC      mm/mm_init.o
  CC      kernel/pid.o
  CC      arch/sparc/kernel/pci_common.o
  CC      mm/mmu_context.o
  CC      mm/percpu.o
  CC      arch/sparc/kernel/psycho_common.o
  CC      kernel/task_work.o
  LD      arch/sparc/math-emu/built-in.o
  CC      kernel/extable.o
  CC      arch/sparc/kernel/pci_psycho.o
  CC      mm/slab_common.o
  CC      kernel/params.o
  CC      arch/sparc/kernel/pci_sabre.o
  CC      fs/seq_file.o
  CC      kernel/kthread.o
  CC      arch/sparc/kernel/pci_schizo.o
  CC      kernel/sys_ni.o
  CC      security/keys/gc.o
  CC      kernel/nsproxy.o
  CC      mm/compaction.o
  CC      fs/xattr.o
  CC      arch/sparc/kernel/pci_sun4v.o
  CC      security/keys/key.o
  CC      kernel/notifier.o
  CC      kernel/ksysfs.o
  CC      fs/libfs.o
  AS      arch/sparc/kernel/pci_sun4v_asm.o
  CC      arch/sparc/kernel/pci_fire.o
  CC      security/keys/keyring.o
  CC      kernel/cred.o
  CC      mm/vmacache.o
  CC      arch/sparc/kernel/pci_msi.o
  CC      kernel/reboot.o
  CC      mm/interval_tree.o
  CC      fs/fs-writeback.o
  CC      security/keys/keyctl.o
  AS      arch/sparc/kernel/sys32.o
  CC      arch/sparc/kernel/sys_sparc32.o
  CC      mm/list_lru.o
  CC      kernel/async.o
  CC      mm/workingset.o
  CC      kernel/range.o
  CC      kernel/smpboot.o
  CC      security/keys/permission.o
  CC      mm/debug.o
  CC      arch/sparc/kernel/signal32.o
  CC      security/keys/process_keys.o
  CC      mm/gup.o
  CC      kernel/groups.o
  CC      arch/sparc/kernel/chmc.o
  CC      security/keys/request_key.o
  CC      fs/pnode.o
  CC      mm/highmem.o
  CC      kernel/bpf/core.o
  CC      security/keys/request_key_auth.o
  CC      arch/sparc/kernel/ldc.o
  CC      fs/splice.o
  CC      mm/memory.o
  CC      security/keys/user_defined.o
  CC      security/keys/compat.o
  LD      kernel/bpf/built-in.o
  CC      kernel/events/core.o
  CC      arch/sparc/kernel/vio.o
  CC      security/keys/proc.o
  CC      fs/sync.o
  CC      arch/sparc/kernel/viohs.o
  CC      security/keys/sysctl.o
  LD      security/keys/built-in.o
  CC      security/commoncap.o
  CC      fs/utimes.o
  CC      arch/sparc/kernel/ds.o
  CC      fs/stack.o
  CC      security/min_addr.o
  CC      mm/mincore.o
  CC      fs/fs_struct.o
  LD      security/built-in.o
  CC      fs/statfs.o
  CC      arch/sparc/kernel/perf_event.o
  CC      arch/sparc/kernel/jump_label.o
  CC      mm/mlock.o
  CC      fs/fs_pin.o
  CC      fs/nsfs.o
  CC      mm/mmap.o
  AS      arch/sparc/mm/ultra.o
  CC      arch/sparc/mm/tlb.o
  AS      arch/sparc/kernel/head_64.o
  CC      fs/buffer.o
  LDS     arch/sparc/kernel/vmlinux.lds
  LD      arch/sparc/kernel/built-in.o
  LD      arch/sparc/net/built-in.o
  CC      mm/mprotect.o
  CC      arch/sparc/mm/tsb.o
  CC      arch/sparc/mm/gup.o
  CC      kernel/irq/irqdesc.o
  CC      kernel/events/ring_buffer.o
  CC      arch/sparc/mm/fault_64.o
  CC      kernel/irq/handle.o
  CC      mm/mremap.o
  CC      kernel/irq/manage.o
  CC      arch/sparc/mm/init_64.o
  CC      kernel/events/callchain.o
  CC      fs/block_dev.o
  CC      mm/msync.o
  CC      kernel/irq/spurious.o
  LD      kernel/events/built-in.o
  CC      kernel/irq/resend.o
  CC      mm/rmap.o
  CC      mm/vmalloc.o
  CC      kernel/irq/chip.o
  CC      fs/direct-io.o
  CC      mm/pagewalk.o
  CC      arch/sparc/mm/hugetlbpage.o
  CC      kernel/irq/dummychip.o
  CC      kernel/irq/devres.o
  CC      fs/mpage.o
  LD      arch/sparc/mm/built-in.o
  LD      arch/sparc/built-in.o
  CC      crypto/api.o
  CC      kernel/irq/proc.o
  CC      kernel/irq/msi.o
  LD      kernel/livepatch/built-in.o
  CC      fs/proc_namespace.o
  CC      crypto/cipher.o
  CC      mm/pgtable-generic.o
  LD      kernel/irq/built-in.o
  CC      kernel/locking/mutex.o
  CC      crypto/compress.o
  CC      crypto/memneq.o
  CC      fs/debugfs/inode.o
  CC      mm/process_vm_access.o
  CC      mm/init-mm.o
  CC      kernel/locking/semaphore.o
  CC      crypto/crypto_wq.o
  CC      crypto/algapi.o
  CC      mm/nobootmem.o
  CC      fs/debugfs/file.o
  CC      kernel/locking/rwsem.o
  CC      block/bio.o
  CC      kernel/locking/spinlock.o
  CC      kernel/locking/osq_lock.o
  LD      fs/debugfs/debugfs.o
  LD      fs/debugfs/built-in.o
  CC      fs/devpts/inode.o
  CC      mm/fadvise.o
  CC      kernel/locking/lglock.o
  LD      fs/devpts/devpts.o
  LD      fs/devpts/built-in.o
  LD      fs/exofs/built-in.o
  CC      fs/ext4/balloc.o
  CC      mm/madvise.o
  CC      kernel/locking/rtmutex.o
  CC      crypto/scatterwalk.o
  CC      mm/memblock.o
  CC      kernel/locking/rwsem-xadd.o
  CC      block/elevator.o
  CC      crypto/proc.o
  LD      kernel/locking/built-in.o
  CC      kernel/power/qos.o
  CC      crypto/aead.o
  CC      fs/ext4/bitmap.o
  CC      mm/page_io.o
  CC      kernel/power/poweroff.o
  LD      kernel/power/built-in.o
  CC      kernel/printk/printk.o
  CC      fs/ext4/dir.o
  CC      block/blk-core.o
  CC      mm/swap_state.o
  CC      crypto/ablkcipher.o
  CC      fs/ext4/file.o
  CC      mm/swapfile.o
  CC      crypto/blkcipher.o
  CC      fs/ext4/fsync.o
  LD      kernel/printk/built-in.o
  CC      kernel/rcu/update.o
  CC      fs/ext4/ialloc.o
  CC      crypto/chainiv.o
  CC      kernel/rcu/srcu.o
  CC      block/blk-tag.o
  CC      kernel/rcu/tree.o
  CC      crypto/eseqiv.o
  CC      mm/dmapool.o
  CC      crypto/echainiv.o
  CC      block/blk-sysfs.o
  CC      fs/ext4/inode.o
  CC      crypto/ahash.o
  CC      mm/hugetlb.o
  CC      block/blk-flush.o
  CC      crypto/shash.o
  CC      block/blk-settings.o
  LD      kernel/rcu/built-in.o
  CC      kernel/sched/core.o
  CC      crypto/pcompress.o
  CC      block/blk-ioc.o
  CC      crypto/akcipher.o
  CC      crypto/algboss.o
  CC      block/blk-map.o
  CC      mm/mempolicy.o
  CC      block/blk-exec.o
  CC      crypto/testmgr.o
  CC      block/blk-merge.o
  CC      fs/ext4/page-io.o
  CC      crypto/hmac.o
  CC      block/blk-softirq.o
  CC      fs/ext4/ioctl.o
  CC      crypto/xcbc.o
  CC      block/blk-timeout.o
  CC      mm/sparse.o
  CC      block/blk-iopoll.o
  CC      fs/ext4/namei.o
  CC      crypto/crypto_null.o
  CC      mm/sparse-vmemmap.o
  CC      block/blk-lib.o
  CC      crypto/md4.o
  CC      mm/slab.o
  CC      block/blk-mq.o
  CC      crypto/md5.o
  CC      kernel/sched/loadavg.o
  CC      kernel/sched/clock.o
  CC      crypto/sha1_generic.o
  CC      kernel/sched/cputime.o
  CC      kernel/sched/idle_task.o
  CC      crypto/sha256_generic.o
  CC      kernel/sched/fair.o
  CC      fs/ext4/super.o
  CC      block/blk-mq-tag.o
  CC      mm/migrate.o
  CC      crypto/sha512_generic.o
  CC      block/blk-mq-sysfs.o
  CC      crypto/wp512.o
  CC      block/blk-mq-cpu.o
  LD      mm/built-in.o
  CC      block/blk-mq-cpumap.o
  CC      fs/hugetlbfs/inode.o
  CC      crypto/tgr192.o
  CC      block/ioctl.o
  CC      crypto/gf128mul.o
  CC      block/genhd.o
  LD      fs/hugetlbfs/hugetlbfs.o
  LD      fs/hugetlbfs/built-in.o
  CC      crypto/ecb.o
  CC      kernel/sched/rt.o
  CC      kernel/sched/deadline.o
  CC      crypto/cbc.o
  CC      block/scsi_ioctl.o
  CC      crypto/pcbc.o
  CC      crypto/lrw.o
  CC      kernel/sched/stop_task.o
  CC      kernel/sched/wait.o
  CC      kernel/sched/completion.o
  CC      block/partition-generic.o
  CC      kernel/sched/idle.o
  CC      crypto/xts.o
  CC      crypto/des_generic.o
  CC      kernel/sched/cpupri.o
  CC      kernel/sched/cpudeadline.o
  CC      block/ioprio.o
  CC      kernel/sched/stats.o
  LD      kernel/sched/built-in.o
  CC      kernel/time/time.o
  LD      drivers/amba/built-in.o
  LD      drivers/auxdisplay/built-in.o
  CC      drivers/base/component.o
  CC      crypto/fcrypt.o
  CC      block/partitions/check.o
  CC      kernel/time/timer.o
  CC      drivers/base/core.o
  CC      crypto/blowfish_generic.o
  CC      block/partitions/msdos.o
  CC      crypto/blowfish_common.o
  CC      block/partitions/sun.o
  CC      block/partitions/efi.o
  CC      crypto/twofish_generic.o
  CC      drivers/base/bus.o
  CC      kernel/time/hrtimer.o
  CC      crypto/twofish_common.o
  CC      fs/ext4/symlink.o
  CC      drivers/base/dd.o
  CC      fs/ext4/hash.o
  CC      kernel/time/itimer.o
  LD      block/partitions/built-in.o
  CC      block/bounce.o
  CC      crypto/serpent_generic.o
  CC      drivers/base/syscore.o
  CC      fs/ext4/resize.o
  CC      kernel/time/posix-timers.o
  CC      block/bsg.o
  CC      drivers/base/driver.o
  CC      drivers/base/class.o
  CC      block/noop-iosched.o
  CC      kernel/time/posix-cpu-timers.o
  CC      drivers/base/platform.o
  CC      block/deadline-iosched.o
  CC      crypto/aes_generic.o
  CC      block/cfq-iosched.o
  CC      drivers/base/cpu.o
  CC      kernel/time/timekeeping.o
  CC      fs/ext4/extents.o
  CC      drivers/base/firmware.o
  CC      drivers/base/init.o
  CC      drivers/base/map.o
  CC      drivers/base/devres.o
  CC      crypto/camellia_generic.o
  CC      kernel/time/ntp.o
  CC      drivers/base/attribute_container.o
  CC      kernel/time/clocksource.o
  CC      block/compat_ioctl.o
  CC      drivers/base/transport_class.o
  CC      kernel/time/jiffies.o
  CC      crypto/cast_common.o
  CC      kernel/time/timer_list.o
  CC      drivers/base/topology.o
  CC      crypto/cast5_generic.o
  LD      block/built-in.o
  CC      drivers/base/container.o
  CC      kernel/time/timeconv.o
  CC      fs/jbd2/transaction.o
  CC      kernel/time/timecounter.o
  CC      drivers/base/property.o
  CC      kernel/time/posix-clock.o
  CC      crypto/cast6_generic.o
  CC      drivers/base/cacheinfo.o
  CC      kernel/time/alarmtimer.o
  CC      crypto/arc4.o
  LD      drivers/base/power/built-in.o
  CC      fs/jbd2/commit.o
  CC      drivers/base/dma-mapping.o
  CC      kernel/time/clockevents.o
  CC      fs/ext4/ext4_jbd2.o
  CC      crypto/tea.o
  CC      drivers/base/firmware_class.o
  CC      kernel/time/tick-common.o
  CC      fs/ext4/migrate.o
  CC      crypto/khazad.o
  CC      fs/jbd2/recovery.o
  CC      kernel/time/tick-oneshot.o
  CC      drivers/base/node.o
  CC      crypto/anubis.o
  CC      fs/ext4/mballoc.o
  CC      fs/jbd2/checkpoint.o
  CC      kernel/time/tick-sched.o
  CC      crypto/seed.o
  LD      drivers/base/built-in.o
  CC      drivers/block/loop.o
  CC      fs/jbd2/revoke.o
  CC      kernel/time/timekeeping_debug.o
  LD      kernel/time/built-in.o
  CC      kernel/trace/trace_clock.o
  CC      kernel/trace/ring_buffer.o
  CC      crypto/deflate.o
  CC      fs/jbd2/journal.o
  CC      drivers/block/pktcdvd.o
  CC      crypto/michael_mic.o
  CC      crypto/crc32c_generic.o
  CC      kernel/trace/trace.o
  CC      crypto/authenc.o
  CC      drivers/block/sunvdc.o
  CC      fs/ext4/block_validity.o
  LD      fs/jbd2/jbd2.o
  LD      fs/jbd2/built-in.o
  CC      fs/ext4/move_extent.o
  CC      fs/ext4/mmp.o
  CC      crypto/authencesn.o
  CC      drivers/block/nbd.o
  CC      drivers/block/cryptoloop.o
  CC      fs/ext4/indirect.o
  CC      crypto/rng.o
  CC      crypto/drbg.o
  LD      drivers/block/built-in.o
  CC      drivers/block/aoe/aoeblk.o
  CC      drivers/block/aoe/aoechr.o
  CC      kernel/trace/trace_output.o
  CC      kernel/trace/trace_seq.o
  CC      crypto/jitterentropy.o
  CC      crypto/jitterentropy-kcapi.o
  CC      drivers/block/aoe/aoecmd.o
  CC      drivers/block/aoe/aoedev.o
  CC      kernel/trace/trace_stat.o
  CC      fs/ext4/extents_status.o
  CC      crypto/xor.o
  CC      crypto/async_tx/async_tx.o
  CC      kernel/trace/trace_printk.o
  CC      kernel/trace/trace_sched_switch.o
  CC      crypto/async_tx/async_memcpy.o
  CC      kernel/trace/trace_nop.o
  CC      kernel/trace/blktrace.o
  CC      crypto/async_tx/async_xor.o
  CC      fs/ext4/xattr.o
  CC      fs/ext4/xattr_user.o
  CC      drivers/block/aoe/aoemain.o
  CC      crypto/async_tx/async_pq.o
  CC      crypto/async_tx/async_raid6_recov.o
  CC      drivers/block/aoe/aoenet.o
  CC      sound/sound_core.o
  LD      crypto/async_tx/built-in.o
  LD      crypto/crypto.o
  LD      crypto/crypto_algapi.o
  LD      crypto/crypto_blkcipher.o
  LD      crypto/crypto_hash.o
  LD      crypto/cryptomgr.o
  LD      crypto/jitterentropy_rng.o
  LD      crypto/built-in.o
  CC      kernel/trace/trace_events.o
  CC      kernel/trace/trace_export.o
  LD      sound/arm/built-in.o
  LD      sound/atmel/built-in.o
  CC      sound/core/sound.o
  CC      kernel/trace/trace_event_perf.o
  LD      drivers/block/aoe/aoe.o
  LD      drivers/block/aoe/built-in.o
  LD      drivers/bus/built-in.o
  CC      drivers/cdrom/cdrom.o
  CC      sound/core/init.o
  CC      fs/ext4/xattr_trusted.o
  MK_FW   firmware/bnx2/bnx2-mips-09-6.2.1a.fw.gen.S
  IHEX    firmware/bnx2/bnx2-mips-09-6.2.1a.fw
  MK_FW   firmware/bnx2/bnx2-rv2p-09-6.0.17.fw.gen.S
  IHEX    firmware/bnx2/bnx2-rv2p-09-6.0.17.fw
  MK_FW   firmware/bnx2/bnx2-rv2p-09ax-6.0.17.fw.gen.S
  IHEX    firmware/bnx2/bnx2-rv2p-09ax-6.0.17.fw
  MK_FW   firmware/bnx2/bnx2-mips-06-6.2.1.fw.gen.S
  IHEX    firmware/bnx2/bnx2-mips-06-6.2.1.fw
  MK_FW   firmware/bnx2/bnx2-rv2p-06-6.0.15.fw.gen.S
  IHEX    firmware/bnx2/bnx2-rv2p-06-6.0.15.fw
  MK_FW   firmware/tigon/tg3.bin.gen.S
  IHEX    firmware/tigon/tg3.bin
  MK_FW   firmware/tigon/tg3_tso.bin.gen.S
  IHEX    firmware/tigon/tg3_tso.bin
  MK_FW   firmware/tigon/tg3_tso5.bin.gen.S
  IHEX    firmware/tigon/tg3_tso5.bin
  AS      firmware/bnx2/bnx2-mips-09-6.2.1a.fw.gen.o
  AS      firmware/bnx2/bnx2-rv2p-09-6.0.17.fw.gen.o
  AS      firmware/bnx2/bnx2-rv2p-09ax-6.0.17.fw.gen.o
  AS      firmware/bnx2/bnx2-mips-06-6.2.1.fw.gen.o
  AS      firmware/bnx2/bnx2-rv2p-06-6.0.15.fw.gen.o
  AS      firmware/tigon/tg3.bin.gen.o
  AS      firmware/tigon/tg3_tso.bin.gen.o
  AS      firmware/tigon/tg3_tso5.bin.gen.o
  LD      firmware/built-in.o
  CC      kernel/trace/trace_events_filter.o
  CC      sound/drivers/dummy.o
  CC      sound/core/memory.o
  CC      fs/ext4/inline.o
  CC      sound/core/control.o
  CC      sound/drivers/virmidi.o
  LD      drivers/cdrom/built-in.o
  CC      drivers/char/mem.o
  CC      sound/drivers/mtpav.o
  CC      kernel/trace/trace_events_trigger.o
  CC      drivers/char/random.o
  CC      sound/drivers/mpu401/mpu401_uart.o
  CC      sound/core/misc.o
  CC      fs/ext4/readpage.o
  CC      sound/core/device.o
  CC      kernel/trace/power-traces.o
  LD      sound/drivers/mpu401/snd-mpu401-uart.o
  LD      sound/drivers/mpu401/built-in.o
  LD      sound/drivers/opl3/built-in.o
  LD      sound/drivers/opl4/built-in.o
  LD      sound/drivers/pcsp/built-in.o
  LD      sound/drivers/vx/built-in.o
  LD      sound/drivers/snd-dummy.o
  LD      sound/drivers/snd-virmidi.o
  LD      sound/drivers/snd-mtpav.o
  LD      sound/drivers/built-in.o
  CC      sound/core/info.o
  CC      fs/kernfs/mount.o
  LD      fs/ext4/ext4.o
  LD      fs/ext4/built-in.o
  LD      sound/firewire/built-in.o
  CC      sound/core/info_oss.o
  CC      fs/kernfs/inode.o
  CC      fs/kernfs/dir.o
  CC      sound/core/sound_oss.o
  CC      drivers/char/misc.o
  CC      fs/kernfs/file.o
  LD      drivers/char/agp/built-in.o
  CC      sound/core/vmaster.o
  CC      drivers/char/hw_random/core.o
  LD      kernel/trace/built-in.o
  CC      kernel/profile.o
  CC      drivers/char/hw_random/n2-drv.o
  CC      fs/kernfs/symlink.o
  CC      sound/core/timer.o
  CC      sound/core/pcm.o
  LD      fs/kernfs/built-in.o
  CC      fs/nls/nls_base.o
  AS      drivers/char/hw_random/n2-asm.o
  CC      kernel/stacktrace.o
  LD      drivers/char/hw_random/rng-core.o
  LD      drivers/char/hw_random/n2-rng.o
  LD      drivers/char/hw_random/built-in.o
  LD      drivers/char/built-in.o
  LD      drivers/clk/built-in.o
  LD      drivers/clocksource/built-in.o
  LD      fs/nls/built-in.o
  CC      drivers/connector/cn_queue.o
  LD      fs/notify/dnotify/built-in.o
  LD      fs/notify/fanotify/built-in.o
  LD      fs/notify/inotify/built-in.o
  LD      fs/notify/built-in.o
  CC      fs/openpromfs/inode.o
  CC      kernel/futex.o
  LD      sound/hda/built-in.o
  CC      sound/core/pcm_native.o
  CC      drivers/connector/connector.o
  LD      fs/openpromfs/openpromfs.o
  LD      fs/openpromfs/built-in.o
  CC      fs/proc/task_mmu.o
  CC      kernel/futex_compat.o
  CC      drivers/connector/cn_proc.o
  CC      sound/core/pcm_lib.o
  CC      fs/proc/inode.o
  LD      drivers/connector/cn.o
  LD      drivers/connector/built-in.o
  LD      drivers/crypto/built-in.o
  LD      drivers/firewire/built-in.o
  LD      drivers/firmware/broadcom/built-in.o
  LD      drivers/firmware/built-in.o
  LD      drivers/gpio/built-in.o
  LD      drivers/gpu/drm/bridge/built-in.o
  LD      drivers/gpu/drm/i2c/built-in.o
  LD      drivers/gpu/drm/panel/built-in.o
  LD      drivers/gpu/drm/tilcdc/built-in.o
  LD      drivers/gpu/drm/built-in.o
  CC      drivers/gpu/vga/vgaarb.o
  CC      kernel/smp.o
  CC      fs/proc/root.o
  CC      fs/proc/base.o
  CC      kernel/uid16.o
  CC      kernel/kallsyms.o
  LD      drivers/gpu/vga/built-in.o
  LD      drivers/gpu/built-in.o
  CC      drivers/hid/hid-core.o
  CC      sound/core/pcm_timer.o
  CC      sound/core/pcm_misc.o
  CC      kernel/compat.o
  CC      kernel/utsname.o
  CC      sound/core/pcm_memory.o
  CC      drivers/hid/hid-input.o
  CC      fs/proc/generic.o
  CC      sound/core/memalloc.o
  CC      sound/core/rawmidi.o
  CC      kernel/pid_namespace.o
  CC      fs/proc/array.o
  CC      sound/core/oss/mixer_oss.o
  CC      kernel/stop_machine.o
  CC      fs/proc/fd.o
  CC      drivers/hid/hid-debug.o
  CC      kernel/hung_task.o
  CC      fs/proc/proc_tty.o
  CC      sound/core/oss/pcm_oss.o
  CC      fs/proc/cmdline.o
  LD      drivers/hsi/clients/built-in.o
  LD      drivers/hsi/controllers/built-in.o
  LD      drivers/hsi/built-in.o
  CC      sound/core/oss/pcm_plugin.o
  CC      kernel/watchdog.o
  CC      drivers/hid/hid-generic.o
  CC      fs/proc/consoles.o
  CC      fs/proc/cpuinfo.o
  CC      drivers/hid/hid-a4tech.o
  CC      fs/proc/devices.o
  CC      kernel/seccomp.o
  CC      fs/proc/interrupts.o
  LD      sound/i2c/other/built-in.o
  LD      sound/i2c/built-in.o
  CC      drivers/hid/hid-apple.o
  LD      sound/isa/ad1816a/built-in.o
  LD      sound/isa/ad1848/built-in.o
  LD      sound/isa/cs423x/built-in.o
  LD      sound/isa/es1688/built-in.o
  LD      sound/isa/galaxy/built-in.o
  LD      sound/isa/gus/built-in.o
  LD      sound/isa/msnd/built-in.o
  LD      sound/isa/opti9xx/built-in.o
  CC      fs/proc/loadavg.o
  LD      sound/isa/sb/built-in.o
  LD      sound/isa/wavefront/built-in.o
  LD      sound/isa/wss/built-in.o
  LD      sound/isa/built-in.o
  CC      fs/proc/meminfo.o
  CC      kernel/relay.o
  CC      arch/sparc/oprofile/../../../drivers/oprofile/oprof.o
  CC      fs/proc/stat.o
  CC      drivers/hid/hid-belkin.o
  CC      arch/sparc/oprofile/../../../drivers/oprofile/cpu_buffer.o
  CC      drivers/hid/hid-cherry.o
  CC      fs/proc/uptime.o
  CC      kernel/utsname_sysctl.o
  CC      sound/core/oss/io.o
  CC      arch/sparc/oprofile/../../../drivers/oprofile/buffer_sync.o
  CC      fs/proc/version.o
  CC      drivers/hid/hid-chicony.o
  CC      kernel/tracepoint.o
  CC      sound/core/oss/copy.o
  CC      fs/proc/softirqs.o
  CC      arch/sparc/oprofile/../../../drivers/oprofile/event_buffer.o
  CC      drivers/hid/hid-cypress.o
  CC      kernel/elfcore.o
  CC      sound/core/oss/linear.o
  CC      fs/proc/namespaces.o
  CC      arch/sparc/oprofile/../../../drivers/oprofile/oprofile_files.o
  CC      drivers/hid/hid-dr.o
  CC      kernel/irq_work.o
  CC      arch/sparc/oprofile/../../../drivers/oprofile/oprofilefs.o
  CC      drivers/hid/hid-ezkey.o
  CC      sound/core/oss/mulaw.o
  LD      kernel/built-in.o
  CC      drivers/hid/hid-gyration.o
  CC      arch/sparc/oprofile/../../../drivers/oprofile/oprofile_stats.o
  CC      arch/sparc/oprofile/../../../drivers/oprofile/timer_int.o
  CC      fs/proc/self.o
  CC      drivers/hid/hid-kensington.o
  CC      drivers/hid/hid-lg.o
  CC      arch/sparc/oprofile/init.o
  CC      sound/core/oss/route.o
  CC      fs/proc/thread_self.o
  CC      drivers/hid/hid-microsoft.o
  LD      arch/sparc/oprofile/oprofile.o
  LD      arch/sparc/oprofile/built-in.o
  LD      fs/quota/built-in.o
  CC      fs/proc/proc_sysctl.o
  CC      fs/proc/proc_net.o
  CC      sound/core/oss/rate.o
  CC      net/socket.o
  CC      drivers/hid/hid-monterey.o
  CC      drivers/hid/hid-ntrig.o
  LD      sound/core/oss/snd-mixer-oss.o
  LD      sound/core/oss/snd-pcm-oss.o
  LD      sound/core/oss/built-in.o
  CC      sound/core/seq/seq.o
  CC      sound/core/seq/seq_lock.o
  CC      fs/proc/kcore.o
  CC      fs/proc/kmsg.o
  CC      sound/core/seq/seq_clientmgr.o
  CC      drivers/hid/hid-ortek.o
  CC      sound/core/seq/seq_memory.o
  CC      drivers/hid/hid-pl.o
  CC      fs/proc/page.o
  CC      drivers/hid/hid-petalynx.o
  CC      sound/core/seq/seq_queue.o
  CC      drivers/hid/hid-samsung.o
  LD      fs/proc/proc.o
  LD      fs/proc/built-in.o
  CC      fs/ramfs/inode.o
  LD      net/802/built-in.o
  CC      net/8021q/vlan_core.o
  CC      drivers/hid/hid-sjoy.o
  CC      drivers/hid/hid-sunplus.o
  LD      sound/mips/built-in.o
  LD      sound/parisc/built-in.o
  CC      sound/pci/ac97/ac97_codec.o
  CC      fs/ramfs/file-mmu.o
  CC      drivers/hid/hid-gaff.o
  CC      sound/core/seq/seq_fifo.o
  CC      net/8021q/vlan.o
  LD      fs/ramfs/ramfs.o
  LD      fs/ramfs/built-in.o
  CC      fs/sysfs/file.o
  CC      drivers/hid/hid-tmff.o
  CC      sound/core/seq/seq_prioq.o
  CC      drivers/hid/hid-topseed.o
  CC      fs/sysfs/dir.o
  CC      drivers/hid/hid-twinhan.o
  CC      fs/sysfs/symlink.o
  CC      sound/core/seq/seq_timer.o
  CC      net/8021q/vlan_dev.o
  CC      drivers/hid/hid-zpff.o
  CC      fs/sysfs/mount.o
  CC      sound/core/seq/seq_system.o
  CC      drivers/hid/usbhid/hid-core.o
  CC      fs/sysfs/group.o
  LD      fs/sysfs/built-in.o
  CC      sound/core/seq/seq_ports.o
  CC      fs/tracefs/inode.o
  CC      net/8021q/vlan_netlink.o
  CC      sound/core/seq/seq_info.o
  LD      fs/tracefs/tracefs.o
  LD      fs/tracefs/built-in.o
  CC      fs/eventpoll.o
  CC      drivers/hid/usbhid/hid-quirks.o
  CC      net/8021q/vlanproc.o
  CC      sound/core/seq/seq_device.o
  CC      sound/pci/ac97/ac97_pcm.o
  CC      drivers/hid/usbhid/hiddev.o
  CC      sound/core/seq/seq_midi_event.o
  LD      net/8021q/8021q.o
  LD      net/8021q/built-in.o
  CC      net/core/sock.o
  CC      sound/pci/ac97/ac97_proc.o
  CC      sound/core/seq/oss/seq_oss.o
  CC      fs/anon_inodes.o
  CC      sound/core/seq/oss/seq_oss_init.o
  CC      fs/signalfd.o
  LD      drivers/hid/usbhid/usbhid.o
  LD      drivers/hid/usbhid/built-in.o
  LD      drivers/hid/hid.o
  LD      drivers/hid/hid-logitech.o
  LD      drivers/hid/built-in.o
  CC      drivers/hwmon/hwmon.o
  LD      sound/pci/ac97/snd-ac97-codec.o
  LD      sound/pci/ac97/built-in.o
  CC      sound/pci/ali5451/ali5451.o
  CC      sound/core/seq/oss/seq_oss_timer.o
  LD      drivers/hwmon/built-in.o
  CC      drivers/i2c/i2c-boardinfo.o
  CC      fs/timerfd.o
  CC      drivers/i2c/i2c-core.o
  CC      sound/core/seq/oss/seq_oss_ioctl.o
  CC      net/core/request_sock.o
  CC      sound/core/seq/oss/seq_oss_event.o
  LD      sound/pci/ali5451/snd-ali5451.o
  CC      fs/eventfd.o
  LD      sound/pci/ali5451/built-in.o
  LD      sound/pci/asihpi/built-in.o
  LD      sound/pci/au88x0/built-in.o
  LD      sound/pci/aw2/built-in.o
  LD      sound/pci/ca0106/built-in.o
  LD      sound/pci/cs46xx/built-in.o
  LD      sound/pci/cs5535audio/built-in.o
  LD      sound/pci/ctxfi/built-in.o
  LD      sound/pci/echoaudio/built-in.o
  LD      sound/pci/emu10k1/built-in.o
  LD      sound/pci/hda/built-in.o
  LD      sound/pci/ice1712/built-in.o
  LD      sound/pci/korg1212/built-in.o
  LD      sound/pci/lola/built-in.o
  LD      sound/pci/lx6464es/built-in.o
  LD      sound/pci/mixart/built-in.o
  LD      sound/pci/nm256/built-in.o
  CC      net/core/skbuff.o
  LD      sound/pci/oxygen/built-in.o
  LD      sound/pci/pcxhr/built-in.o
  LD      sound/pci/riptide/built-in.o
  LD      sound/pci/rme9652/built-in.o
  CC      sound/core/seq/oss/seq_oss_rw.o
  LD      sound/pci/trident/built-in.o
  LD      sound/pci/vx222/built-in.o
  LD      sound/pci/ymfpci/built-in.o
  LD      sound/pci/built-in.o
  CC      fs/aio.o
  CC      sound/core/seq/oss/seq_oss_synth.o
  CC      lib/lockref.o
  CC      lib/bcd.o
  CC      lib/div64.o
  CC      lib/sort.o
  CC      lib/parser.o
  CC      lib/halfmd4.o
  CC      lib/debug_locks.o
  CC      drivers/i2c/algos/i2c-algo-bit.o
  CC      lib/random32.o
  CC      sound/core/seq/oss/seq_oss_midi.o
  CC      lib/bust_spinlocks.o
  CC      fs/locks.o
  LD      drivers/i2c/algos/built-in.o
  LD      drivers/i2c/busses/built-in.o
  LD      drivers/i2c/muxes/built-in.o
  LD      drivers/i2c/built-in.o
  CC      drivers/ide/ide.o
  CC      lib/kasprintf.o
  CC      sound/core/seq/oss/seq_oss_readq.o
  CC      lib/bitmap.o
  CC      sound/core/seq/oss/seq_oss_writeq.o
  CC      drivers/ide/ide-ioctls.o
  CC      lib/scatterlist.o
  LD      sound/core/seq/oss/snd-seq-oss.o
  LD      sound/core/seq/oss/built-in.o
  CC      sound/core/seq/seq_dummy.o
  CC      net/core/datagram.o
  CC      drivers/ide/ide-io.o
  CC      fs/compat.o
  CC      sound/core/seq/seq_virmidi.o
  CC      lib/gcd.o
  CC      sound/core/seq/seq_midi.o
  CC      lib/lcm.o
  CC      lib/list_sort.o
  CC      drivers/ide/ide-iops.o
  CC      lib/uuid.o
  CC      lib/flex_array.o
  CC      net/core/stream.o
  CC      fs/compat_ioctl.o
  LD      sound/core/seq/snd-seq.o
  LD      sound/core/seq/snd-seq-device.o
  LD      sound/core/seq/snd-seq-midi-event.o
  LD      sound/core/seq/snd-seq-dummy.o
  LD      sound/core/seq/snd-seq-virmidi.o
  CC      lib/iov_iter.o
  LD      sound/core/seq/snd-seq-midi.o
  LD      sound/core/seq/built-in.o
  LD      sound/core/snd.o
  LD      sound/core/snd-timer.o
  LD      sound/core/snd-pcm.o
  LD      sound/core/snd-rawmidi.o
  LD      sound/core/built-in.o
  LD      sound/pcmcia/pdaudiocf/built-in.o
  LD      sound/pcmcia/vx/built-in.o
  LD      sound/pcmcia/built-in.o
  LD      sound/ppc/built-in.o
  LD      sound/sh/built-in.o
  LD      sound/soc/built-in.o
  CC      sound/sparc/cs4231.o
  CC      drivers/ide/ide-lib.o
  CC      drivers/ide/ide-probe.o
  CC      net/core/scm.o
  LD      sound/sparc/snd-sun-cs4231.o
  LD      sound/sparc/built-in.o
  LD      sound/spi/built-in.o
  LD      sound/synth/emux/built-in.o
  LD      sound/synth/built-in.o
  LD      sound/usb/6fire/built-in.o
  CC      lib/clz_ctz.o
  LD      sound/usb/bcd2000/built-in.o
  LD      sound/usb/caiaq/built-in.o
  LD      sound/usb/hiface/built-in.o
  LD      sound/usb/misc/built-in.o
  LD      sound/usb/usx2y/built-in.o
  LD      sound/usb/built-in.o
  CC      sound/ac97_bus.o
  CC      lib/bsearch.o
  CC      lib/find_bit.o
  CC      net/core/gen_stats.o
  CC      fs/binfmt_misc.o
  CC      lib/llist.o
  CC      lib/memweight.o
  CC      lib/kfifo.o
  CC      sound/last.o
  CC      drivers/ide/ide-taskfile.o
  LD      sound/soundcore.o
  LD      sound/built-in.o
  CC      drivers/ide/ide-pm.o
  CC      net/core/gen_estimator.o
  CC      lib/percpu-refcount.o
  CC      fs/binfmt_script.o
  CC      fs/binfmt_elf.o
  CC      drivers/ide/ide-park.o
  CC      lib/percpu_ida.o
  CC      net/core/net_namespace.o
  CC      drivers/ide/ide-sysfs.o
  CC      lib/rhashtable.o
  CC      net/ethernet/eth.o
  CC      drivers/ide/ide-devsets.o
  CC      net/core/secure_seq.o
  CC      fs/compat_binfmt_elf.o
  CC      drivers/ide/ide-io-std.o
  CC      net/core/flow_dissector.o
  CC      lib/reciprocal_div.o
  CC      lib/string_helpers.o
  CC      lib/hexdump.o
  LD      net/ethernet/built-in.o
  CC      net/ipv4/route.o
  CC      drivers/ide/ide-eh.o
  CC      lib/kstrtox.o
  CC      lib/pci_iomap.o
  CC      net/core/sysctl_net_core.o
  CC      drivers/ide/ide-pio-blacklist.o
  CC      lib/iomap_copy.o
  CC      fs/mbcache.o
  CC      lib/devres.o
  CC      lib/hweight.o
  CC      drivers/ide/ide-xfer-mode.o
  CC      net/core/dev.o
  CC      lib/assoc_array.o
  CC      fs/coredump.o
  CC      drivers/ide/ide-timings.o
  CC      net/ipv4/inetpeer.o
  CC      fs/drop_caches.o
  CC      lib/bitrev.o
  CC      drivers/ide/ide-atapi.o
  CC      lib/crc-ccitt.o
  CC      fs/dcookies.o
  CC      lib/crc16.o
  HOSTCC  lib/gen_crc32table
  CC      lib/libcrc32c.o
  CC      drivers/ide/setup-pci.o
  CC      net/ipv4/protocol.o
  CC      lib/fonts/fonts.o
  LD      fs/built-in.o
  CC      net/ipv4/ip_input.o
  CC      lib/fonts/font_sun8x16.o
  LD      lib/fonts/font.o
  LD      lib/fonts/built-in.o
  CC      lib/lz4/lz4_decompress.o
  CC      drivers/ide/ide-dma.o
  CC      drivers/ide/ide-dma-sff.o
  LD      lib/lz4/built-in.o
  CC      lib/lzo/lzo1x_decompress_safe.o
  LD      lib/lzo/lzo_decompress.o
  LD      lib/lzo/built-in.o
  CC      lib/raid6/algos.o
  CC      lib/raid6/recov.o
  CC      drivers/ide/ide-proc.o
  CC      net/ipv4/ip_fragment.o
  CC      net/ipv4/ip_forward.o
  HOSTCC  lib/raid6/mktables
  UNROLL  lib/raid6/int1.c
  UNROLL  lib/raid6/int2.c
  UNROLL  lib/raid6/int4.c
  UNROLL  lib/raid6/int8.c
  UNROLL  lib/raid6/int16.c
  UNROLL  lib/raid6/int32.c
  TABLE   lib/raid6/tables.c
  CC      lib/raid6/int1.o
  CC      drivers/ide/alim15x3.o
  CC      drivers/ide/ide-scan-pci.o
  CC      lib/raid6/int2.o
  CC      net/ipv4/ip_options.o
  CC      net/core/ethtool.o
  CC      net/ipv4/ip_output.o
  CC      drivers/ide/ide-gd.o
  CC      lib/raid6/int4.o
  CC      lib/raid6/int8.o
  CC      lib/raid6/int16.o
  CC      drivers/ide/ide-disk.o
  CC      lib/raid6/int32.o
  CC      drivers/ide/ide-disk_ioctl.o
  CC      net/core/dev_addr_lists.o
  CC      lib/raid6/tables.o
  CC      drivers/ide/ide-disk_proc.o
  CC      net/ipv4/ip_sockglue.o
  CC      drivers/ide/ide-cd.o
  CC      drivers/ide/ide-cd_ioctl.o
  LD      lib/raid6/raid6_pq.o
  LD      lib/raid6/built-in.o
  CC      lib/xz/xz_dec_syms.o
  CC      net/core/dst.o
  CC      lib/xz/xz_dec_stream.o
  CC      lib/xz/xz_dec_lzma2.o
  CC      lib/xz/xz_dec_bcj.o
  CC      net/core/netevent.o
  CC      drivers/ide/ide-cd_verbose.o
  CC      net/ipv4/inet_hashtables.o
  CC      net/ipv4/inet_timewait_sock.o
  LD      lib/xz/xz_dec.o
  LD      lib/xz/built-in.o
  CC      lib/zlib_deflate/deflate.o
  LD      drivers/ide/ide-core.o
  LD      drivers/ide/ide-gd_mod.o
  LD      drivers/ide/ide-cd_mod.o
  LD      drivers/ide/built-in.o
  LD      drivers/idle/built-in.o
  CC      drivers/input/input.o
  CC      net/core/neighbour.o
  CC      lib/zlib_deflate/deftree.o
  CC      net/ipv4/inet_connection_sock.o
  CC      net/ipv4/tcp.o
  CC      lib/zlib_deflate/deflate_syms.o
  CC      drivers/input/input-compat.o
  LD      lib/zlib_deflate/zlib_deflate.o
  LD      lib/zlib_deflate/built-in.o
  CC      lib/zlib_inflate/inffast.o
  CC      drivers/input/input-mt.o
  CC      lib/zlib_inflate/inflate.o
  CC      net/ipv4/tcp_input.o
  CC      drivers/input/ff-core.o
  CC      lib/zlib_inflate/infutil.o
  CC      net/core/rtnetlink.o
  CC      drivers/input/mousedev.o
  CC      lib/zlib_inflate/inftrees.o
  CC      lib/zlib_inflate/inflate_syms.o
  LD      lib/zlib_inflate/zlib_inflate.o
  LD      lib/zlib_inflate/built-in.o
  CC      lib/percpu_counter.o
  CC      lib/iommu-helper.o
  CC      lib/iommu-common.o
  CC      lib/syscall.o
  CC      drivers/input/evdev.o
  CC      lib/nlattr.o
  CC      lib/cpu_rmap.o
  CC      lib/dynamic_queue_limits.o
  CC      lib/strncpy_from_user.o
  CC      net/ipv4/tcp_output.o
  CC      lib/strnlen_user.o
  CC      drivers/input/keyboard/atkbd.o
  CC      lib/net_utils.o
  CC      net/core/utils.o
  CC      lib/argv_split.o
  CC      lib/cmdline.o
  CC      lib/cpumask.o
  CC      lib/ctype.o
  CC      net/ipv6/af_inet6.o
  CC      lib/dec_and_lock.o
  CC      drivers/input/keyboard/lkkbd.o
  CC      lib/decompress.o
  CC      lib/decompress_bunzip2.o
  CC      net/core/link_watch.o
  CC      drivers/input/keyboard/sunkbd.o
  CC      lib/decompress_inflate.o
  CC      lib/decompress_unlz4.o
  CC      net/ipv6/anycast.o
  LD      drivers/input/keyboard/built-in.o
  CC      drivers/input/misc/sparcspkr.o
  CC      net/core/filter.o
  CC      lib/decompress_unlzma.o
  CC      net/ipv4/tcp_timer.o
  LD      drivers/input/misc/built-in.o
  CC      drivers/input/mouse/psmouse-base.o
  CC      lib/decompress_unlzo.o
  CC      net/ipv6/ip6_output.o
  CC      lib/decompress_unxz.o
  CC      net/ipv4/tcp_ipv4.o
  CC      lib/dump_stack.o
  CC      net/core/sock_diag.o
  CC      lib/earlycpio.o
  CC      lib/extable.o
  CC      lib/flex_proportions.o
  CC      drivers/input/mouse/synaptics.o
  CC      net/core/dev_ioctl.o
  CC      lib/idr.o
  CC      net/core/tso.o
  CC      net/ipv4/tcp_minisocks.o
  CC      drivers/input/mouse/focaltech.o
  CC      net/ipv6/ip6_input.o
  CC      lib/int_sqrt.o
  CC      lib/ioremap.o
  CC      net/core/flow.o
  CC      lib/irq_regs.o
  CC      drivers/input/mouse/alps.o
  CC      lib/is_single_threaded.o
  CC      lib/klist.o
  CC      net/ipv4/tcp_cong.o
  CC      net/ipv6/addrconf.o
  CC      net/core/net-sysfs.o
  CC      lib/kobject.o
  CC      net/ipv4/tcp_metrics.o
  CC      drivers/input/mouse/logips2pp.o
  CC      lib/kobject_uevent.o
  CC      net/core/net-procfs.o
  CC      drivers/input/mouse/trackpoint.o
  CC      lib/md5.o
  CC      lib/plist.o
  CC      net/ipv4/tcp_fastopen.o
  CC      net/core/pktgen.o
  CC      lib/proportions.o
  CC      drivers/input/mouse/cypress_ps2.o
  CC      lib/radix-tree.o
  CC      net/ipv4/tcp_offload.o
  CC      drivers/input/mouse/sermouse.o
  LD      drivers/input/mouse/psmouse.o
  LD      drivers/input/mouse/built-in.o
  LD      drivers/input/input-core.o
  LD      drivers/input/built-in.o
  CC      drivers/input/serio/serio.o
  CC      lib/ratelimit.o
  CC      lib/rbtree.o
  CC      net/ipv6/addrlabel.o
  CC      net/ipv4/datagram.o
  CC      lib/seq_buf.o
  CC      drivers/input/serio/i8042.o
  CC      lib/sha1.o
  CC      net/ipv4/raw.o
  CC      net/ipv6/route.o
  CC      lib/show_mem.o
  CC      lib/string.o
  CC      drivers/input/serio/pcips2.o
  CC      net/core/net-traces.o
  CC      lib/timerqueue.o
  CC      lib/vsprintf.o
  CC      net/ipv4/udp.o
  CC      drivers/input/serio/libps2.o
  CC      net/core/ptp_classifier.o
  CC      drivers/input/serio/serio_raw.o
  LD      net/core/built-in.o
  LD      drivers/input/serio/built-in.o
  CC      net/ipv4/udplite.o
  GEN     lib/crc32table.h
  AR      lib/lib.a
  LD      drivers/iommu/built-in.o
  CC      lib/crc32.o
  LD      drivers/irqchip/built-in.o
  LD      drivers/leds/built-in.o
  LD      drivers/lguest/built-in.o
  LD      drivers/macintosh/built-in.o
  CC      drivers/md/linear.o
  CC      net/ipv6/ip6_fib.o
  CC      net/ipv6/ipv6_sockglue.o
  CC      drivers/md/raid0.o
  CC      net/ipv4/udp_offload.o
  LD      lib/built-in.o
  LD      arch/sparc/prom/built-in.o
  CC      arch/sparc/prom/bootstr_64.o
  CC      drivers/md/raid1.o
  AS      arch/sparc/prom/cif.o
  CC      arch/sparc/prom/console_64.o
  CC      net/ipv4/arp.o
  CC      net/ipv4/icmp.o
  CC      arch/sparc/prom/init_64.o
  CC      net/ipv6/ndisc.o
  CC      arch/sparc/prom/misc_64.o
  CC      arch/sparc/prom/p1275.o
  CC      net/ipv4/devinet.o
  CC      arch/sparc/prom/printf.o
  CC      arch/sparc/prom/tree_64.o
  CC      net/ipv4/af_inet.o
  CC      drivers/md/raid10.o
  AR      arch/sparc/prom/lib.a
  CC      drivers/md/raid5.o
  CC      net/ipv6/udp.o
  CC      net/ipv6/udplite.o
  CC      net/ipv4/igmp.o
  CC      arch/sparc/lib/iomap.o
  CC      arch/sparc/lib/ksyms.o
  CC      arch/sparc/lib/PeeCeeI.o
  CC      net/ipv6/raw.o
  AS      arch/sparc/lib/GENbzero.o
  AS      arch/sparc/lib/GENcopy_from_user.o
  AS      arch/sparc/lib/GENcopy_to_user.o
  AS      arch/sparc/lib/GENmemcpy.o
  AS      arch/sparc/lib/GENpage.o
  AS      arch/sparc/lib/GENpatch.o
  AS      arch/sparc/lib/NG2copy_from_user.o
  AS      arch/sparc/lib/NG2copy_to_user.o
  AS      arch/sparc/lib/NG2memcpy.o
  AS      arch/sparc/lib/NG2patch.o
  AS      arch/sparc/lib/NG4clear_page.o
  CC      net/ipv4/fib_frontend.o
  AS      arch/sparc/lib/NG4copy_from_user.o
  AS      arch/sparc/lib/NG4copy_page.o
  AS      arch/sparc/lib/NG4copy_to_user.o
  AS      arch/sparc/lib/NG4memcpy.o
  AS      arch/sparc/lib/NG4memset.o
  AS      arch/sparc/lib/NG4patch.o
  AS      arch/sparc/lib/NGbzero.o
  AS      arch/sparc/lib/NGcopy_from_user.o
  AS      arch/sparc/lib/NGcopy_to_user.o
  AS      arch/sparc/lib/NGmemcpy.o
  AS      arch/sparc/lib/NGpage.o
  AS      arch/sparc/lib/NGpatch.o
  AS      arch/sparc/lib/U1copy_from_user.o
  AS      arch/sparc/lib/U1copy_to_user.o
  AS      arch/sparc/lib/U1memcpy.o
  AS      arch/sparc/lib/U3copy_from_user.o
  AS      arch/sparc/lib/U3copy_to_user.o
  AS      arch/sparc/lib/U3memcpy.o
  AS      arch/sparc/lib/U3patch.o
  AS      arch/sparc/lib/VISsave.o
  LD      drivers/media/common/b2c2/built-in.o
  AS      arch/sparc/lib/atomic_64.o
  LD      drivers/media/common/saa7146/built-in.o
  LD      drivers/media/common/siano/built-in.o
  AS      arch/sparc/lib/bitops.o
  LD      drivers/media/common/built-in.o
  LD      drivers/media/firewire/built-in.o
  AS      arch/sparc/lib/bzero.o
  LD      drivers/media/i2c/soc_camera/built-in.o
  LD      drivers/media/i2c/built-in.o
  AS      arch/sparc/lib/checksum_64.o
  LD      drivers/media/mmc/siano/built-in.o
  AS      arch/sparc/lib/clear_page.o
  LD      drivers/media/mmc/built-in.o
  LD      drivers/media/pci/b2c2/built-in.o
  AS      arch/sparc/lib/copy_in_user.o
  LD      drivers/media/pci/ddbridge/built-in.o
  AS      arch/sparc/lib/copy_page.o
  LD      drivers/media/pci/dm1105/built-in.o
  LD      drivers/media/pci/mantis/built-in.o
  AS      arch/sparc/lib/csum_copy.o
  LD      drivers/media/pci/ngene/built-in.o
  AS      arch/sparc/lib/csum_copy_from_user.o
  LD      drivers/media/pci/pluto2/built-in.o
  LD      drivers/media/pci/pt1/built-in.o
  AS      arch/sparc/lib/csum_copy_to_user.o
  LD      drivers/media/pci/pt3/built-in.o
  AS      arch/sparc/lib/ffs.o
  LD      drivers/media/pci/saa7146/built-in.o
  LD      drivers/media/pci/smipcie/built-in.o
  AS      arch/sparc/lib/hweight.o
  LD      drivers/media/pci/ttpci/built-in.o
  LD      drivers/media/pci/built-in.o
  AS      arch/sparc/lib/ipcsum.o
  AS      arch/sparc/lib/mcount.o
  LD      drivers/media/platform/omap/built-in.o
  LD      drivers/media/platform/built-in.o
  AS      arch/sparc/lib/memcmp.o
  LD      drivers/media/rc/keymaps/built-in.o
  AS      arch/sparc/lib/memmove.o
  LD      drivers/media/rc/built-in.o
  LD      drivers/media/tuners/built-in.o
  AS      arch/sparc/lib/memscan_64.o
  LD      drivers/media/usb/b2c2/built-in.o
  AS      arch/sparc/lib/strlen.o
  LD      drivers/media/usb/dvb-usb/built-in.o
  AS      arch/sparc/lib/strncmp_64.o
  LD      drivers/media/usb/dvb-usb-v2/built-in.o
  LD      drivers/media/usb/s2255/built-in.o
  CC      arch/sparc/lib/user_fixup.o
  LD      drivers/media/usb/siano/built-in.o
  LD      drivers/media/usb/stkwebcam/built-in.o
  LD      drivers/media/usb/ttusb-budget/built-in.o
  LD      drivers/media/usb/ttusb-dec/built-in.o
  LD      drivers/media/usb/zr364xx/built-in.o
  LD      drivers/media/usb/built-in.o
  LD      drivers/media/built-in.o
  LD      drivers/mfd/built-in.o
  CC      net/ipv6/icmp.o
  LD      drivers/misc/cb710/built-in.o
  LD      drivers/misc/eeprom/built-in.o
  LD      drivers/misc/lis3lv02d/built-in.o
  AS      arch/sparc/lib/xor.o
  LD      drivers/misc/mic/bus/built-in.o
  LD      drivers/misc/mic/built-in.o
  CC      net/ipv4/fib_semantics.o
  LD      arch/sparc/lib/built-in.o
  LD      drivers/misc/ti-st/built-in.o
  AR      arch/sparc/lib/lib.a
  LD      drivers/misc/built-in.o
  CC      net/ipv4/fib_trie.o
  CC      net/ipv4/inet_fragment.o
  CC      net/ipv6/mcast.o
  LD      drivers/mmc/built-in.o
  CC      drivers/net/Space.o
  CC      drivers/net/loopback.o
  CC      net/ipv4/ping.o
  CC      drivers/md/multipath.o
  CC      net/ipv4/ip_tunnel_core.o
  LD      drivers/net/ethernet/3com/built-in.o
  LD      drivers/net/ethernet/8390/built-in.o
  LD      drivers/net/ethernet/adaptec/built-in.o
  LD      drivers/net/ethernet/agere/built-in.o
  LD      drivers/net/ethernet/alteon/built-in.o
  CC      drivers/net/ethernet/amd/sunlance.o
  CC      drivers/md/md.o
  CC      drivers/md/bitmap.o
  CC      net/ipv6/reassembly.o
  CC      net/ipv4/gre_offload.o
  LD      drivers/net/ethernet/amd/built-in.o
  LD      drivers/net/ethernet/arc/built-in.o
  LD      drivers/net/ethernet/atheros/built-in.o
  CC      drivers/net/ethernet/broadcom/bnx2.o
  CC      net/ipv4/ip_tunnel.o
  CC      net/ipv6/tcp_ipv6.o
  CC      drivers/md/dm.o
  CC      net/ipv4/sysctl_net_ipv4.o
  CC      net/ipv6/ping.o
  CC      net/ipv4/proc.o
  CC      net/ipv6/exthdrs.o
  CC      drivers/md/dm-table.o
  CC      net/ipv4/ipmr.o
  CC      drivers/md/dm-target.o
  CC      net/ipv6/datagram.o
  CC      drivers/md/dm-linear.o
  CC      drivers/md/dm-stripe.o
  CC      drivers/net/ethernet/broadcom/tg3.o
  CC      drivers/md/dm-ioctl.o
  CC      net/ipv6/ip6_flowlabel.o
  CC      drivers/net/phy/phy.o
  CC      net/ipv4/ipip.o
  CC      drivers/md/dm-io.o
  CC      net/ipv6/inet6_connection_sock.o
  CC      drivers/net/phy/phy_device.o
  CC      drivers/md/dm-kcopyd.o
  CC      net/ipv4/syncookies.o
  CC      net/ipv6/sysctl_net_ipv6.o
  CC      drivers/md/dm-sysfs.o
  CC      net/ipv4/ah4.o
  CC      drivers/net/phy/mdio_bus.o
  CC      drivers/md/dm-stats.o
  CC      net/ipv6/xfrm6_policy.o
  LD      drivers/net/phy/libphy.o
  LD      drivers/net/phy/built-in.o
  CC      net/ipv6/xfrm6_state.o
  CC      net/ipv4/esp4.o
  CC      net/ipv4/ipcomp.o
  CC      drivers/md/dm-builtin.o
  CC      net/ipv6/xfrm6_input.o
  CC      drivers/md/dm-bufio.o
  CC      drivers/md/dm-crypt.o
  CC      net/ipv4/xfrm4_tunnel.o
  CC      net/ipv6/xfrm6_output.o
  CC      drivers/md/dm-snap.o
  CC      net/ipv4/xfrm4_mode_beet.o
  CC      net/ipv6/xfrm6_protocol.o
  CC      net/ipv6/proc.o
  CC      net/ipv4/inet_lro.o
  CC      net/ipv6/syncookies.o
  CC      drivers/md/dm-exception-store.o
  CC      net/ipv6/ah6.o
  CC      net/ipv4/tunnel4.o
  CC      net/ipv4/xfrm4_mode_transport.o
  CC      drivers/md/dm-snap-transient.o
  CC      drivers/md/dm-snap-persistent.o
  CC      net/ipv6/esp6.o
  CC      net/ipv4/xfrm4_mode_tunnel.o
  CC      drivers/net/ppp/ppp_generic.o
  CC      drivers/md/dm-raid1.o
  CC      net/ipv4/inet_diag.o
  CC      net/ipv6/ipcomp6.o
  CC      drivers/md/dm-log.o
  CC      net/ipv4/tcp_diag.o
  LD      drivers/net/ethernet/broadcom/built-in.o
  LD      drivers/net/ethernet/brocade/built-in.o
  LD      drivers/net/ethernet/cadence/built-in.o
  LD      drivers/net/ethernet/cavium/liquidio/built-in.o
  LD      drivers/net/ethernet/cavium/thunder/built-in.o
  LD      drivers/net/ethernet/cavium/built-in.o
  CC      drivers/net/ppp/ppp_async.o
  LD      drivers/net/ethernet/chelsio/built-in.o
  LD      drivers/net/ethernet/cisco/built-in.o
  LD      drivers/net/ethernet/dec/built-in.o
  LD      drivers/net/ethernet/dlink/built-in.o
  LD      drivers/net/ethernet/emulex/built-in.o
  LD      drivers/net/ethernet/ezchip/built-in.o
  LD      drivers/net/ethernet/hp/built-in.o
  LD      drivers/net/ethernet/i825xx/built-in.o
  CC      drivers/net/ethernet/intel/e1000/e1000_main.o
  CC      net/ipv6/xfrm6_tunnel.o
  CC      drivers/md/dm-region-hash.o
  CC      net/ipv4/tcp_cubic.o
  CC      drivers/md/dm-zero.o
  CC      net/ipv6/tunnel6.o
  CC      drivers/net/ppp/bsd_comp.o
  CC      net/ipv4/xfrm4_policy.o
  LD      drivers/md/raid456.o
  LD      drivers/md/md-mod.o
  LD      drivers/md/dm-mod.o
  LD      drivers/md/dm-snapshot.o
  LD      drivers/md/dm-mirror.o
  LD      drivers/md/built-in.o
  CC      net/ipv4/xfrm4_state.o
  CC      net/ipv6/xfrm6_mode_transport.o
  CC      drivers/net/ppp/ppp_deflate.o
  CC      drivers/net/ppp/ppp_mppe.o
  CC      net/ipv4/xfrm4_input.o
  CC      net/ipv4/xfrm4_output.o
  CC      net/ipv6/xfrm6_mode_tunnel.o
  CC      drivers/net/ppp/ppp_synctty.o
  CC      net/ipv6/xfrm6_mode_beet.o
  CC      net/ipv4/xfrm4_protocol.o
  CC      drivers/net/ppp/pppox.o
  LD      drivers/nfc/built-in.o
  CC      drivers/of/base.o
  CC      net/ipv6/sit.o
  LD      net/ipv4/built-in.o
  CC      drivers/net/ppp/pppoe.o
  CC      net/key/af_key.o
  CC      drivers/net/ethernet/intel/e1000/e1000_hw.o
  LD      drivers/net/ppp/built-in.o
  CC      drivers/net/slip/slhc.o
  CC      drivers/of/device.o
  CC      net/ipv6/ip6_tunnel.o
  CC      drivers/of/platform.o
  LD      drivers/net/slip/built-in.o
  CC      drivers/of/pdt.o
  CC      drivers/net/ethernet/intel/e1000/e1000_ethtool.o
  CC      drivers/of/of_net.o
  CC      net/netlink/af_netlink.o
  LD      net/key/built-in.o
  CC      net/ipv6/addrconf_core.o
  CC      drivers/of/of_mdio.o
  CC      drivers/net/ethernet/intel/e1000/e1000_param.o
  CC      net/ipv6/exthdrs_core.o
  CC      drivers/net/ethernet/intel/e1000e/82571.o
  CC      drivers/of/of_pci.o
  CC      net/ipv6/ip6_checksum.o
  LD      drivers/net/ethernet/intel/e1000/e1000.o
  LD      drivers/net/ethernet/intel/e1000/built-in.o
  CC      net/ipv6/ip6_icmp.o
  LD      drivers/of/built-in.o
  CC      net/ipv6/output_core.o
  CC      net/netlink/genetlink.o
  LD      drivers/net/usb/built-in.o
  CC      net/ipv6/protocol.o
  CC      net/ipv6/ip6_offload.o
  CC      drivers/net/ethernet/intel/e1000e/ich8lan.o
  CC      net/ipv6/tcpv6_offload.o
  CC      net/ipv6/udp_offload.o
  CC      drivers/net/ethernet/intel/e1000e/80003es2lan.o
  LD      net/netlink/built-in.o
  CC      net/packet/af_packet.o
  CC      net/sched/sch_generic.o
  CC      net/ipv6/exthdrs_offload.o
  CC      drivers/net/ethernet/intel/e1000e/mac.o
  CC      net/ipv6/inet6_hashtables.o
  CC      net/sched/sch_mq.o
  CC      net/unix/af_unix.o
  CC      net/ipv6/mcast_snoop.o
  LD      net/sched/built-in.o
  CC      net/unix/garbage.o
  CC      drivers/net/ethernet/intel/e1000e/manage.o
  LD      net/packet/built-in.o
  CC      drivers/net/ethernet/intel/e1000e/nvm.o
  LD      net/ipv6/ipv6.o
  LD      net/ipv6/built-in.o
  CC      net/unix/sysctl_net_unix.o
  CC      drivers/net/sungem_phy.o
  LD      net/wireless/built-in.o
  CC      drivers/net/ethernet/intel/e1000e/phy.o
  CC      net/xfrm/xfrm_policy.o
  CC      net/compat.o
  CC      net/sysctl_net.o
  LD      net/unix/unix.o
  LD      net/unix/built-in.o
  CC      drivers/net/ethernet/intel/e1000e/param.o
  CC      net/xfrm/xfrm_state.o
  CC      net/xfrm/xfrm_hash.o
  CC      drivers/net/ethernet/intel/e1000e/ethtool.o
  CC      net/xfrm/xfrm_input.o
  CC      drivers/pci/access.o
  CC      drivers/pci/bus.o
  CC      drivers/net/ethernet/intel/e1000e/netdev.o
  CC      drivers/pci/probe.o
  CC      drivers/pci/host-bridge.o
drivers/net/ethernet/intel/e1000e/netdev.c:6450:13: warning: 'e1000e_disable_aspm_locked' defined but not used [-Wunused-function]
 static void e1000e_disable_aspm_locked(struct pci_dev *pdev, u16 state)
             ^
  CC      drivers/pci/remove.o
  CC      net/xfrm/xfrm_output.o
  CC      drivers/pci/pci.o
  CC      drivers/pci/pci-driver.o
  CC      net/xfrm/xfrm_sysctl.o
  CC      net/xfrm/xfrm_replay.o
  CC      drivers/pci/search.o
  LD      drivers/pinctrl/freescale/built-in.o
  LD      drivers/pinctrl/nomadik/built-in.o
  LD      drivers/pinctrl/built-in.o
  CC      drivers/pci/pci-sysfs.o
  CC      net/xfrm/xfrm_algo.o
  CC      drivers/pci/rom.o
  CC      drivers/pci/setup-res.o
  CC      net/xfrm/xfrm_user.o
  CC      drivers/pci/irq.o
  LD      drivers/platform/built-in.o
  CC      net/xfrm/xfrm_ipcomp.o
  CC      drivers/pci/vpd.o
  CC      drivers/pci/setup-bus.o
  CC      drivers/pci/vc.o
  CC      drivers/net/ethernet/intel/e1000e/ptp.o
  LD      drivers/net/ethernet/marvell/built-in.o
  CC      drivers/pci/proc.o
  CC      drivers/pci/slot.o
  LD      drivers/net/ethernet/mellanox/built-in.o
  CC      drivers/pci/quirks.o
  LD      drivers/net/ethernet/intel/e1000e/e1000e.o
  LD      drivers/net/ethernet/intel/e1000e/built-in.o
  LD      drivers/net/ethernet/intel/built-in.o
  LD      drivers/net/ethernet/micrel/built-in.o
  LD      drivers/net/ethernet/myricom/built-in.o
  CC      drivers/pps/pps.o
  LD      drivers/net/ethernet/natsemi/built-in.o
  LD      drivers/net/ethernet/neterion/built-in.o
  LD      drivers/net/ethernet/nvidia/built-in.o
  LD      drivers/net/ethernet/oki-semi/built-in.o
  LD      drivers/net/ethernet/packetengines/built-in.o
  LD      drivers/net/ethernet/qlogic/built-in.o
  LD      drivers/net/ethernet/qualcomm/built-in.o
  LD      drivers/net/ethernet/rdc/built-in.o
  LD      drivers/net/ethernet/realtek/built-in.o
  LD      drivers/net/ethernet/renesas/built-in.o
  LD      drivers/net/ethernet/rocker/built-in.o
  LD      drivers/net/ethernet/samsung/built-in.o
  LD      drivers/net/ethernet/seeq/built-in.o
  CC      drivers/ptp/ptp_clock.o
  LD      net/xfrm/built-in.o
  LD      net/built-in.o
  LD      drivers/net/ethernet/silan/built-in.o
  LD      drivers/net/ethernet/sis/built-in.o
  LD      drivers/net/ethernet/smsc/built-in.o
  LD      drivers/net/ethernet/stmicro/built-in.o
  CC      drivers/ptp/ptp_chardev.o
  CC      drivers/net/ethernet/sun/sunhme.o
  CC      drivers/pps/kapi.o
  LD      drivers/net/ethernet/tehuti/built-in.o
  CC      drivers/ptp/ptp_sysfs.o
  LD      drivers/pwm/built-in.o
  LD      drivers/net/ethernet/ti/built-in.o
  CC      drivers/pps/sysfs.o
  LD      drivers/pps/clients/built-in.o
  LD      drivers/net/ethernet/via/built-in.o
  CC      drivers/rtc/rtc-lib.o
  LD      drivers/pps/generators/built-in.o
  LD      drivers/pps/pps_core.o
  LD      drivers/pps/built-in.o
  CC      drivers/rtc/hctosys.o
  LD      drivers/ptp/ptp.o
  LD      drivers/ptp/built-in.o
  CC      drivers/sbus/char/openprom.o
  CC      drivers/pci/msi.o
  CC      drivers/pci/syscall.o
  CC      drivers/rtc/systohc.o
  CC      drivers/rtc/class.o
  CC      drivers/rtc/interface.o
  LD      drivers/sbus/char/built-in.o
  LD      drivers/sbus/built-in.o
  CC      drivers/scsi/scsi.o
  CC      drivers/net/ethernet/sun/sungem.o
  CC      drivers/rtc/rtc-dev.o
  CC      drivers/pci/of.o
  CC      drivers/rtc/rtc-proc.o
  CC      drivers/rtc/rtc-sysfs.o
  LD      drivers/pci/host/built-in.o
  LD      drivers/pci/built-in.o
  LD      drivers/net/ethernet/wiznet/built-in.o
  CC      drivers/rtc/rtc-bq4802.o
  CC      drivers/scsi/hosts.o
  CC      drivers/scsi/scsi_ioctl.o
  CC      drivers/rtc/rtc-cmos.o
  CC      drivers/rtc/rtc-m48t59.o
  CC      drivers/rtc/rtc-starfire.o
  CC      drivers/scsi/scsicam.o
  CC      drivers/scsi/scsi_error.o
  CC      drivers/rtc/rtc-sun4v.o
  LD      drivers/rtc/rtc-core.o
  CC      drivers/net/ethernet/sun/sunvnet.o
  LD      drivers/rtc/built-in.o
  CC      drivers/net/ethernet/sun/niu.o
  CC      drivers/scsi/scsi_lib.o
  LD      drivers/soc/built-in.o
  CC      drivers/scsi/scsi_common.o
  CC      drivers/tty/tty_io.o
  CC      drivers/tty/n_tty.o
  CC      drivers/scsi/constants.o
  CC      drivers/scsi/scsi_lib_dma.o
  CC      drivers/scsi/scsi_scan.o
  CC      drivers/tty/tty_ioctl.o
  CC      drivers/tty/tty_ldisc.o
  CC      drivers/tty/tty_buffer.o
  CC      drivers/tty/tty_port.o
  CC      drivers/tty/tty_mutex.o
  CC      drivers/scsi/scsi_sysfs.o
  CC      drivers/tty/tty_ldsem.o
  CC      drivers/usb/common/common.o
  CC      drivers/usb/core/usb.o
  CC      drivers/tty/pty.o
  LD      drivers/usb/common/usb-common.o
  LD      drivers/usb/common/built-in.o
  CC      drivers/usb/core/hub.o
  CC      drivers/usb/core/hcd.o
  CC      drivers/tty/sysrq.o
  CC      drivers/scsi/scsi_devinfo.o
  CC      drivers/scsi/scsi_netlink.o
  LD      drivers/tty/ipwireless/built-in.o
  CC      drivers/tty/serial/serial_core.o
  CC      drivers/tty/serial/suncore.o
  CC      drivers/usb/core/urb.o
  CC      drivers/scsi/scsi_sysctl.o
  CC      drivers/scsi/scsi_proc.o
  CC      drivers/usb/core/message.o
  LD      drivers/net/ethernet/sun/built-in.o
  LD      drivers/net/ethernet/built-in.o
  LD      drivers/net/built-in.o
  LD      drivers/video/backlight/built-in.o
  CC      drivers/video/console/dummycon.o
  CC      drivers/usb/core/driver.o
  CC      drivers/scsi/scsi_trace.o
  CC      drivers/tty/serial/sunhv.o
  CC      drivers/video/console/fbcon.o
  CC      drivers/scsi/scsi_logging.o
  CC      drivers/tty/serial/sunsu.o
  CC      drivers/tty/serial/sunsab.o
  CC      drivers/usb/core/config.o
  CC      drivers/scsi/raid_class.o
  CC      drivers/scsi/scsi_transport_spi.o
  CC      drivers/scsi/scsi_transport_fc.o
  CC      drivers/usb/core/file.o
  LD      drivers/tty/serial/built-in.o
  CC      drivers/tty/vt/vt_ioctl.o
  CC      drivers/usb/core/buffer.o
  CC      drivers/video/console/bitblit.o
  CC      drivers/usb/core/sysfs.o
  CC      drivers/tty/vt/vc_screen.o
  CC      drivers/tty/vt/selection.o
  CC      drivers/usb/core/endpoint.o
  CC      drivers/video/console/softcursor.o
  CC      drivers/video/console/tileblit.o
  CC      drivers/tty/vt/keyboard.o
  CC      drivers/usb/core/devio.o
  CC      drivers/usb/core/notify.o
  LD      drivers/video/console/built-in.o
  CC      drivers/video/fbdev/aty/atyfb_base.o
  CC      drivers/video/fbdev/core/fb_notify.o
  CC      drivers/scsi/sd.o
  CC      drivers/video/fbdev/core/fb_cmdline.o
  CC      drivers/video/fbdev/core/fbmem.o
  CC      drivers/tty/vt/consolemap.o
  CC      drivers/usb/core/generic.o
  CC      drivers/video/fbdev/aty/mach64_accel.o
  CC      drivers/usb/core/quirks.o
  CONMK   drivers/tty/vt/consolemap_deftbl.c
  CC      drivers/tty/vt/vt.o
  CC      drivers/video/fbdev/aty/mach64_cursor.o
  CC      drivers/usb/core/devices.o
  CC      drivers/video/fbdev/aty/mach64_gx.o
  CC      drivers/video/fbdev/core/fbmon.o
  CC      drivers/usb/core/port.o
  CC      drivers/video/fbdev/aty/mach64_ct.o
  CC      drivers/usb/core/hcd-pci.o
  CC      drivers/scsi/sr.o
  CC      drivers/video/fbdev/aty/radeon_base.o
  LD      drivers/usb/core/usbcore.o
  LD      drivers/usb/core/built-in.o
  CC      drivers/usb/host/pci-quirks.o
  CC      drivers/video/fbdev/core/fbcmap.o
  CC      drivers/scsi/sr_ioctl.o
  SHIPPED drivers/tty/vt/defkeymap.c
  CC      drivers/tty/vt/consolemap_deftbl.o
  CC      drivers/tty/vt/defkeymap.o
  LD      drivers/tty/vt/built-in.o
  LD      drivers/tty/built-in.o
  CC      drivers/video/fbdev/core/fbsysfs.o
  CC      drivers/video/fbdev/core/modedb.o
  CC      drivers/usb/host/ehci-hcd.o
  CC      drivers/scsi/sr_vendor.o
  CC      drivers/video/fbdev/core/fbcvt.o
  LD      drivers/usb/misc/built-in.o
  CC      drivers/usb/host/ehci-pci.o
  CC      drivers/video/fbdev/core/cfbfillrect.o
  CC      drivers/video/fbdev/core/cfbcopyarea.o
  CC      drivers/scsi/sg.o
  CC      drivers/video/fbdev/aty/radeon_pm.o
  CC      drivers/video/fbdev/aty/radeon_monitor.o
  CC      drivers/video/fbdev/core/cfbimgblt.o
  CC      drivers/video/fbdev/core/fb_ddc.o
  LD      drivers/video/fbdev/core/fb.o
  LD      drivers/video/fbdev/core/built-in.o
  CC      drivers/video/fbdev/aty/radeon_accel.o
  CC      drivers/video/logo/logo.o
  LOGO    drivers/video/logo/logo_sun_clut224.c
  LOGO    drivers/video/logo/logo_superh_mono.c
  LOGO    drivers/video/logo/logo_linux_mono.c
  LOGO    drivers/video/logo/logo_superh_vga16.c
  LOGO    drivers/video/logo/clut_vga16.c
  LOGO    drivers/video/logo/logo_linux_vga16.c
  LOGO    drivers/video/logo/logo_blackfin_vga16.c
  LOGO    drivers/video/logo/logo_spe_clut224.c
  LOGO    drivers/video/logo/logo_parisc_clut224.c
  LOGO    drivers/video/logo/logo_mac_clut224.c
  LOGO    drivers/video/logo/logo_superh_clut224.c
  LOGO    drivers/video/logo/logo_linux_clut224.c
  LOGO    drivers/video/logo/logo_blackfin_clut224.c
  LOGO    drivers/video/logo/logo_dec_clut224.c
  LOGO    drivers/video/logo/logo_m32r_clut224.c
  LOGO    drivers/video/logo/logo_sgi_clut224.c
  CC      drivers/video/logo/logo_sun_clut224.o
  LD      drivers/video/logo/built-in.o
  CC      drivers/video/fbdev/aty/radeon_i2c.o
  LD      drivers/scsi/scsi_mod.o
  LD      drivers/scsi/sd_mod.o
  LD      drivers/scsi/sr_mod.o
  LD      drivers/scsi/built-in.o
  CC      drivers/usb/host/ohci-hcd.o
  CC      drivers/usb/phy/of.o
  CC      drivers/usb/host/ohci-pci.o
  CC      drivers/usb/storage/scsiglue.o
  LD      drivers/video/fbdev/aty/atyfb.o
  LD      drivers/video/fbdev/aty/radeonfb.o
  LD      drivers/video/fbdev/aty/built-in.o
  LD      drivers/video/fbdev/omap2/displays-new/built-in.o
  LD      drivers/video/fbdev/omap2/dss/built-in.o
  LD      drivers/video/fbdev/omap2/built-in.o
  CC      drivers/video/fbdev/macmodes.o
  LD      drivers/usb/phy/built-in.o
  CC      drivers/video/fbdev/ffb.o
  CC      drivers/usb/host/uhci-hcd.o
  CC      drivers/video/fbdev/sbuslib.o
  CC      drivers/usb/storage/protocol.o
  CC      drivers/usb/storage/transport.o
  CC      drivers/video/fbdev/cg6.o
  CC      drivers/usb/storage/usb.o
  CC      drivers/video/fbdev/sunxvr500.o
  CC      drivers/video/fbdev/sunxvr2500.o
  CC      drivers/video/fbdev/sunxvr1000.o
  CC      drivers/usb/storage/initializers.o
  CC      drivers/usb/storage/sierra_ms.o
  LD      drivers/usb/host/built-in.o
  CC      drivers/usb/storage/option_ms.o
  CC      drivers/usb/storage/usual-tables.o
  LD      drivers/video/fbdev/built-in.o
  LD      drivers/video/built-in.o
  LD      drivers/usb/storage/usb-storage.o
  LD      drivers/usb/storage/built-in.o
  LD      drivers/usb/built-in.o
  LD      drivers/built-in.o
  LINK    vmlinux
  LD      vmlinux.o
  MODPOST vmlinux.o
  GEN     .version
  CHK     include/generated/compile.h
  UPD     include/generated/compile.h
  CC      init/version.o
  LD      init/built-in.o
  KSYM    .tmp_kallsyms1.o
  KSYM    .tmp_kallsyms2.o
  LD      vmlinux
  SYSMAP  System.map
  STRIP   arch/sparc/boot/image
  kernel: arch/sparc/boot/image is ready
  GZIP    arch/sparc/boot/zImage
  kernel: arch/sparc/boot/zImage is ready
