  HOSTCC  scripts/basic/fixdep
  HOSTCC  scripts/kconfig/conf.o
  SHIPPED scripts/kconfig/zconf.tab.c
  SHIPPED scripts/kconfig/zconf.lex.c
  SHIPPED scripts/kconfig/zconf.hash.c
  HOSTCC  scripts/kconfig/zconf.tab.o
  HOSTLD  scripts/kconfig/conf
scripts/kconfig/conf  --oldconfig Kconfig
*
* Restart config...
*
*
* Frame buffer Devices
*
*
* Support for frame buffer devices
*
Support for frame buffer devices (FB) [Y/m/?] y
  Enable firmware EDID (FIRMWARE_EDID) [Y/n/?] y
*
* Framebuffer foreign endianness support
*
Framebuffer foreign endianness support (FB_FOREIGN_ENDIAN) [N/y/?] n
Enable Video Mode Handling Helpers (FB_MODE_HELPERS) [Y/?] y
Enable Tile Blitting Support (FB_TILEBLITTING) [Y/?] y
*
* Frame buffer hardware drivers
*
Cirrus Logic support (FB_CIRRUS) [M/n/y/?] m
Permedia2 support (FB_PM2) [N/m/y/?] n
CyberPro 2000/2010/5000 support (FB_CYBER2000) [N/m/y/?] n
Open Firmware frame buffer device support (FB_OF) [Y/n/?] y
Asiliant (Chips) 69000 display support (FB_ASILIANT) [N/y/?] n
IMS Twin Turbo display support (FB_IMSTT) [N/y/?] n
VGA 16-color graphics support (FB_VGA16) [N/m/y/?] n
Userspace VESA VGA graphics support (FB_UVESA) [N/m/y/?] n
OpenCores VGA/LCD core 2.0 framebuffer support (FB_OPENCORES) [N/m/y/?] n
Epson S1D13XXX framebuffer support (FB_S1D13XXX) [M/n/y/?] m
nVidia Framebuffer Support (FB_NVIDIA) [N/m/y/?] (NEW) 
nVidia Riva support (FB_RIVA) [N/m/y/?] (NEW) 
Intel740 support (FB_I740) [N/m/y/?] n
Matrox acceleration (FB_MATROX) [M/n/y/?] m
  Millennium I/II support (FB_MATROX_MILLENIUM) [Y/n/?] y
  Mystique support (FB_MATROX_MYSTIQUE) [Y/n/?] y
  G100/G200/G400/G450/G550 support (FB_MATROX_G) [Y/n/?] y
  Matrox I2C support (FB_MATROX_I2C) [M/n/?] m
    G400 second head support (FB_MATROX_MAVEN) [M/n/?] m
ATI Radeon display support (FB_RADEON) [M/n/y/?] m
  DDC/I2C for ATI Radeon support (FB_RADEON_I2C) [Y/n/?] y
  Support for backlight control (FB_RADEON_BACKLIGHT) [Y/n/?] y
  Lots of debug output from Radeon driver (FB_RADEON_DEBUG) [N/y/?] n
ATI Rage128 display support (FB_ATY128) [N/m/y/?] n
ATI Mach64 display support (FB_ATY) [M/n/y/?] m
  Mach64 CT/VT/GT/LT (incl. 3D RAGE) support (FB_ATY_CT) [Y/n/?] y
    Mach64 generic LCD support (FB_ATY_GENERIC_LCD) [Y/n/?] y
  Mach64 GX support (FB_ATY_GX) [Y/n/?] y
  Support for backlight control (FB_ATY_BACKLIGHT) [Y/n/?] y
S3 Trio/Virge support (FB_S3) [M/n/y/?] m
  DDC for S3 support (FB_S3_DDC) [Y/n/?] y
S3 Savage support (FB_SAVAGE) [M/n/y/?] m
  Enable DDC2 Support (FB_SAVAGE_I2C) [Y/n/?] y
  Enable Console Acceleration (FB_SAVAGE_ACCEL) [Y/n/?] y
SiS/XGI display support (FB_SIS) [M/n/y/?] m
  SiS 300 series support (FB_SIS_300) [Y/n/?] y
  SiS 315/330/340 series and XGI support (FB_SIS_315) [Y/n/?] y
NeoMagic display support (FB_NEOMAGIC) [M/n/y/?] m
IMG Kyro support (FB_KYRO) [M/n/y/?] m
3Dfx Banshee/Voodoo3/Voodoo5 display support (FB_3DFX) [M/n/y/?] m
  3Dfx Acceleration functions (FB_3DFX_ACCEL) [N/y/?] n
  Enable DDC/I2C support (FB_3DFX_I2C) [Y/n/?] y
3Dfx Voodoo Graphics (sst1) support (FB_VOODOO1) [M/n/y/?] m
VIA VT8623 support (FB_VT8623) [M/n/y/?] m
Trident/CyberXXX/CyberBlade support (FB_TRIDENT) [M/n/y/?] m
ARK 2000PV support (FB_ARK) [M/n/y/?] m
Permedia3 support (FB_PM3) [M/n/y/?] m
Fujitsu carmine frame buffer support (FB_CARMINE) [N/m/y/?] n
SMSC UFX6000/7000 USB Framebuffer support (FB_SMSCUFX) [M/n/?] m
Displaylink USB Framebuffer support (FB_UDL) [M/n/?] m
Framebuffer support for IBM GXT4000P/4500P/6000P/6500P adaptors (FB_IBM_GXT4500) [M/n/y/?] m
PS3 GPU framebuffer driver (FB_PS3) [Y/n/m/?] y
  PS3 default frame buffer size (in MiB) (FB_PS3_DEFAULT_SIZE_M) [9] 9
Virtual Frame Buffer support (ONLY FOR TESTING!) (FB_VIRTUAL) [N/m/y/?] n
E-Ink Metronome/8track controller support (FB_METRONOME) [N/m/y/?] n
Fujitsu MB862xx GDC support (FB_MB862XX) [M/n/y/?] m
  GDC variant
  > 1. Carmine/Coral-P(A) GDC (FB_MB862XX_PCI_GDC)
    2. Lime GDC (FB_MB862XX_LIME)
  choice[1-2]: 1
  Support I2C bus on MB862XX GDC (FB_MB862XX_I2C) [Y/n/?] y
E-Ink Broadsheet/Epson S1D13521 controller support (FB_BROADSHEET) [N/m/y/?] n
AUO-K190X EPD controller support (FB_AUO_K190X) [N/m/y/?] n
Simple framebuffer support (FB_SIMPLE) [N/y/?] n
#
# configuration written to .config
#
