This file contains any messages produced by compilers while
running configure, to aid debugging if configure makes a mistake.

It was created by configure, which was
generated by GNU Autoconf 2.64.  Invocation command line was

  $ ../binutils-2.25.1/configure --prefix=/cross-tools --host=x86_64-cross-linux-gnu --target=sparc64-unknown-linux-gnu --with-sysroot=/home/dl/ramdisk/clfs_cross_tools/system/sparc64-64 --with-lib-path=/tools/lib --disable-nls --disable-static --enable-64-bit-bfd --disable-multilib --disable-werror

## --------- ##
## Platform. ##
## --------- ##

hostname = dl-Precision-M6500
uname -m = x86_64
uname -r = 3.19.0-31-generic
uname -s = Linux
uname -v = #36-Ubuntu SMP Wed Oct 7 15:04:02 UTC 2015

/usr/bin/uname -p = unknown
/bin/uname -X     = unknown

/bin/arch              = unknown
/usr/bin/arch -k       = unknown
/usr/convex/getsysinfo = unknown
/usr/bin/hostinfo      = unknown
/bin/machine           = unknown
/usr/bin/oslevel       = unknown
/bin/universe          = unknown

PATH: /cross-tools/bin
PATH: /usr/local/sbin
PATH: /usr/local/bin
PATH: /usr/sbin
PATH: /usr/bin
PATH: /sbin
PATH: /bin
PATH: /usr/games
PATH: /usr/local/games


## ----------- ##
## Core tests. ##
## ----------- ##

configure:2322: checking build system type
configure:2336: result: x86_64-unknown-linux-gnu
configure:2383: checking host system type
configure:2396: result: x86_64-cross-linux-gnu
configure:2416: checking target system type
configure:2429: result: sparc64-unknown-linux-gnu
configure:2483: checking for a BSD-compatible install
configure:2551: result: /usr/bin/install -c
configure:2562: checking whether ln works
configure:2584: result: yes
configure:2588: checking whether ln -s works
configure:2592: result: yes
configure:2599: checking for a sed that does not truncate output
configure:2663: result: /bin/sed
configure:2672: checking for gawk
configure:2688: found /usr/bin/gawk
configure:2699: result: gawk
configure:3941: checking for x86_64-cross-linux-gnu-gcc
configure:3971: result: no
configure:3981: checking for gcc
configure:3997: found /usr/bin/gcc
configure:4008: result: gcc
configure:4237: checking for C compiler version
configure:4246: gcc --version >&5
gcc (Ubuntu 4.9.2-10ubuntu13) 4.9.2
Copyright (C) 2014 Free Software Foundation, Inc.
This is free software; see the source for copying conditions.  There is NO
warranty; not even for MERCHANTABILITY or FITNESS FOR A PARTICULAR PURPOSE.

configure:4257: $? = 0
configure:4246: gcc -v >&5
Using built-in specs.
COLLECT_GCC=gcc
COLLECT_LTO_WRAPPER=/usr/lib/gcc/x86_64-linux-gnu/4.9/lto-wrapper
Target: x86_64-linux-gnu
Configured with: ../src/configure -v --with-pkgversion='Ubuntu 4.9.2-10ubuntu13' --with-bugurl=file:///usr/share/doc/gcc-4.9/README.Bugs --enable-languages=c,c++,java,go,d,fortran,objc,obj-c++ --prefix=/usr --program-suffix=-4.9 --enable-shared --enable-linker-build-id --libexecdir=/usr/lib --without-included-gettext --enable-threads=posix --with-gxx-include-dir=/usr/include/c++/4.9 --libdir=/usr/lib --enable-nls --with-sysroot=/ --enable-clocale=gnu --enable-libstdcxx-debug --enable-libstdcxx-time=yes --enable-gnu-unique-object --disable-vtable-verify --enable-plugin --with-system-zlib --disable-browser-plugin --enable-java-awt=gtk --enable-gtk-cairo --with-java-home=/usr/lib/jvm/java-1.5.0-gcj-4.9-amd64/jre --enable-java-home --with-jvm-root-dir=/usr/lib/jvm/java-1.5.0-gcj-4.9-amd64 --with-jvm-jar-dir=/usr/lib/jvm-exports/java-1.5.0-gcj-4.9-amd64 --with-arch-directory=amd64 --with-ecj-jar=/usr/share/java/eclipse-ecj.jar --enable-objc-gc --enable-multiarch --disable-werror --with-arch-32=i686 --with-abi=m64 --with-multilib-list=m32,m64,mx32 --enable-multilib --with-tune=generic --enable-checking=release --build=x86_64-linux-gnu --host=x86_64-linux-gnu --target=x86_64-linux-gnu
Thread model: posix
gcc version 4.9.2 (Ubuntu 4.9.2-10ubuntu13) 
configure:4257: $? = 0
configure:4246: gcc -V >&5
gcc: error: unrecognized command line option '-V'
gcc: fatal error: no input files
compilation terminated.
configure:4257: $? = 4
configure:4246: gcc -qversion >&5
gcc: error: unrecognized command line option '-qversion'
gcc: fatal error: no input files
compilation terminated.
configure:4257: $? = 4
configure:4277: checking for C compiler default output file name
configure:4299: gcc    conftest.c  >&5
configure:4303: $? = 0
configure:4340: result: a.out
configure:4356: checking whether the C compiler works
configure:4365: ./a.out
configure:4369: $? = 0
configure:4384: result: yes
configure:4391: checking whether we are cross compiling
configure:4393: result: no
configure:4396: checking for suffix of executables
configure:4403: gcc -o conftest    conftest.c  >&5
configure:4407: $? = 0
configure:4429: result: 
configure:4435: checking for suffix of object files
configure:4457: gcc -c   conftest.c >&5
configure:4461: $? = 0
configure:4482: result: o
configure:4486: checking whether we are using the GNU C compiler
configure:4505: gcc -c   conftest.c >&5
configure:4505: $? = 0
configure:4514: result: yes
configure:4523: checking whether gcc accepts -g
configure:4543: gcc -c -g  conftest.c >&5
configure:4543: $? = 0
configure:4584: result: yes
configure:4601: checking for gcc option to accept ISO C89
configure:4665: gcc  -c -g -O2  conftest.c >&5
configure:4665: $? = 0
configure:4678: result: none needed
configure:4712: checking for x86_64-cross-linux-gnu-g++
configure:4742: result: no
configure:4712: checking for x86_64-cross-linux-gnu-c++
configure:4742: result: no
configure:4712: checking for x86_64-cross-linux-gnu-gpp
configure:4742: result: no
configure:4712: checking for x86_64-cross-linux-gnu-aCC
configure:4742: result: no
configure:4712: checking for x86_64-cross-linux-gnu-CC
configure:4742: result: no
configure:4712: checking for x86_64-cross-linux-gnu-cxx
configure:4742: result: no
configure:4712: checking for x86_64-cross-linux-gnu-cc++
configure:4742: result: no
configure:4712: checking for x86_64-cross-linux-gnu-cl.exe
configure:4742: result: no
configure:4712: checking for x86_64-cross-linux-gnu-FCC
configure:4742: result: no
configure:4712: checking for x86_64-cross-linux-gnu-KCC
configure:4742: result: no
configure:4712: checking for x86_64-cross-linux-gnu-RCC
configure:4742: result: no
configure:4712: checking for x86_64-cross-linux-gnu-xlC_r
configure:4742: result: no
configure:4712: checking for x86_64-cross-linux-gnu-xlC
configure:4742: result: no
configure:4756: checking for g++
configure:4772: found /usr/bin/g++
configure:4783: result: g++
configure:4810: checking for C++ compiler version
configure:4819: g++ --version >&5
g++ (Ubuntu 4.9.2-10ubuntu13) 4.9.2
Copyright (C) 2014 Free Software Foundation, Inc.
This is free software; see the source for copying conditions.  There is NO
warranty; not even for MERCHANTABILITY or FITNESS FOR A PARTICULAR PURPOSE.

configure:4830: $? = 0
configure:4819: g++ -v >&5
Using built-in specs.
COLLECT_GCC=g++
COLLECT_LTO_WRAPPER=/usr/lib/gcc/x86_64-linux-gnu/4.9/lto-wrapper
Target: x86_64-linux-gnu
Configured with: ../src/configure -v --with-pkgversion='Ubuntu 4.9.2-10ubuntu13' --with-bugurl=file:///usr/share/doc/gcc-4.9/README.Bugs --enable-languages=c,c++,java,go,d,fortran,objc,obj-c++ --prefix=/usr --program-suffix=-4.9 --enable-shared --enable-linker-build-id --libexecdir=/usr/lib --without-included-gettext --enable-threads=posix --with-gxx-include-dir=/usr/include/c++/4.9 --libdir=/usr/lib --enable-nls --with-sysroot=/ --enable-clocale=gnu --enable-libstdcxx-debug --enable-libstdcxx-time=yes --enable-gnu-unique-object --disable-vtable-verify --enable-plugin --with-system-zlib --disable-browser-plugin --enable-java-awt=gtk --enable-gtk-cairo --with-java-home=/usr/lib/jvm/java-1.5.0-gcj-4.9-amd64/jre --enable-java-home --with-jvm-root-dir=/usr/lib/jvm/java-1.5.0-gcj-4.9-amd64 --with-jvm-jar-dir=/usr/lib/jvm-exports/java-1.5.0-gcj-4.9-amd64 --with-arch-directory=amd64 --with-ecj-jar=/usr/share/java/eclipse-ecj.jar --enable-objc-gc --enable-multiarch --disable-werror --with-arch-32=i686 --with-abi=m64 --with-multilib-list=m32,m64,mx32 --enable-multilib --with-tune=generic --enable-checking=release --build=x86_64-linux-gnu --host=x86_64-linux-gnu --target=x86_64-linux-gnu
Thread model: posix
gcc version 4.9.2 (Ubuntu 4.9.2-10ubuntu13) 
configure:4830: $? = 0
configure:4819: g++ -V >&5
g++: error: unrecognized command line option '-V'
g++: fatal error: no input files
compilation terminated.
configure:4830: $? = 4
configure:4819: g++ -qversion >&5
g++: error: unrecognized command line option '-qversion'
g++: fatal error: no input files
compilation terminated.
configure:4830: $? = 4
configure:4834: checking whether we are using the GNU C++ compiler
configure:4853: g++ -c   conftest.cpp >&5
configure:4853: $? = 0
configure:4862: result: yes
configure:4871: checking whether g++ accepts -g
configure:4891: g++ -c -g  conftest.cpp >&5
configure:4891: $? = 0
configure:4932: result: yes
configure:4981: checking whether g++ accepts -static-libstdc++ -static-libgcc
configure:4998: g++ -o conftest -g -O2   -static-libstdc++ -static-libgcc conftest.cpp  >&5
configure:4998: $? = 0
configure:4999: result: yes
configure:5023: checking for x86_64-cross-linux-gnu-gnatbind
configure:5053: result: no
configure:5063: checking for gnatbind
configure:5093: result: no
configure:5115: checking for x86_64-cross-linux-gnu-gnatmake
configure:5145: result: no
configure:5155: checking for gnatmake
configure:5185: result: no
configure:5204: checking whether compiler driver understands Ada
configure:5227: result: no
configure:5236: checking how to compare bootstrapped objects
configure:5261: result: cmp --ignore-initial=16 $$f1 $$f2
configure:5315: checking for objdir
configure:5330: result: .libs
configure:5902: checking for version 0.10 of ISL
configure:5921: gcc -o conftest -g -O2      conftest.c  -lisl >&5
conftest.c:10:25: fatal error: isl/version.h: No such file or directory
 #include <isl/version.h>
                         ^
compilation terminated.
configure:5921: $? = 1
configure: program exited with status 1
configure: failed program was:
| /* confdefs.h */
| #define PACKAGE_NAME ""
| #define PACKAGE_TARNAME ""
| #define PACKAGE_VERSION ""
| #define PACKAGE_STRING ""
| #define PACKAGE_BUGREPORT ""
| #define PACKAGE_URL ""
| #define LT_OBJDIR ".libs/"
| /* end confdefs.h.  */
| #include <isl/version.h>
|    #include <string.h>
| int
| main ()
| {
| if (strncmp (isl_version (), "isl-0.10", strlen ("isl-0.10")) != 0)
|      return 1;
| 
|   ;
|   return 0;
| }
configure:5930: result: no
configure:5950: checking for version 0.11 of ISL
configure:5969: gcc -o conftest -g -O2      conftest.c  -lisl >&5
conftest.c:10:25: fatal error: isl/version.h: No such file or directory
 #include <isl/version.h>
                         ^
compilation terminated.
configure:5969: $? = 1
configure: program exited with status 1
configure: failed program was:
| /* confdefs.h */
| #define PACKAGE_NAME ""
| #define PACKAGE_TARNAME ""
| #define PACKAGE_VERSION ""
| #define PACKAGE_STRING ""
| #define PACKAGE_BUGREPORT ""
| #define PACKAGE_URL ""
| #define LT_OBJDIR ".libs/"
| /* end confdefs.h.  */
| #include <isl/version.h>
|    #include <string.h>
| int
| main ()
| {
| if (strncmp (isl_version (), "isl-0.11", strlen ("isl-0.11")) != 0)
|      return 1;
| 
|   ;
|   return 0;
| }
configure:5978: result: no
configure:5998: checking for version 0.12 of ISL
configure:6017: gcc -o conftest -g -O2      conftest.c  -lisl >&5
conftest.c:10:25: fatal error: isl/version.h: No such file or directory
 #include <isl/version.h>
                         ^
compilation terminated.
configure:6017: $? = 1
configure: program exited with status 1
configure: failed program was:
| /* confdefs.h */
| #define PACKAGE_NAME ""
| #define PACKAGE_TARNAME ""
| #define PACKAGE_VERSION ""
| #define PACKAGE_STRING ""
| #define PACKAGE_BUGREPORT ""
| #define PACKAGE_URL ""
| #define LT_OBJDIR ".libs/"
| /* end confdefs.h.  */
| #include <isl/version.h>
|    #include <string.h>
| int
| main ()
| {
| if (strncmp (isl_version (), "isl-0.12", strlen ("isl-0.12")) != 0)
|      return 1;
| 
|   ;
|   return 0;
| }
configure:6026: result: no
configure:7123: checking for default BUILD_CONFIG
configure:7155: result: 
configure:7160: checking for --enable-vtable-verify
configure:7173: result: no
configure:7762: checking for bison
configure:7792: result: no
configure:7762: checking for byacc
configure:7792: result: no
configure:7762: checking for yacc
configure:7792: result: no
configure:7809: checking for bison
configure:7839: result: no
configure:7856: checking for gm4
configure:7886: result: no
configure:7856: checking for gnum4
configure:7886: result: no
configure:7856: checking for m4
configure:7872: found /cross-tools/bin/m4
configure:7883: result: m4
configure:7903: checking for flex
configure:7933: result: no
configure:7903: checking for lex
configure:7933: result: no
configure:7951: checking for flex
configure:7981: result: no
configure:7998: checking for makeinfo
configure:8028: result: no
configure:8059: checking for expect
configure:8089: result: no
configure:8108: checking for runtest
configure:8138: result: no
configure:8172: checking for ar
configure:8199: result: ar
configure:8214: checking for x86_64-cross-linux-gnu-ar
configure:8241: result: ar
configure:8313: checking for as
configure:8340: result: as
configure:8355: checking for x86_64-cross-linux-gnu-as
configure:8382: result: as
configure:8496: checking for x86_64-cross-linux-gnu-dlltool
configure:8526: result: no
configure:8637: checking for x86_64-cross-linux-gnu-ld
configure:8667: result: no
configure:8778: checking for x86_64-cross-linux-gnu-lipo
configure:8808: result: no
configure:8919: checking for x86_64-cross-linux-gnu-nm
configure:8949: result: no
configure:9060: checking for x86_64-cross-linux-gnu-ranlib
configure:9090: result: no
configure:9196: checking for x86_64-cross-linux-gnu-strip
configure:9226: result: no
configure:9332: checking for x86_64-cross-linux-gnu-windres
configure:9362: result: no
configure:9473: checking for x86_64-cross-linux-gnu-windmc
configure:9503: result: no
configure:9614: checking for x86_64-cross-linux-gnu-objcopy
configure:9644: result: no
configure:9755: checking for x86_64-cross-linux-gnu-objdump
configure:9785: result: no
configure:9896: checking for x86_64-cross-linux-gnu-readelf
configure:9926: result: no
configure:10076: checking for sparc64-unknown-linux-gnu-cc
configure:10106: result: no
configure:10076: checking for sparc64-unknown-linux-gnu-gcc
configure:10106: result: no
configure:10237: checking for sparc64-unknown-linux-gnu-c++
configure:10267: result: no
configure:10237: checking for sparc64-unknown-linux-gnu-g++
configure:10267: result: no
configure:10237: checking for sparc64-unknown-linux-gnu-cxx
configure:10267: result: no
configure:10237: checking for sparc64-unknown-linux-gnu-gxx
configure:10267: result: no
configure:10398: checking for sparc64-unknown-linux-gnu-gcc
configure:10428: result: no
configure:10554: checking for sparc64-unknown-linux-gnu-gcj
configure:10584: result: no
configure:10715: checking for sparc64-unknown-linux-gnu-gfortran
configure:10745: result: no
configure:10876: checking for sparc64-unknown-linux-gnu-gccgo
configure:10906: result: no
configure:11117: checking for sparc64-unknown-linux-gnu-ar
configure:11147: result: no
configure:11347: checking for sparc64-unknown-linux-gnu-as
configure:11377: result: no
configure:11577: checking for sparc64-unknown-linux-gnu-dlltool
configure:11607: result: no
configure:11807: checking for sparc64-unknown-linux-gnu-ld
configure:11837: result: no
configure:12037: checking for sparc64-unknown-linux-gnu-lipo
configure:12067: result: no
configure:12267: checking for sparc64-unknown-linux-gnu-nm
configure:12297: result: no
configure:12497: checking for sparc64-unknown-linux-gnu-objdump
configure:12527: result: no
configure:12727: checking for sparc64-unknown-linux-gnu-ranlib
configure:12757: result: no
configure:12957: checking for sparc64-unknown-linux-gnu-readelf
configure:12987: result: no
configure:13187: checking for sparc64-unknown-linux-gnu-strip
configure:13217: result: no
configure:13417: checking for sparc64-unknown-linux-gnu-windres
configure:13447: result: no
configure:13647: checking for sparc64-unknown-linux-gnu-windmc
configure:13677: result: no
configure:13744: checking where to find the target ar
configure:13754: result: pre-installed
configure:13786: checking where to find the target as
configure:13796: result: pre-installed
configure:13828: checking where to find the target cc
configure:13838: result: pre-installed
configure:13870: checking where to find the target c++
configure:13880: result: pre-installed
configure:13915: checking where to find the target c++ for libstdc++
configure:13925: result: pre-installed
configure:13960: checking where to find the target dlltool
configure:13970: result: pre-installed
configure:14002: checking where to find the target gcc
configure:14012: result: pre-installed
configure:14044: checking where to find the target gcj
configure:14054: result: pre-installed
configure:14089: checking where to find the target gfortran
configure:14099: result: pre-installed
configure:14134: checking where to find the target gccgo
configure:14144: result: pre-installed
configure:14179: checking where to find the target ld
configure:14189: result: pre-installed
configure:14221: checking where to find the target lipo
configure:14231: result: pre-installed
configure:14252: checking where to find the target nm
configure:14262: result: pre-installed
configure:14294: checking where to find the target objdump
configure:14304: result: pre-installed
configure:14336: checking where to find the target ranlib
configure:14346: result: pre-installed
configure:14378: checking where to find the target readelf
configure:14388: result: pre-installed
configure:14420: checking where to find the target strip
configure:14430: result: pre-installed
configure:14462: checking where to find the target windres
configure:14472: result: pre-installed
configure:14504: checking where to find the target windmc
configure:14514: result: pre-installed
configure:14574: checking whether to enable maintainer-specific portions of Makefiles
configure:14583: result: no
configure:14804: creating ./config.status

## ---------------------- ##
## Running config.status. ##
## ---------------------- ##

This file was extended by config.status, which was
generated by GNU Autoconf 2.64.  Invocation command line was

  CONFIG_FILES    = 
  CONFIG_HEADERS  = 
  CONFIG_LINKS    = 
  CONFIG_COMMANDS = 
  $ ./config.status 

on dl-Precision-M6500

config.status:942: creating Makefile

## ---------------- ##
## Cache variables. ##
## ---------------- ##

ac_cv_build=x86_64-unknown-linux-gnu
ac_cv_c_compiler_gnu=yes
ac_cv_cxx_compiler_gnu=yes
ac_cv_env_AR_FOR_TARGET_set=
ac_cv_env_AR_FOR_TARGET_value=
ac_cv_env_AR_set=set
ac_cv_env_AR_value=ar
ac_cv_env_AS_FOR_TARGET_set=
ac_cv_env_AS_FOR_TARGET_value=
ac_cv_env_AS_set=set
ac_cv_env_AS_value=as
ac_cv_env_CCC_set=
ac_cv_env_CCC_value=
ac_cv_env_CC_FOR_TARGET_set=
ac_cv_env_CC_FOR_TARGET_value=
ac_cv_env_CC_set=
ac_cv_env_CC_value=
ac_cv_env_CFLAGS_set=
ac_cv_env_CFLAGS_value=
ac_cv_env_CPPFLAGS_set=
ac_cv_env_CPPFLAGS_value=
ac_cv_env_CXXFLAGS_set=
ac_cv_env_CXXFLAGS_value=
ac_cv_env_CXX_FOR_TARGET_set=
ac_cv_env_CXX_FOR_TARGET_value=
ac_cv_env_CXX_set=
ac_cv_env_CXX_value=
ac_cv_env_DLLTOOL_FOR_TARGET_set=
ac_cv_env_DLLTOOL_FOR_TARGET_value=
ac_cv_env_DLLTOOL_set=
ac_cv_env_DLLTOOL_value=
ac_cv_env_GCC_FOR_TARGET_set=
ac_cv_env_GCC_FOR_TARGET_value=
ac_cv_env_GCJ_FOR_TARGET_set=
ac_cv_env_GCJ_FOR_TARGET_value=
ac_cv_env_GFORTRAN_FOR_TARGET_set=
ac_cv_env_GFORTRAN_FOR_TARGET_value=
ac_cv_env_GOC_FOR_TARGET_set=
ac_cv_env_GOC_FOR_TARGET_value=
ac_cv_env_LDFLAGS_set=
ac_cv_env_LDFLAGS_value=
ac_cv_env_LD_FOR_TARGET_set=
ac_cv_env_LD_FOR_TARGET_value=
ac_cv_env_LD_set=
ac_cv_env_LD_value=
ac_cv_env_LIBS_set=
ac_cv_env_LIBS_value=
ac_cv_env_LIPO_FOR_TARGET_set=
ac_cv_env_LIPO_FOR_TARGET_value=
ac_cv_env_LIPO_set=
ac_cv_env_LIPO_value=
ac_cv_env_NM_FOR_TARGET_set=
ac_cv_env_NM_FOR_TARGET_value=
ac_cv_env_NM_set=
ac_cv_env_NM_value=
ac_cv_env_OBJCOPY_set=
ac_cv_env_OBJCOPY_value=
ac_cv_env_OBJDUMP_FOR_TARGET_set=
ac_cv_env_OBJDUMP_FOR_TARGET_value=
ac_cv_env_OBJDUMP_set=
ac_cv_env_OBJDUMP_value=
ac_cv_env_RANLIB_FOR_TARGET_set=
ac_cv_env_RANLIB_FOR_TARGET_value=
ac_cv_env_RANLIB_set=
ac_cv_env_RANLIB_value=
ac_cv_env_READELF_FOR_TARGET_set=
ac_cv_env_READELF_FOR_TARGET_value=
ac_cv_env_READELF_set=
ac_cv_env_READELF_value=
ac_cv_env_STRIP_FOR_TARGET_set=
ac_cv_env_STRIP_FOR_TARGET_value=
ac_cv_env_STRIP_set=
ac_cv_env_STRIP_value=
ac_cv_env_WINDMC_FOR_TARGET_set=
ac_cv_env_WINDMC_FOR_TARGET_value=
ac_cv_env_WINDMC_set=
ac_cv_env_WINDMC_value=
ac_cv_env_WINDRES_FOR_TARGET_set=
ac_cv_env_WINDRES_FOR_TARGET_value=
ac_cv_env_WINDRES_set=
ac_cv_env_WINDRES_value=
ac_cv_env_build_alias_set=
ac_cv_env_build_alias_value=
ac_cv_env_build_configargs_set=
ac_cv_env_build_configargs_value=
ac_cv_env_host_alias_set=set
ac_cv_env_host_alias_value=x86_64-cross-linux-gnu
ac_cv_env_host_configargs_set=
ac_cv_env_host_configargs_value=
ac_cv_env_target_alias_set=set
ac_cv_env_target_alias_value=sparc64-unknown-linux-gnu
ac_cv_env_target_configargs_set=
ac_cv_env_target_configargs_value=
ac_cv_host=x86_64-cross-linux-gnu
ac_cv_objext=o
ac_cv_path_SED=/bin/sed
ac_cv_path_install='/usr/bin/install -c'
ac_cv_prog_AR=ar
ac_cv_prog_AS=as
ac_cv_prog_AWK=gawk
ac_cv_prog_M4=m4
ac_cv_prog_ac_ct_CC=gcc
ac_cv_prog_ac_ct_CXX=g++
ac_cv_prog_cc_c89=
ac_cv_prog_cc_g=yes
ac_cv_prog_cxx_g=yes
ac_cv_target=sparc64-unknown-linux-gnu
acx_cv_cc_gcc_supports_ada=no
acx_cv_prog_LN=ln
gcc_cv_isl=no
gcc_cv_prog_cmp_skip='cmp --ignore-initial=16 $$f1 $$f2'
gcc_cv_tool_dirs=
gcc_cv_tool_prefix=/cross-tools
lt_cv_objdir=.libs

## ----------------- ##
## Output variables. ##
## ----------------- ##

AR='ar'
AR_FOR_BUILD='ar'
AR_FOR_TARGET='sparc64-unknown-linux-gnu-ar'
AS='as'
AS_FOR_BUILD='as'
AS_FOR_TARGET='sparc64-unknown-linux-gnu-as'
AWK='gawk'
BISON='/home/dl/ramdisk/clfs_cross_tools/system/sparc64-64/sources/binutils-2.25.1/missing bison'
BUILD_CONFIG=''
CC='gcc'
CC_FOR_BUILD='gcc'
CC_FOR_TARGET='sparc64-unknown-linux-gnu-cc'
CFLAGS='-g -O2'
CFLAGS_FOR_BUILD=''
CFLAGS_FOR_TARGET='-g -O2'
COMPILER_AS_FOR_TARGET='$(AS_FOR_TARGET)'
COMPILER_LD_FOR_TARGET='$(LD_FOR_TARGET)'
COMPILER_NM_FOR_TARGET='$(NM_FOR_TARGET)'
CONFIGURE_GDB_TK=''
CPPFLAGS=''
CXX='g++'
CXXFLAGS='-g -O2'
CXXFLAGS_FOR_BUILD=''
CXXFLAGS_FOR_TARGET='-g -O2'
CXX_FOR_BUILD='g++'
CXX_FOR_TARGET='sparc64-unknown-linux-gnu-c++'
DEBUG_PREFIX_CFLAGS_FOR_TARGET=''
DEFS='-DPACKAGE_NAME=\"\" -DPACKAGE_TARNAME=\"\" -DPACKAGE_VERSION=\"\" -DPACKAGE_STRING=\"\" -DPACKAGE_BUGREPORT=\"\" -DPACKAGE_URL=\"\" -DLT_OBJDIR=\".libs/\"'
DLLTOOL='x86_64-cross-linux-gnu-dlltool'
DLLTOOL_FOR_BUILD='dlltool'
DLLTOOL_FOR_TARGET='sparc64-unknown-linux-gnu-dlltool'
ECHO_C=''
ECHO_N='-n'
ECHO_T=''
EXEEXT=''
EXPECT='expect'
EXTRA_CONFIGARGS_LIBJAVA='--disable-static'
FLAGS_FOR_TARGET=' -L$$r/$(HOST_SUBDIR)/ld'
FLEX='/home/dl/ramdisk/clfs_cross_tools/system/sparc64-64/sources/binutils-2.25.1/missing flex'
GCC_FOR_TARGET='sparc64-unknown-linux-gnu-gcc'
GCC_SHLIB_SUBDIR=''
GCJ_FOR_BUILD='gcj'
GCJ_FOR_TARGET='sparc64-unknown-linux-gnu-gcj'
GDB_TK=''
GFORTRAN_FOR_BUILD='gfortran'
GFORTRAN_FOR_TARGET='sparc64-unknown-linux-gnu-gfortran'
GNATBIND='no'
GNATMAKE='no'
GOC_FOR_BUILD='gccgo'
GOC_FOR_TARGET='sparc64-unknown-linux-gnu-gccgo'
INSTALL_DATA='${INSTALL} -m 644'
INSTALL_GDB_TK=''
INSTALL_PROGRAM='${INSTALL}'
INSTALL_SCRIPT='${INSTALL}'
LD='x86_64-cross-linux-gnu-ld'
LDFLAGS=''
LDFLAGS_FOR_BUILD=''
LDFLAGS_FOR_TARGET=''
LD_FOR_BUILD='ld'
LD_FOR_TARGET='sparc64-unknown-linux-gnu-ld'
LEX='/home/dl/ramdisk/clfs_cross_tools/system/sparc64-64/sources/binutils-2.25.1/missing flex'
LIBOBJS=''
LIBS=''
LIPO='x86_64-cross-linux-gnu-lipo'
LIPO_FOR_TARGET='sparc64-unknown-linux-gnu-lipo'
LN='ln'
LN_S='ln -s'
LTLIBOBJS=''
M4='m4'
MAINT='#'
MAINTAINER_MODE_FALSE=''
MAINTAINER_MODE_TRUE='#'
MAKEINFO='/home/dl/ramdisk/clfs_cross_tools/system/sparc64-64/sources/binutils-2.25.1/missing makeinfo'
NM='x86_64-cross-linux-gnu-nm'
NM_FOR_BUILD='nm'
NM_FOR_TARGET='sparc64-unknown-linux-gnu-nm'
OBJCOPY='x86_64-cross-linux-gnu-objcopy'
OBJDUMP='x86_64-cross-linux-gnu-objdump'
OBJDUMP_FOR_TARGET='sparc64-unknown-linux-gnu-objdump'
OBJEXT='o'
PACKAGE_BUGREPORT=''
PACKAGE_NAME=''
PACKAGE_STRING=''
PACKAGE_TARNAME=''
PACKAGE_URL=''
PACKAGE_VERSION=''
PATH_SEPARATOR=':'
RANLIB='true'
RANLIB_FOR_BUILD='ranlib'
RANLIB_FOR_TARGET='sparc64-unknown-linux-gnu-ranlib'
RAW_CXX_FOR_TARGET='sparc64-unknown-linux-gnu-c++'
READELF='x86_64-cross-linux-gnu-readelf'
READELF_FOR_TARGET='sparc64-unknown-linux-gnu-readelf'
RPATH_ENVVAR='LD_LIBRARY_PATH'
RUNTEST='runtest'
SED='/bin/sed'
SHELL='/bin/bash'
STRIP='true'
STRIP_FOR_TARGET='sparc64-unknown-linux-gnu-strip'
SYSROOT_CFLAGS_FOR_TARGET=''
TOPLEVEL_CONFIGURE_ARGUMENTS='../binutils-2.25.1/configure --prefix=/cross-tools --host=x86_64-cross-linux-gnu --target=sparc64-unknown-linux-gnu --with-sysroot=/home/dl/ramdisk/clfs_cross_tools/system/sparc64-64 --with-lib-path=/tools/lib --disable-nls --disable-static --enable-64-bit-bfd --disable-multilib --disable-werror'
WINDMC='x86_64-cross-linux-gnu-windmc'
WINDMC_FOR_BUILD='windmc'
WINDMC_FOR_TARGET='sparc64-unknown-linux-gnu-windmc'
WINDRES='x86_64-cross-linux-gnu-windres'
WINDRES_FOR_BUILD='windres'
WINDRES_FOR_TARGET='sparc64-unknown-linux-gnu-windres'
YACC='/home/dl/ramdisk/clfs_cross_tools/system/sparc64-64/sources/binutils-2.25.1/missing bison -y'
ac_ct_CC='gcc'
ac_ct_CXX='g++'
bindir='${exec_prefix}/bin'
build='x86_64-unknown-linux-gnu'
build_alias=''
build_configargs=' --cache-file=../config.cache '\''--prefix=/cross-tools'\'' '\''--with-sysroot=/home/dl/ramdisk/clfs_cross_tools/system/sparc64-64'\'' '\''--with-lib-path=/tools/lib'\'' '\''--disable-nls'\'' '\''--disable-static'\'' '\''--enable-64-bit-bfd'\'' '\''--disable-multilib'\'' '\''--disable-werror'\'' --program-transform-name='\''s&^&sparc64-unknown-linux-gnu-&'\'' --disable-option-checking'
build_configdirs=' libiberty'
build_cpu='x86_64'
build_libsubdir='build-x86_64-unknown-linux-gnu'
build_noncanonical='x86_64-unknown-linux-gnu'
build_os='linux-gnu'
build_subdir='build-x86_64-unknown-linux-gnu'
build_tooldir='${exec_prefix}/sparc64-unknown-linux-gnu'
build_vendor='unknown'
clooginc=''
clooglibs=''
compare_exclusions='gcc/cc*-checksum$(objext) | gcc/ada/*tools/*'
configdirs=' intl libiberty opcodes bfd binutils gas ld gprof etc'
datadir='${datarootdir}'
datarootdir='${prefix}/share'
do_compare='cmp --ignore-initial=16 $$f1 $$f2'
docdir='${datarootdir}/doc/${PACKAGE}'
dvidir='${docdir}'
exec_prefix='${prefix}'
extra_host_libiberty_configure_flags=''
extra_isl_gmp_configure_flags=''
extra_mpc_gmp_configure_flags=''
extra_mpc_mpfr_configure_flags=''
extra_mpfr_configure_flags=''
gmpinc=''
gmplibs='-lmpc -lmpfr -lgmp'
host='x86_64-cross-linux-gnu'
host_alias='x86_64-cross-linux-gnu'
host_configargs=' --cache-file=./config.cache  --with-gnu-as --with-gnu-ld --with-system-zlib '\''--prefix=/cross-tools'\'' '\''--with-sysroot=/home/dl/ramdisk/clfs_cross_tools/system/sparc64-64'\'' '\''--with-lib-path=/tools/lib'\'' '\''--disable-nls'\'' '\''--disable-static'\'' '\''--enable-64-bit-bfd'\'' '\''--disable-multilib'\'' '\''--disable-werror'\'' --program-transform-name='\''s&^&sparc64-unknown-linux-gnu-&'\'' --disable-option-checking'
host_cpu='x86_64'
host_noncanonical='x86_64-cross-linux-gnu'
host_os='linux-gnu'
host_shared='no'
host_subdir='.'
host_vendor='cross'
htmldir='${docdir}'
includedir='${prefix}/include'
infodir='${datarootdir}/info'
islinc=''
libdir='${exec_prefix}/lib'
libexecdir='${exec_prefix}/libexec'
localedir='${datarootdir}/locale'
localstatedir='${prefix}/var'
mandir='${datarootdir}/man'
oldincludedir='/usr/include'
pdfdir='${docdir}'
poststage1_ldflags='-static-libstdc++ -static-libgcc'
poststage1_libs=''
prefix='/cross-tools'
program_transform_name='s&^&sparc64-unknown-linux-gnu-&'
psdir='${docdir}'
sbindir='${exec_prefix}/sbin'
sharedstatedir='${prefix}/com'
stage1_cflags='-g'
stage1_checking='--enable-checking=yes,types'
stage1_languages=',c,'
stage1_ldflags='-static-libstdc++ -static-libgcc'
stage1_libs=''
stage2_werror_flag=''
sysconfdir='${prefix}/etc'
target='sparc64-unknown-linux-gnu'
target_alias='sparc64-unknown-linux-gnu'
target_configargs='--cache-file=./config.cache --with-cross-host=x86_64-cross-linux-gnu   '\''--prefix=/cross-tools'\'' '\''--with-sysroot=/home/dl/ramdisk/clfs_cross_tools/system/sparc64-64'\'' '\''--with-lib-path=/tools/lib'\'' '\''--disable-nls'\'' '\''--disable-static'\'' '\''--enable-64-bit-bfd'\'' '\''--disable-multilib'\'' '\''--disable-werror'\'' --program-transform-name='\''s&^&sparc64-unknown-linux-gnu-&'\'' --disable-option-checking'
target_configdirs=''
target_cpu='sparc64'
target_noncanonical='sparc64-unknown-linux-gnu'
target_os='linux-gnu'
target_subdir='sparc64-unknown-linux-gnu'
target_vendor='unknown'
tooldir='${exec_prefix}/sparc64-unknown-linux-gnu'

## ------------------- ##
## File substitutions. ##
## ------------------- ##

alphaieee_frag='/dev/null'
host_makefile_frag='/dev/null'
ospace_frag='/dev/null'
serialization_dependencies='serdep.tmp'
target_makefile_frag='../binutils-2.25.1/config/mt-gnu'

## ----------- ##
## confdefs.h. ##
## ----------- ##

/* confdefs.h */
#define PACKAGE_NAME ""
#define PACKAGE_TARNAME ""
#define PACKAGE_VERSION ""
#define PACKAGE_STRING ""
#define PACKAGE_BUGREPORT ""
#define PACKAGE_URL ""
#define LT_OBJDIR ".libs/"

configure: exit 0
