This file contains any messages produced by compilers while
running configure, to aid debugging if configure makes a mistake.

It was created by configure, which was
generated by GNU Autoconf 2.64.  Invocation command line was

  $ ../gcc-5.2.0/configure --prefix=/cross-tools --build=x86_64-cross-linux-gnu --host=x86_64-cross-linux-gnu --target=powerpc64-unknown-linux-gnu --with-sysroot=/home/dl/ramdisk/build_qemu_image/clfs_cross_tools/system/ppc64-64 --with-local-prefix=/tools --with-native-system-header-dir=/tools/include --disable-nls --disable-shared --with-mpfr=/cross-tools --with-gmp=/cross-tools --with-isl=/cross-tools --with-mpc=/cross-tools --without-headers --with-newlib --disable-decimal-float --disable-libgomp --disable-libmudflap --disable-libssp --disable-libatomic --disable-libitm --disable-libsanitizer --disable-libquadmath --disable-threads --disable-multilib --disable-target-zlib --with-system-zlib  --enable-languages=c --enable-checking=release

## --------- ##
## Platform. ##
## --------- ##

hostname = dl-Precision-M6500
uname -m = x86_64
uname -r = 3.19.0-31-generic
uname -s = Linux
uname -v = #36-Ubuntu SMP Wed Oct 7 15:04:02 UTC 2015

/usr/bin/uname -p = unknown
/bin/uname -X     = unknown

/bin/arch              = unknown
/usr/bin/arch -k       = unknown
/usr/convex/getsysinfo = unknown
/usr/bin/hostinfo      = unknown
/bin/machine           = unknown
/usr/bin/oslevel       = unknown
/bin/universe          = unknown

PATH: /cross-tools/bin
PATH: /usr/local/sbin
PATH: /usr/local/bin
PATH: /usr/sbin
PATH: /usr/bin
PATH: /sbin
PATH: /bin
PATH: /usr/games
PATH: /usr/local/games


## ----------- ##
## Core tests. ##
## ----------- ##

configure:2292: checking build system type
configure:2306: result: x86_64-cross-linux-gnu
configure:2353: checking host system type
configure:2366: result: x86_64-cross-linux-gnu
configure:2386: checking target system type
configure:2399: result: powerpc64-unknown-linux-gnu
configure:2453: checking for a BSD-compatible install
configure:2521: result: /usr/bin/install -c
configure:2532: checking whether ln works
configure:2554: result: yes
configure:2558: checking whether ln -s works
configure:2562: result: yes
configure:2569: checking for a sed that does not truncate output
configure:2633: result: /bin/sed
configure:2642: checking for gawk
configure:2658: found /usr/bin/gawk
configure:2669: result: gawk
configure:3202: checking for libcilkrts support
configure:3208: result: no
configure:3278: checking for libvtv support
configure:3284: result: no
configure:4034: checking for x86_64-cross-linux-gnu-gcc
configure:4064: result: no
configure:4074: checking for gcc
configure:4090: found /usr/bin/gcc
configure:4101: result: gcc
configure:4330: checking for C compiler version
configure:4339: gcc --version >&5
gcc (Ubuntu 4.9.2-10ubuntu13) 4.9.2
Copyright (C) 2014 Free Software Foundation, Inc.
This is free software; see the source for copying conditions.  There is NO
warranty; not even for MERCHANTABILITY or FITNESS FOR A PARTICULAR PURPOSE.

configure:4350: $? = 0
configure:4339: gcc -v >&5
Using built-in specs.
COLLECT_GCC=gcc
COLLECT_LTO_WRAPPER=/usr/lib/gcc/x86_64-linux-gnu/4.9/lto-wrapper
Target: x86_64-linux-gnu
Configured with: ../src/configure -v --with-pkgversion='Ubuntu 4.9.2-10ubuntu13' --with-bugurl=file:///usr/share/doc/gcc-4.9/README.Bugs --enable-languages=c,c++,java,go,d,fortran,objc,obj-c++ --prefix=/usr --program-suffix=-4.9 --enable-shared --enable-linker-build-id --libexecdir=/usr/lib --without-included-gettext --enable-threads=posix --with-gxx-include-dir=/usr/include/c++/4.9 --libdir=/usr/lib --enable-nls --with-sysroot=/ --enable-clocale=gnu --enable-libstdcxx-debug --enable-libstdcxx-time=yes --enable-gnu-unique-object --disable-vtable-verify --enable-plugin --with-system-zlib --disable-browser-plugin --enable-java-awt=gtk --enable-gtk-cairo --with-java-home=/usr/lib/jvm/java-1.5.0-gcj-4.9-amd64/jre --enable-java-home --with-jvm-root-dir=/usr/lib/jvm/java-1.5.0-gcj-4.9-amd64 --with-jvm-jar-dir=/usr/lib/jvm-exports/java-1.5.0-gcj-4.9-amd64 --with-arch-directory=amd64 --with-ecj-jar=/usr/share/java/eclipse-ecj.jar --enable-objc-gc --enable-multiarch --disable-werror --with-arch-32=i686 --with-abi=m64 --with-multilib-list=m32,m64,mx32 --enable-multilib --with-tune=generic --enable-checking=release --build=x86_64-linux-gnu --host=x86_64-linux-gnu --target=x86_64-linux-gnu
Thread model: posix
gcc version 4.9.2 (Ubuntu 4.9.2-10ubuntu13) 
configure:4350: $? = 0
configure:4339: gcc -V >&5
gcc: error: unrecognized command line option '-V'
gcc: fatal error: no input files
compilation terminated.
configure:4350: $? = 4
configure:4339: gcc -qversion >&5
gcc: error: unrecognized command line option '-qversion'
gcc: fatal error: no input files
compilation terminated.
configure:4350: $? = 4
configure:4370: checking for C compiler default output file name
configure:4392: gcc   -Wl,-rpath,/cross-tools/lib conftest.c  >&5
configure:4396: $? = 0
configure:4433: result: a.out
configure:4449: checking whether the C compiler works
configure:4458: ./a.out
configure:4462: $? = 0
configure:4477: result: yes
configure:4484: checking whether we are cross compiling
configure:4486: result: no
configure:4489: checking for suffix of executables
configure:4496: gcc -o conftest   -Wl,-rpath,/cross-tools/lib conftest.c  >&5
configure:4500: $? = 0
configure:4522: result: 
configure:4528: checking for suffix of object files
configure:4550: gcc -c   conftest.c >&5
configure:4554: $? = 0
configure:4575: result: o
configure:4579: checking whether we are using the GNU C compiler
configure:4598: gcc -c   conftest.c >&5
configure:4598: $? = 0
configure:4607: result: yes
configure:4616: checking whether gcc accepts -g
configure:4636: gcc -c -g  conftest.c >&5
configure:4636: $? = 0
configure:4677: result: yes
configure:4694: checking for gcc option to accept ISO C89
configure:4758: gcc  -c -g -O2  conftest.c >&5
configure:4758: $? = 0
configure:4771: result: none needed
configure:4805: checking for x86_64-cross-linux-gnu-g++
configure:4835: result: no
configure:4805: checking for x86_64-cross-linux-gnu-c++
configure:4835: result: no
configure:4805: checking for x86_64-cross-linux-gnu-gpp
configure:4835: result: no
configure:4805: checking for x86_64-cross-linux-gnu-aCC
configure:4835: result: no
configure:4805: checking for x86_64-cross-linux-gnu-CC
configure:4835: result: no
configure:4805: checking for x86_64-cross-linux-gnu-cxx
configure:4835: result: no
configure:4805: checking for x86_64-cross-linux-gnu-cc++
configure:4835: result: no
configure:4805: checking for x86_64-cross-linux-gnu-cl.exe
configure:4835: result: no
configure:4805: checking for x86_64-cross-linux-gnu-FCC
configure:4835: result: no
configure:4805: checking for x86_64-cross-linux-gnu-KCC
configure:4835: result: no
configure:4805: checking for x86_64-cross-linux-gnu-RCC
configure:4835: result: no
configure:4805: checking for x86_64-cross-linux-gnu-xlC_r
configure:4835: result: no
configure:4805: checking for x86_64-cross-linux-gnu-xlC
configure:4835: result: no
configure:4849: checking for g++
configure:4865: found /usr/bin/g++
configure:4876: result: g++
configure:4903: checking for C++ compiler version
configure:4912: g++ --version >&5
g++ (Ubuntu 4.9.2-10ubuntu13) 4.9.2
Copyright (C) 2014 Free Software Foundation, Inc.
This is free software; see the source for copying conditions.  There is NO
warranty; not even for MERCHANTABILITY or FITNESS FOR A PARTICULAR PURPOSE.

configure:4923: $? = 0
configure:4912: g++ -v >&5
Using built-in specs.
COLLECT_GCC=g++
COLLECT_LTO_WRAPPER=/usr/lib/gcc/x86_64-linux-gnu/4.9/lto-wrapper
Target: x86_64-linux-gnu
Configured with: ../src/configure -v --with-pkgversion='Ubuntu 4.9.2-10ubuntu13' --with-bugurl=file:///usr/share/doc/gcc-4.9/README.Bugs --enable-languages=c,c++,java,go,d,fortran,objc,obj-c++ --prefix=/usr --program-suffix=-4.9 --enable-shared --enable-linker-build-id --libexecdir=/usr/lib --without-included-gettext --enable-threads=posix --with-gxx-include-dir=/usr/include/c++/4.9 --libdir=/usr/lib --enable-nls --with-sysroot=/ --enable-clocale=gnu --enable-libstdcxx-debug --enable-libstdcxx-time=yes --enable-gnu-unique-object --disable-vtable-verify --enable-plugin --with-system-zlib --disable-browser-plugin --enable-java-awt=gtk --enable-gtk-cairo --with-java-home=/usr/lib/jvm/java-1.5.0-gcj-4.9-amd64/jre --enable-java-home --with-jvm-root-dir=/usr/lib/jvm/java-1.5.0-gcj-4.9-amd64 --with-jvm-jar-dir=/usr/lib/jvm-exports/java-1.5.0-gcj-4.9-amd64 --with-arch-directory=amd64 --with-ecj-jar=/usr/share/java/eclipse-ecj.jar --enable-objc-gc --enable-multiarch --disable-werror --with-arch-32=i686 --with-abi=m64 --with-multilib-list=m32,m64,mx32 --enable-multilib --with-tune=generic --enable-checking=release --build=x86_64-linux-gnu --host=x86_64-linux-gnu --target=x86_64-linux-gnu
Thread model: posix
gcc version 4.9.2 (Ubuntu 4.9.2-10ubuntu13) 
configure:4923: $? = 0
configure:4912: g++ -V >&5
g++: error: unrecognized command line option '-V'
g++: fatal error: no input files
compilation terminated.
configure:4923: $? = 4
configure:4912: g++ -qversion >&5
g++: error: unrecognized command line option '-qversion'
g++: fatal error: no input files
compilation terminated.
configure:4923: $? = 4
configure:4927: checking whether we are using the GNU C++ compiler
configure:4946: g++ -c   conftest.cpp >&5
configure:4946: $? = 0
configure:4955: result: yes
configure:4964: checking whether g++ accepts -g
configure:4984: g++ -c -g  conftest.cpp >&5
configure:4984: $? = 0
configure:5025: result: yes
configure:5074: checking whether g++ accepts -static-libstdc++ -static-libgcc
configure:5091: g++ -o conftest -g -O2  -Wl,-rpath,/cross-tools/lib -static-libstdc++ -static-libgcc conftest.cpp  >&5
configure:5091: $? = 0
configure:5092: result: yes
configure:5116: checking for x86_64-cross-linux-gnu-gnatbind
configure:5146: result: no
configure:5156: checking for gnatbind
configure:5186: result: no
configure:5208: checking for x86_64-cross-linux-gnu-gnatmake
configure:5238: result: no
configure:5248: checking for gnatmake
configure:5278: result: no
configure:5297: checking whether compiler driver understands Ada
configure:5320: result: no
configure:5329: checking how to compare bootstrapped objects
configure:5354: result: cmp --ignore-initial=16 $$f1 $$f2
configure:5408: checking for objdir
configure:5423: result: .libs
configure:5597: checking for the correct version of gmp.h
configure:5617: gcc -c -g -O2 -I/cross-tools/include -I/cross-tools/include -I/cross-tools/include   conftest.c >&5
configure:5617: $? = 0
configure:5635: gcc -c -g -O2 -I/cross-tools/include -I/cross-tools/include -I/cross-tools/include   conftest.c >&5
configure:5635: $? = 0
configure:5636: result: yes
configure:5652: checking for the correct version of mpfr.h
configure:5670: gcc -c -g -O2 -I/cross-tools/include -I/cross-tools/include -I/cross-tools/include   conftest.c >&5
configure:5670: $? = 0
configure:5687: gcc -c -g -O2 -I/cross-tools/include -I/cross-tools/include -I/cross-tools/include   conftest.c >&5
configure:5687: $? = 0
configure:5688: result: yes
configure:5705: checking for the correct version of mpc.h
configure:5722: gcc -c -g -O2 -I/cross-tools/include -I/cross-tools/include -I/cross-tools/include   conftest.c >&5
configure:5722: $? = 0
configure:5738: gcc -c -g -O2 -I/cross-tools/include -I/cross-tools/include -I/cross-tools/include   conftest.c >&5
configure:5738: $? = 0
configure:5739: result: yes
configure:5757: checking for the correct version of the gmp/mpfr/mpc libraries
configure:5788: gcc -o conftest -g -O2 -I/cross-tools/include -I/cross-tools/include -I/cross-tools/include   -Wl,-rpath,/cross-tools/lib conftest.c  -L/cross-tools/lib -L/cross-tools/lib -L/cross-tools/lib -lmpc -lmpfr -lgmp >&5
configure:5788: $? = 0
configure:5789: result: yes
configure:5989: checking for compatible ISL
configure:6002: gcc -o conftest -g -O2 -I/cross-tools/include -I/cross-tools/include -I/cross-tools/include -I/cross-tools/include   -Wl,-rpath,/cross-tools/lib -L/cross-tools/lib -lisl conftest.c  -lisl >&5
configure:6002: $? = 0
configure:6009: result: yes
configure:6990: checking for default BUILD_CONFIG
configure:7022: result: 
configure:7027: checking for --enable-vtable-verify
configure:7040: result: no
configure:7636: checking for bison
configure:7666: result: no
configure:7636: checking for byacc
configure:7666: result: no
configure:7636: checking for yacc
configure:7666: result: no
configure:7683: checking for bison
configure:7713: result: no
configure:7730: checking for gm4
configure:7760: result: no
configure:7730: checking for gnum4
configure:7760: result: no
configure:7730: checking for m4
configure:7746: found /cross-tools/bin/m4
configure:7757: result: m4
configure:7777: checking for flex
configure:7807: result: no
configure:7777: checking for lex
configure:7807: result: no
configure:7825: checking for flex
configure:7855: result: no
configure:7872: checking for makeinfo
configure:7902: result: no
configure:7933: checking for expect
configure:7963: result: no
configure:7982: checking for runtest
configure:8012: result: no
configure:8046: checking for ar
configure:8073: result: ar
configure:8088: checking for x86_64-cross-linux-gnu-ar
configure:8115: result: ar
configure:8229: checking for x86_64-cross-linux-gnu-as
configure:8259: result: no
configure:8268: checking for as
configure:8284: found /usr/bin/as
configure:8295: result: as
configure:8370: checking for x86_64-cross-linux-gnu-dlltool
configure:8400: result: no
configure:8409: checking for dlltool
configure:8439: result: no
configure:8511: checking for x86_64-cross-linux-gnu-ld
configure:8541: result: no
configure:8550: checking for ld
configure:8566: found /usr/bin/ld
configure:8577: result: ld
configure:8652: checking for x86_64-cross-linux-gnu-lipo
configure:8682: result: no
configure:8691: checking for lipo
configure:8721: result: no
configure:8793: checking for x86_64-cross-linux-gnu-nm
configure:8823: result: no
configure:8832: checking for nm
configure:8848: found /usr/bin/nm
configure:8859: result: nm
configure:8934: checking for x86_64-cross-linux-gnu-ranlib
configure:8964: result: no
configure:8973: checking for ranlib
configure:8989: found /usr/bin/ranlib
configure:9000: result: ranlib
configure:9070: checking for x86_64-cross-linux-gnu-strip
configure:9100: result: no
configure:9109: checking for strip
configure:9125: found /usr/bin/strip
configure:9136: result: strip
configure:9206: checking for x86_64-cross-linux-gnu-windres
configure:9236: result: no
configure:9245: checking for windres
configure:9275: result: no
configure:9347: checking for x86_64-cross-linux-gnu-windmc
configure:9377: result: no
configure:9386: checking for windmc
configure:9416: result: no
configure:9488: checking for x86_64-cross-linux-gnu-objcopy
configure:9518: result: no
configure:9527: checking for objcopy
configure:9543: found /usr/bin/objcopy
configure:9554: result: objcopy
configure:9629: checking for x86_64-cross-linux-gnu-objdump
configure:9659: result: no
configure:9668: checking for objdump
configure:9684: found /usr/bin/objdump
configure:9695: result: objdump
configure:9770: checking for x86_64-cross-linux-gnu-readelf
configure:9800: result: no
configure:9809: checking for readelf
configure:9825: found /usr/bin/readelf
configure:9836: result: readelf
configure:9950: checking for powerpc64-unknown-linux-gnu-cc
configure:9980: result: no
configure:9950: checking for powerpc64-unknown-linux-gnu-gcc
configure:9980: result: no
configure:10111: checking for powerpc64-unknown-linux-gnu-c++
configure:10141: result: no
configure:10111: checking for powerpc64-unknown-linux-gnu-g++
configure:10141: result: no
configure:10111: checking for powerpc64-unknown-linux-gnu-cxx
configure:10141: result: no
configure:10111: checking for powerpc64-unknown-linux-gnu-gxx
configure:10141: result: no
configure:10272: checking for powerpc64-unknown-linux-gnu-gcc
configure:10302: result: no
configure:10428: checking for powerpc64-unknown-linux-gnu-gcj
configure:10458: result: no
configure:10589: checking for powerpc64-unknown-linux-gnu-gfortran
configure:10619: result: no
configure:10750: checking for powerpc64-unknown-linux-gnu-gccgo
configure:10780: result: no
configure:10880: checking for ar
configure:10898: found /cross-tools/powerpc64-unknown-linux-gnu/bin/ar
configure:10910: result: /cross-tools/powerpc64-unknown-linux-gnu/bin/ar
configure:11110: checking for as
configure:11128: found /cross-tools/powerpc64-unknown-linux-gnu/bin/as
configure:11140: result: /cross-tools/powerpc64-unknown-linux-gnu/bin/as
configure:11340: checking for dlltool
configure:11373: result: no
configure:11451: checking for powerpc64-unknown-linux-gnu-dlltool
configure:11481: result: no
configure:11570: checking for ld
configure:11588: found /cross-tools/powerpc64-unknown-linux-gnu/bin/ld
configure:11600: result: /cross-tools/powerpc64-unknown-linux-gnu/bin/ld
configure:11800: checking for lipo
configure:11833: result: no
configure:11911: checking for powerpc64-unknown-linux-gnu-lipo
configure:11941: result: no
configure:12030: checking for nm
configure:12048: found /cross-tools/powerpc64-unknown-linux-gnu/bin/nm
configure:12060: result: /cross-tools/powerpc64-unknown-linux-gnu/bin/nm
configure:12260: checking for objcopy
configure:12278: found /cross-tools/powerpc64-unknown-linux-gnu/bin/objcopy
configure:12290: result: /cross-tools/powerpc64-unknown-linux-gnu/bin/objcopy
configure:12490: checking for objdump
configure:12508: found /cross-tools/powerpc64-unknown-linux-gnu/bin/objdump
configure:12520: result: /cross-tools/powerpc64-unknown-linux-gnu/bin/objdump
configure:12720: checking for ranlib
configure:12738: found /cross-tools/powerpc64-unknown-linux-gnu/bin/ranlib
configure:12750: result: /cross-tools/powerpc64-unknown-linux-gnu/bin/ranlib
configure:12950: checking for readelf
configure:12983: result: no
configure:13061: checking for powerpc64-unknown-linux-gnu-readelf
configure:13077: found /cross-tools/bin/powerpc64-unknown-linux-gnu-readelf
configure:13088: result: powerpc64-unknown-linux-gnu-readelf
configure:13180: checking for strip
configure:13198: found /cross-tools/powerpc64-unknown-linux-gnu/bin/strip
configure:13210: result: /cross-tools/powerpc64-unknown-linux-gnu/bin/strip
configure:13410: checking for windres
configure:13443: result: no
configure:13521: checking for powerpc64-unknown-linux-gnu-windres
configure:13551: result: no
configure:13640: checking for windmc
configure:13673: result: no
configure:13751: checking for powerpc64-unknown-linux-gnu-windmc
configure:13781: result: no
configure:13848: checking where to find the target ar
configure:13876: result: pre-installed in /cross-tools/powerpc64-unknown-linux-gnu/bin
configure:13890: checking where to find the target as
configure:13918: result: pre-installed in /cross-tools/powerpc64-unknown-linux-gnu/bin
configure:13932: checking where to find the target cc
configure:13955: result: just compiled
configure:13974: checking where to find the target c++
configure:14014: result: pre-installed
configure:14019: checking where to find the target c++ for libstdc++
configure:14059: result: pre-installed
configure:14064: checking where to find the target dlltool
configure:14101: result: pre-installed
configure:14106: checking where to find the target gcc
configure:14129: result: just compiled
configure:14148: checking where to find the target gcj
configure:14188: result: pre-installed
configure:14193: checking where to find the target gfortran
configure:14233: result: pre-installed
configure:14238: checking where to find the target gccgo
configure:14278: result: pre-installed
configure:14283: checking where to find the target ld
configure:14311: result: pre-installed in /cross-tools/powerpc64-unknown-linux-gnu/bin
configure:14325: checking where to find the target lipo
configure:14351: result: pre-installed
configure:14356: checking where to find the target nm
configure:14384: result: pre-installed in /cross-tools/powerpc64-unknown-linux-gnu/bin
configure:14398: checking where to find the target objcopy
configure:14426: result: pre-installed in /cross-tools/powerpc64-unknown-linux-gnu/bin
configure:14440: checking where to find the target objdump
configure:14468: result: pre-installed in /cross-tools/powerpc64-unknown-linux-gnu/bin
configure:14482: checking where to find the target ranlib
configure:14510: result: pre-installed in /cross-tools/powerpc64-unknown-linux-gnu/bin
configure:14524: checking where to find the target readelf
configure:14561: result: pre-installed
configure:14566: checking where to find the target strip
configure:14594: result: pre-installed in /cross-tools/powerpc64-unknown-linux-gnu/bin
configure:14608: checking where to find the target windres
configure:14645: result: pre-installed
configure:14650: checking where to find the target windmc
configure:14687: result: pre-installed
configure:14720: checking whether to enable maintainer-specific portions of Makefiles
configure:14729: result: no
configure:14986: creating ./config.status

## ---------------------- ##
## Running config.status. ##
## ---------------------- ##

This file was extended by config.status, which was
generated by GNU Autoconf 2.64.  Invocation command line was

  CONFIG_FILES    = 
  CONFIG_HEADERS  = 
  CONFIG_LINKS    = 
  CONFIG_COMMANDS = 
  $ ./config.status 

on dl-Precision-M6500

config.status:968: creating Makefile

## ---------------- ##
## Cache variables. ##
## ---------------- ##

ac_cv_build=x86_64-cross-linux-gnu
ac_cv_c_compiler_gnu=yes
ac_cv_cxx_compiler_gnu=yes
ac_cv_env_AR_FOR_TARGET_set=
ac_cv_env_AR_FOR_TARGET_value=
ac_cv_env_AR_set=set
ac_cv_env_AR_value=ar
ac_cv_env_AS_FOR_TARGET_set=
ac_cv_env_AS_FOR_TARGET_value=
ac_cv_env_AS_set=
ac_cv_env_AS_value=
ac_cv_env_CCC_set=
ac_cv_env_CCC_value=
ac_cv_env_CC_FOR_TARGET_set=
ac_cv_env_CC_FOR_TARGET_value=
ac_cv_env_CC_set=
ac_cv_env_CC_value=
ac_cv_env_CFLAGS_set=
ac_cv_env_CFLAGS_value=
ac_cv_env_CPPFLAGS_set=
ac_cv_env_CPPFLAGS_value=
ac_cv_env_CXXFLAGS_set=
ac_cv_env_CXXFLAGS_value=
ac_cv_env_CXX_FOR_TARGET_set=
ac_cv_env_CXX_FOR_TARGET_value=
ac_cv_env_CXX_set=
ac_cv_env_CXX_value=
ac_cv_env_DLLTOOL_FOR_TARGET_set=
ac_cv_env_DLLTOOL_FOR_TARGET_value=
ac_cv_env_DLLTOOL_set=
ac_cv_env_DLLTOOL_value=
ac_cv_env_GCC_FOR_TARGET_set=
ac_cv_env_GCC_FOR_TARGET_value=
ac_cv_env_GCJ_FOR_TARGET_set=
ac_cv_env_GCJ_FOR_TARGET_value=
ac_cv_env_GFORTRAN_FOR_TARGET_set=
ac_cv_env_GFORTRAN_FOR_TARGET_value=
ac_cv_env_GOC_FOR_TARGET_set=
ac_cv_env_GOC_FOR_TARGET_value=
ac_cv_env_LDFLAGS_set=set
ac_cv_env_LDFLAGS_value=-Wl,-rpath,/cross-tools/lib
ac_cv_env_LD_FOR_TARGET_set=
ac_cv_env_LD_FOR_TARGET_value=
ac_cv_env_LD_set=
ac_cv_env_LD_value=
ac_cv_env_LIBS_set=
ac_cv_env_LIBS_value=
ac_cv_env_LIPO_FOR_TARGET_set=
ac_cv_env_LIPO_FOR_TARGET_value=
ac_cv_env_LIPO_set=
ac_cv_env_LIPO_value=
ac_cv_env_NM_FOR_TARGET_set=
ac_cv_env_NM_FOR_TARGET_value=
ac_cv_env_NM_set=
ac_cv_env_NM_value=
ac_cv_env_OBJCOPY_FOR_TARGET_set=
ac_cv_env_OBJCOPY_FOR_TARGET_value=
ac_cv_env_OBJCOPY_set=
ac_cv_env_OBJCOPY_value=
ac_cv_env_OBJDUMP_FOR_TARGET_set=
ac_cv_env_OBJDUMP_FOR_TARGET_value=
ac_cv_env_OBJDUMP_set=
ac_cv_env_OBJDUMP_value=
ac_cv_env_RANLIB_FOR_TARGET_set=
ac_cv_env_RANLIB_FOR_TARGET_value=
ac_cv_env_RANLIB_set=
ac_cv_env_RANLIB_value=
ac_cv_env_READELF_FOR_TARGET_set=
ac_cv_env_READELF_FOR_TARGET_value=
ac_cv_env_READELF_set=
ac_cv_env_READELF_value=
ac_cv_env_STRIP_FOR_TARGET_set=
ac_cv_env_STRIP_FOR_TARGET_value=
ac_cv_env_STRIP_set=
ac_cv_env_STRIP_value=
ac_cv_env_WINDMC_FOR_TARGET_set=
ac_cv_env_WINDMC_FOR_TARGET_value=
ac_cv_env_WINDMC_set=
ac_cv_env_WINDMC_value=
ac_cv_env_WINDRES_FOR_TARGET_set=
ac_cv_env_WINDRES_FOR_TARGET_value=
ac_cv_env_WINDRES_set=
ac_cv_env_WINDRES_value=
ac_cv_env_build_alias_set=set
ac_cv_env_build_alias_value=x86_64-cross-linux-gnu
ac_cv_env_build_configargs_set=
ac_cv_env_build_configargs_value=
ac_cv_env_host_alias_set=set
ac_cv_env_host_alias_value=x86_64-cross-linux-gnu
ac_cv_env_host_configargs_set=
ac_cv_env_host_configargs_value=
ac_cv_env_target_alias_set=set
ac_cv_env_target_alias_value=powerpc64-unknown-linux-gnu
ac_cv_env_target_configargs_set=
ac_cv_env_target_configargs_value=
ac_cv_host=x86_64-cross-linux-gnu
ac_cv_objext=o
ac_cv_path_AR_FOR_TARGET=/cross-tools/powerpc64-unknown-linux-gnu/bin/ar
ac_cv_path_AS_FOR_TARGET=/cross-tools/powerpc64-unknown-linux-gnu/bin/as
ac_cv_path_LD_FOR_TARGET=/cross-tools/powerpc64-unknown-linux-gnu/bin/ld
ac_cv_path_NM_FOR_TARGET=/cross-tools/powerpc64-unknown-linux-gnu/bin/nm
ac_cv_path_OBJCOPY_FOR_TARGET=/cross-tools/powerpc64-unknown-linux-gnu/bin/objcopy
ac_cv_path_OBJDUMP_FOR_TARGET=/cross-tools/powerpc64-unknown-linux-gnu/bin/objdump
ac_cv_path_RANLIB_FOR_TARGET=/cross-tools/powerpc64-unknown-linux-gnu/bin/ranlib
ac_cv_path_SED=/bin/sed
ac_cv_path_STRIP_FOR_TARGET=/cross-tools/powerpc64-unknown-linux-gnu/bin/strip
ac_cv_path_install='/usr/bin/install -c'
ac_cv_prog_AR=ar
ac_cv_prog_AS=as
ac_cv_prog_AWK=gawk
ac_cv_prog_LD=ld
ac_cv_prog_M4=m4
ac_cv_prog_NM=nm
ac_cv_prog_OBJCOPY=objcopy
ac_cv_prog_OBJDUMP=objdump
ac_cv_prog_RANLIB=ranlib
ac_cv_prog_READELF=readelf
ac_cv_prog_READELF_FOR_TARGET=powerpc64-unknown-linux-gnu-readelf
ac_cv_prog_STRIP=strip
ac_cv_prog_ac_ct_CC=gcc
ac_cv_prog_ac_ct_CXX=g++
ac_cv_prog_cc_c89=
ac_cv_prog_cc_g=yes
ac_cv_prog_cxx_g=yes
ac_cv_target=powerpc64-unknown-linux-gnu
acx_cv_cc_gcc_supports_ada=no
acx_cv_prog_LN=ln
gcc_cv_isl=yes
gcc_cv_prog_cmp_skip='cmp --ignore-initial=16 $$f1 $$f2'
gcc_cv_tool_dirs=/cross-tools/libexec/gcc/powerpc64-unknown-linux-gnu/5.2.0:/cross-tools/libexec/gcc/powerpc64-unknown-linux-gnu:/usr/lib/gcc/powerpc64-unknown-linux-gnu/5.2.0:/usr/lib/gcc/powerpc64-unknown-linux-gnu:/cross-tools/powerpc64-unknown-linux-gnu/bin/powerpc64-unknown-linux-gnu/5.2.0:/cross-tools/powerpc64-unknown-linux-gnu/bin:
gcc_cv_tool_prefix=/cross-tools
lt_cv_objdir=.libs

## ----------------- ##
## Output variables. ##
## ----------------- ##

AR='ar'
AR_FOR_BUILD='$(AR)'
AR_FOR_TARGET='/cross-tools/powerpc64-unknown-linux-gnu/bin/ar'
AS='as'
AS_FOR_BUILD='$(AS)'
AS_FOR_TARGET='/cross-tools/powerpc64-unknown-linux-gnu/bin/as'
AWK='gawk'
BISON='/home/dl/ramdisk/build_qemu_image/clfs_cross_tools/system/ppc64-64/sources/gcc-5.2.0/missing bison'
BUILD_CONFIG=''
CC='gcc'
CC_FOR_BUILD='$(CC)'
CC_FOR_TARGET='$$r/$(HOST_SUBDIR)/gcc/xgcc -B$$r/$(HOST_SUBDIR)/gcc/'
CFLAGS='-g -O2'
CFLAGS_FOR_BUILD='-g -O2'
CFLAGS_FOR_TARGET='-g -O2'
COMPILER_AS_FOR_TARGET='$$r/$(HOST_SUBDIR)/gcc/as'
COMPILER_LD_FOR_TARGET='$$r/$(HOST_SUBDIR)/gcc/collect-ld'
COMPILER_NM_FOR_TARGET='$$r/$(HOST_SUBDIR)/gcc/nm'
CONFIGURE_GDB_TK=''
CPPFLAGS=''
CXX='g++'
CXXFLAGS='-g -O2'
CXXFLAGS_FOR_BUILD='-g -O2'
CXXFLAGS_FOR_TARGET='-g -O2'
CXX_FOR_BUILD='$(CXX)'
CXX_FOR_TARGET='powerpc64-unknown-linux-gnu-c++'
DEBUG_PREFIX_CFLAGS_FOR_TARGET=''
DEFS='-DPACKAGE_NAME=\"\" -DPACKAGE_TARNAME=\"\" -DPACKAGE_VERSION=\"\" -DPACKAGE_STRING=\"\" -DPACKAGE_BUGREPORT=\"\" -DPACKAGE_URL=\"\" -DLT_OBJDIR=\".libs/\"'
DLLTOOL='dlltool'
DLLTOOL_FOR_BUILD='$(DLLTOOL)'
DLLTOOL_FOR_TARGET='powerpc64-unknown-linux-gnu-dlltool'
ECHO_C=''
ECHO_N='-n'
ECHO_T=''
EXEEXT=''
EXPECT='expect'
EXTRA_CONFIGARGS_LIBJAVA='--disable-static'
FLAGS_FOR_TARGET=' -B$(build_tooldir)/bin/ -B$(build_tooldir)/lib/ -isystem $(build_tooldir)/include -isystem $(build_tooldir)/sys-include'
FLEX='/home/dl/ramdisk/build_qemu_image/clfs_cross_tools/system/ppc64-64/sources/gcc-5.2.0/missing flex'
GCC_FOR_TARGET='$$r/$(HOST_SUBDIR)/gcc/xgcc -B$$r/$(HOST_SUBDIR)/gcc/'
GCC_SHLIB_SUBDIR=''
GCJ_FOR_BUILD='$(GCJ)'
GCJ_FOR_TARGET='powerpc64-unknown-linux-gnu-gcj'
GDB_TK=''
GFORTRAN_FOR_BUILD='$(GFORTRAN)'
GFORTRAN_FOR_TARGET='powerpc64-unknown-linux-gnu-gfortran'
GNATBIND='no'
GNATMAKE='no'
GOC_FOR_BUILD='$(GOC)'
GOC_FOR_TARGET='powerpc64-unknown-linux-gnu-gccgo'
INSTALL_DATA='${INSTALL} -m 644'
INSTALL_GDB_TK=''
INSTALL_PROGRAM='${INSTALL}'
INSTALL_SCRIPT='${INSTALL}'
LD='ld'
LDFLAGS='-Wl,-rpath,/cross-tools/lib'
LDFLAGS_FOR_BUILD='-Wl,-rpath,/cross-tools/lib'
LDFLAGS_FOR_TARGET=''
LD_FOR_BUILD='$(LD)'
LD_FOR_TARGET='/cross-tools/powerpc64-unknown-linux-gnu/bin/ld'
LEX='/home/dl/ramdisk/build_qemu_image/clfs_cross_tools/system/ppc64-64/sources/gcc-5.2.0/missing flex'
LIBOBJS=''
LIBS=''
LIPO='lipo'
LIPO_FOR_TARGET='powerpc64-unknown-linux-gnu-lipo'
LN='ln'
LN_S='ln -s'
LTLIBOBJS=''
M4='m4'
MAINT='#'
MAINTAINER_MODE_FALSE=''
MAINTAINER_MODE_TRUE='#'
MAKEINFO='/home/dl/ramdisk/build_qemu_image/clfs_cross_tools/system/ppc64-64/sources/gcc-5.2.0/missing makeinfo'
NM='nm'
NM_FOR_BUILD='$(NM)'
NM_FOR_TARGET='/cross-tools/powerpc64-unknown-linux-gnu/bin/nm'
OBJCOPY='objcopy'
OBJCOPY_FOR_TARGET='/cross-tools/powerpc64-unknown-linux-gnu/bin/objcopy'
OBJDUMP='objdump'
OBJDUMP_FOR_TARGET='/cross-tools/powerpc64-unknown-linux-gnu/bin/objdump'
OBJEXT='o'
PACKAGE_BUGREPORT=''
PACKAGE_NAME=''
PACKAGE_STRING=''
PACKAGE_TARNAME=''
PACKAGE_URL=''
PACKAGE_VERSION=''
PATH_SEPARATOR=':'
RANLIB='ranlib'
RANLIB_FOR_BUILD='$(RANLIB)'
RANLIB_FOR_TARGET='/cross-tools/powerpc64-unknown-linux-gnu/bin/ranlib'
RAW_CXX_FOR_TARGET='powerpc64-unknown-linux-gnu-c++'
READELF='readelf'
READELF_FOR_TARGET='powerpc64-unknown-linux-gnu-readelf'
RPATH_ENVVAR='LD_LIBRARY_PATH'
RUNTEST='runtest'
SED='/bin/sed'
SHELL='/bin/bash'
STRIP='strip'
STRIP_FOR_TARGET='/cross-tools/powerpc64-unknown-linux-gnu/bin/strip'
SYSROOT_CFLAGS_FOR_TARGET=''
TOPLEVEL_CONFIGURE_ARGUMENTS='../gcc-5.2.0/configure --prefix=/cross-tools --build=x86_64-cross-linux-gnu --host=x86_64-cross-linux-gnu --target=powerpc64-unknown-linux-gnu --with-sysroot=/home/dl/ramdisk/build_qemu_image/clfs_cross_tools/system/ppc64-64 --with-local-prefix=/tools --with-native-system-header-dir=/tools/include --disable-nls --disable-shared --with-mpfr=/cross-tools --with-gmp=/cross-tools --with-isl=/cross-tools --with-mpc=/cross-tools --without-headers --with-newlib --disable-decimal-float --disable-libgomp --disable-libmudflap --disable-libssp --disable-libatomic --disable-libitm --disable-libsanitizer --disable-libquadmath --disable-threads --disable-multilib --disable-target-zlib --with-system-zlib  --enable-languages=c --enable-checking=release'
WINDMC='windmc'
WINDMC_FOR_BUILD='$(WINDMC)'
WINDMC_FOR_TARGET='powerpc64-unknown-linux-gnu-windmc'
WINDRES='windres'
WINDRES_FOR_BUILD='$(WINDRES)'
WINDRES_FOR_TARGET='powerpc64-unknown-linux-gnu-windres'
YACC='/home/dl/ramdisk/build_qemu_image/clfs_cross_tools/system/ppc64-64/sources/gcc-5.2.0/missing bison -y'
ac_ct_CC='gcc'
ac_ct_CXX='g++'
bindir='${exec_prefix}/bin'
build='x86_64-cross-linux-gnu'
build_alias='x86_64-cross-linux-gnu'
build_configargs=' --cache-file=./config.cache '\''--prefix=/cross-tools'\'' '\''--with-sysroot=/home/dl/ramdisk/build_qemu_image/clfs_cross_tools/system/ppc64-64'\'' '\''--with-local-prefix=/tools'\'' '\''--with-native-system-header-dir=/tools/include'\'' '\''--disable-nls'\'' '\''--disable-shared'\'' '\''--with-mpfr=/cross-tools'\'' '\''--with-gmp=/cross-tools'\'' '\''--with-isl=/cross-tools'\'' '\''--with-mpc=/cross-tools'\'' '\''--without-headers'\'' '\''--with-newlib'\'' '\''--disable-decimal-float'\'' '\''--disable-libgomp'\'' '\''--disable-libmudflap'\'' '\''--disable-libssp'\'' '\''--disable-libatomic'\'' '\''--disable-libitm'\'' '\''--disable-libsanitizer'\'' '\''--disable-libquadmath'\'' '\''--disable-threads'\'' '\''--disable-multilib'\'' '\''--disable-target-zlib'\'' '\''--with-system-zlib'\'' '\''--enable-checking=release'\'' '\''--enable-languages=c,lto'\'' --program-transform-name='\''s&^&powerpc64-unknown-linux-gnu-&'\'' --disable-option-checking'
build_configdirs=' libiberty libcpp fixincludes'
build_cpu='x86_64'
build_libsubdir='build-x86_64-cross-linux-gnu'
build_noncanonical='x86_64-cross-linux-gnu'
build_os='linux-gnu'
build_subdir='build-x86_64-cross-linux-gnu'
build_tooldir='${exec_prefix}/powerpc64-unknown-linux-gnu'
build_vendor='cross'
compare_exclusions='gcc/cc*-checksum$(objext) | gcc/ada/*tools/*'
configdirs=' intl libiberty libbacktrace libcpp libdecnumber fixincludes gcc libcc1 lto-plugin'
datadir='${datarootdir}'
datarootdir='${prefix}/share'
do_compare='cmp --ignore-initial=16 $$f1 $$f2'
docdir='${datarootdir}/doc/${PACKAGE}'
dvidir='${docdir}'
exec_prefix='${prefix}'
extra_host_libiberty_configure_flags='--enable-shared'
extra_isl_gmp_configure_flags=''
extra_liboffloadmic_configure_flags=''
extra_linker_plugin_configure_flags=''
extra_linker_plugin_flags=''
extra_mpc_gmp_configure_flags=''
extra_mpc_mpfr_configure_flags=''
extra_mpfr_configure_flags=''
gmpinc='-I/cross-tools/include -I/cross-tools/include -I/cross-tools/include '
gmplibs='-L/cross-tools/lib -L/cross-tools/lib -L/cross-tools/lib -lmpc -lmpfr -lgmp'
host='x86_64-cross-linux-gnu'
host_alias='x86_64-cross-linux-gnu'
host_configargs=' --cache-file=./config.cache  --with-system-zlib '\''--prefix=/cross-tools'\'' '\''--with-sysroot=/home/dl/ramdisk/build_qemu_image/clfs_cross_tools/system/ppc64-64'\'' '\''--with-local-prefix=/tools'\'' '\''--with-native-system-header-dir=/tools/include'\'' '\''--disable-nls'\'' '\''--disable-shared'\'' '\''--with-mpfr=/cross-tools'\'' '\''--with-gmp=/cross-tools'\'' '\''--with-isl=/cross-tools'\'' '\''--with-mpc=/cross-tools'\'' '\''--without-headers'\'' '\''--with-newlib'\'' '\''--disable-decimal-float'\'' '\''--disable-libgomp'\'' '\''--disable-libmudflap'\'' '\''--disable-libssp'\'' '\''--disable-libatomic'\'' '\''--disable-libitm'\'' '\''--disable-libsanitizer'\'' '\''--disable-libquadmath'\'' '\''--disable-threads'\'' '\''--disable-multilib'\'' '\''--disable-target-zlib'\'' '\''--with-system-zlib'\'' '\''--enable-checking=release'\'' '\''--enable-languages=c,lto'\'' --program-transform-name='\''s&^&powerpc64-unknown-linux-gnu-&'\'' --disable-option-checking'
host_cpu='x86_64'
host_noncanonical='x86_64-cross-linux-gnu'
host_os='linux-gnu'
host_shared='no'
host_subdir='.'
host_vendor='cross'
htmldir='${docdir}'
includedir='${prefix}/include'
infodir='${datarootdir}/info'
islinc='-I/cross-tools/include'
isllibs='-L/cross-tools/lib -lisl'
libdir='${exec_prefix}/lib'
libexecdir='${exec_prefix}/libexec'
localedir='${datarootdir}/locale'
localstatedir='${prefix}/var'
mandir='${datarootdir}/man'
oldincludedir='/usr/include'
pdfdir='${docdir}'
poststage1_ldflags='-static-libstdc++ -static-libgcc'
poststage1_libs=''
prefix='/cross-tools'
program_transform_name='s&^&powerpc64-unknown-linux-gnu-&'
psdir='${docdir}'
sbindir='${exec_prefix}/sbin'
sharedstatedir='${prefix}/com'
stage1_cflags='-g'
stage1_checking='--enable-checking=release,types'
stage1_languages='c,lto'
stage1_ldflags='-static-libstdc++ -static-libgcc'
stage1_libs=''
stage2_werror_flag=''
sysconfdir='${prefix}/etc'
target='powerpc64-unknown-linux-gnu'
target_alias='powerpc64-unknown-linux-gnu'
target_configargs='--cache-file=./config.cache --with-cross-host=x86_64-cross-linux-gnu   '\''--prefix=/cross-tools'\'' '\''--with-sysroot=/home/dl/ramdisk/build_qemu_image/clfs_cross_tools/system/ppc64-64'\'' '\''--with-local-prefix=/tools'\'' '\''--with-native-system-header-dir=/tools/include'\'' '\''--disable-nls'\'' '\''--disable-shared'\'' '\''--without-headers'\'' '\''--with-newlib'\'' '\''--disable-decimal-float'\'' '\''--disable-libgomp'\'' '\''--disable-libmudflap'\'' '\''--disable-libssp'\'' '\''--disable-libatomic'\'' '\''--disable-libitm'\'' '\''--disable-libsanitizer'\'' '\''--disable-libquadmath'\'' '\''--disable-threads'\'' '\''--disable-multilib'\'' '\''--disable-target-zlib'\'' '\''--with-system-zlib'\'' '\''--enable-checking=release'\'' '\''--enable-languages=c,lto'\'' --program-transform-name='\''s&^&powerpc64-unknown-linux-gnu-&'\'' --disable-option-checking'
target_configdirs=' libgcc'
target_cpu='powerpc64'
target_noncanonical='powerpc64-unknown-linux-gnu'
target_os='linux-gnu'
target_subdir='powerpc64-unknown-linux-gnu'
target_vendor='unknown'
tooldir='${exec_prefix}/powerpc64-unknown-linux-gnu'

## ------------------- ##
## File substitutions. ##
## ------------------- ##

alphaieee_frag='/dev/null'
host_makefile_frag='/dev/null'
ospace_frag='/dev/null'
serialization_dependencies='serdep.tmp'
target_makefile_frag='../gcc-5.2.0/config/mt-gnu'

## ----------- ##
## confdefs.h. ##
## ----------- ##

/* confdefs.h */
#define PACKAGE_NAME ""
#define PACKAGE_TARNAME ""
#define PACKAGE_VERSION ""
#define PACKAGE_STRING ""
#define PACKAGE_BUGREPORT ""
#define PACKAGE_URL ""
#define LT_OBJDIR ".libs/"

configure: exit 0
