This file contains any messages produced by compilers while
running configure, to aid debugging if configure makes a mistake.

It was created by GNU C Library configure (see version.h), which was
generated by GNU Autoconf 2.69.  Invocation command line was

  $ ../glibc-2.22/configure --prefix=/tools --host=alphaev67-unknown-linux-gnu --build=x86_64-cross-linux-gnu --disable-profile --enable-kernel=4.2.3 --with-binutils=/cross-tools/bin --with-headers=/tools/include --enable-obsolete-rpc --cache-file=config.cache

## --------- ##
## Platform. ##
## --------- ##

hostname = dl-Precision-M6500
uname -m = x86_64
uname -r = 3.19.0-31-generic
uname -s = Linux
uname -v = #36-Ubuntu SMP Wed Oct 7 15:04:02 UTC 2015

/usr/bin/uname -p = unknown
/bin/uname -X     = unknown

/bin/arch              = unknown
/usr/bin/arch -k       = unknown
/usr/convex/getsysinfo = unknown
/usr/bin/hostinfo      = unknown
/bin/machine           = unknown
/usr/bin/oslevel       = unknown
/bin/universe          = unknown

PATH: /cross-tools/bin
PATH: /usr/local/sbin
PATH: /usr/local/bin
PATH: /usr/sbin
PATH: /usr/bin
PATH: /sbin
PATH: /bin
PATH: /usr/games
PATH: /usr/local/games


## ----------- ##
## Core tests. ##
## ----------- ##

configure:2222: loading cache config.cache
configure:2416: checking build system type
configure:2430: result: x86_64-cross-linux-gnu
configure:2450: checking host system type
configure:2463: result: alphaev67-unknown-linux-gnu
configure:2492: checking for alphaev67-unknown-linux-gnu-gcc
configure:2519: result: alphaev67-unknown-linux-gnu-gcc -mcpu=ev67 -mtune=ev67
configure:2788: checking for C compiler version
configure:2797: alphaev67-unknown-linux-gnu-gcc -mcpu=ev67 -mtune=ev67 --version >&5
alphaev67-unknown-linux-gnu-gcc (GCC) 5.2.0
Copyright (C) 2015 Free Software Foundation, Inc.
This is free software; see the source for copying conditions.  There is NO
warranty; not even for MERCHANTABILITY or FITNESS FOR A PARTICULAR PURPOSE.

configure:2808: $? = 0
configure:2797: alphaev67-unknown-linux-gnu-gcc -mcpu=ev67 -mtune=ev67 -v >&5
Using built-in specs.
COLLECT_GCC=alphaev67-unknown-linux-gnu-gcc
COLLECT_LTO_WRAPPER=/home/dl/ramdisk/clfs_cross_tools/system/alpha/cross-tools/bin/../libexec/gcc/alphaev67-unknown-linux-gnu/5.2.0/lto-wrapper
Target: alphaev67-unknown-linux-gnu
Configured with: ../gcc-5.2.0/configure --prefix=/cross-tools --build=x86_64-cross-linux-gnu --host=x86_64-cross-linux-gnu --target=alphaev67-unknown-linux-gnu --with-sysroot=/home/dl/ramdisk/clfs_cross_tools/system/alpha --with-local-prefix=/tools --with-native-system-header-dir=/tools/include --disable-nls --disable-shared --with-mpfr=/cross-tools --with-gmp=/cross-tools --with-isl=/cross-tools --with-mpc=/cross-tools --without-headers --with-newlib --disable-decimal-float --disable-libgomp --disable-libmudflap --disable-libssp --disable-libatomic --disable-libitm --disable-libsanitizer --disable-libquadmath --disable-threads --disable-multilib --disable-target-zlib --with-system-zlib  --enable-languages=c --enable-checking=release
Thread model: single
gcc version 5.2.0 (GCC) 
configure:2808: $? = 0
configure:2797: alphaev67-unknown-linux-gnu-gcc -mcpu=ev67 -mtune=ev67 -V >&5
alphaev67-unknown-linux-gnu-gcc: error: unrecognized command line option '-V'
alphaev67-unknown-linux-gnu-gcc: fatal error: no input files
compilation terminated.
configure:2808: $? = 1
configure:2797: alphaev67-unknown-linux-gnu-gcc -mcpu=ev67 -mtune=ev67 -qversion >&5
alphaev67-unknown-linux-gnu-gcc: error: unrecognized command line option '-qversion'
alphaev67-unknown-linux-gnu-gcc: fatal error: no input files
compilation terminated.
configure:2808: $? = 1
configure:2813: checking for suffix of object files
configure:2835: alphaev67-unknown-linux-gnu-gcc -mcpu=ev67 -mtune=ev67 -c   conftest.c >&5
configure:2839: $? = 0
configure:2860: result: o
configure:2864: checking whether we are using the GNU C compiler
configure:2883: alphaev67-unknown-linux-gnu-gcc -mcpu=ev67 -mtune=ev67 -c   conftest.c >&5
configure:2883: $? = 0
configure:2892: result: yes
configure:2901: checking whether alphaev67-unknown-linux-gnu-gcc -mcpu=ev67 -mtune=ev67 accepts -g
configure:2921: alphaev67-unknown-linux-gnu-gcc -mcpu=ev67 -mtune=ev67 -c -g  conftest.c >&5
configure:2921: $? = 0
configure:2962: result: yes
configure:2991: checking for gcc
configure:3018: result: gcc
configure:3042: checking for alphaev67-unknown-linux-gnu-readelf
configure:3058: found /cross-tools/bin/alphaev67-unknown-linux-gnu-readelf
configure:3069: result: alphaev67-unknown-linux-gnu-readelf
configure:3147: checking for alphaev67-unknown-linux-gnu-g++
configure:3177: result: no
configure:3147: checking for alphaev67-unknown-linux-gnu-c++
configure:3177: result: no
configure:3147: checking for alphaev67-unknown-linux-gnu-gpp
configure:3177: result: no
configure:3147: checking for alphaev67-unknown-linux-gnu-aCC
configure:3177: result: no
configure:3147: checking for alphaev67-unknown-linux-gnu-CC
configure:3177: result: no
configure:3147: checking for alphaev67-unknown-linux-gnu-cxx
configure:3177: result: no
configure:3147: checking for alphaev67-unknown-linux-gnu-cc++
configure:3177: result: no
configure:3147: checking for alphaev67-unknown-linux-gnu-cl.exe
configure:3177: result: no
configure:3147: checking for alphaev67-unknown-linux-gnu-FCC
configure:3177: result: no
configure:3147: checking for alphaev67-unknown-linux-gnu-KCC
configure:3177: result: no
configure:3147: checking for alphaev67-unknown-linux-gnu-RCC
configure:3177: result: no
configure:3147: checking for alphaev67-unknown-linux-gnu-xlC_r
configure:3177: result: no
configure:3147: checking for alphaev67-unknown-linux-gnu-xlC
configure:3177: result: no
configure:3191: checking for g++
configure:3207: found /usr/bin/g++
configure:3218: result: g++
configure:3234: WARNING: using cross tools not prefixed with host triplet
configure:3245: checking for C++ compiler version
configure:3254: g++ --version >&5
g++ (Ubuntu 4.9.2-10ubuntu13) 4.9.2
Copyright (C) 2014 Free Software Foundation, Inc.
This is free software; see the source for copying conditions.  There is NO
warranty; not even for MERCHANTABILITY or FITNESS FOR A PARTICULAR PURPOSE.

configure:3265: $? = 0
configure:3254: g++ -v >&5
Using built-in specs.
COLLECT_GCC=g++
COLLECT_LTO_WRAPPER=/usr/lib/gcc/x86_64-linux-gnu/4.9/lto-wrapper
Target: x86_64-linux-gnu
Configured with: ../src/configure -v --with-pkgversion='Ubuntu 4.9.2-10ubuntu13' --with-bugurl=file:///usr/share/doc/gcc-4.9/README.Bugs --enable-languages=c,c++,java,go,d,fortran,objc,obj-c++ --prefix=/usr --program-suffix=-4.9 --enable-shared --enable-linker-build-id --libexecdir=/usr/lib --without-included-gettext --enable-threads=posix --with-gxx-include-dir=/usr/include/c++/4.9 --libdir=/usr/lib --enable-nls --with-sysroot=/ --enable-clocale=gnu --enable-libstdcxx-debug --enable-libstdcxx-time=yes --enable-gnu-unique-object --disable-vtable-verify --enable-plugin --with-system-zlib --disable-browser-plugin --enable-java-awt=gtk --enable-gtk-cairo --with-java-home=/usr/lib/jvm/java-1.5.0-gcj-4.9-amd64/jre --enable-java-home --with-jvm-root-dir=/usr/lib/jvm/java-1.5.0-gcj-4.9-amd64 --with-jvm-jar-dir=/usr/lib/jvm-exports/java-1.5.0-gcj-4.9-amd64 --with-arch-directory=amd64 --with-ecj-jar=/usr/share/java/eclipse-ecj.jar --enable-objc-gc --enable-multiarch --disable-werror --with-arch-32=i686 --with-abi=m64 --with-multilib-list=m32,m64,mx32 --enable-multilib --with-tune=generic --enable-checking=release --build=x86_64-linux-gnu --host=x86_64-linux-gnu --target=x86_64-linux-gnu
Thread model: posix
gcc version 4.9.2 (Ubuntu 4.9.2-10ubuntu13) 
configure:3265: $? = 0
configure:3254: g++ -V >&5
g++: error: unrecognized command line option '-V'
g++: fatal error: no input files
compilation terminated.
configure:3265: $? = 4
configure:3254: g++ -qversion >&5
g++: error: unrecognized command line option '-qversion'
g++: fatal error: no input files
compilation terminated.
configure:3265: $? = 4
configure:3269: checking whether we are using the GNU C++ compiler
configure:3288: g++ -c   conftest.cpp >&5
configure:3288: $? = 0
configure:3297: result: yes
configure:3306: checking whether g++ accepts -g
configure:3326: g++ -c -g  conftest.cpp >&5
configure:3326: $? = 0
configure:3367: result: yes
configure:3392: checking whether g++ can link programs
configure:3414: g++ -o conftest -g -O2   conftest.cpp  >&5
configure:3414: $? = 0
configure:3428: result: yes
configure:3899: checking for sysdeps preconfigure fragments
configure:3906: result: 
configure:3977: running configure fragment for add-on libidn
configure:4077: checking for assembler and linker STT_GNU_IFUNC support

There are no relocations in this file.
configure:4108: result: no
configure:4111: checking whether .text pseudo-op must be used
configure:4121: alphaev67-unknown-linux-gnu-gcc -mcpu=ev67 -mtune=ev67  -c conftest.s 1>&5
configure:4124: $? = 0
configure:4135: result: yes
configure:4154: checking sysdep dirs
configure:4374: result: sysdeps/generic
configure:4451: checking for a BSD-compatible install
configure:4519: result: /usr/bin/install -c
configure:4534: checking whether ln -s works
configure:4538: result: yes
configure:4562: checking whether /home/dl/ramdisk/clfs_cross_tools/system/alpha/cross-tools/bin/../lib/gcc/alphaev67-unknown-linux-gnu/5.2.0/../../../../alphaev67-unknown-linux-gnu/bin/as is GNU as
configure:4576: result: yes
configure:4581: checking whether /home/dl/ramdisk/clfs_cross_tools/system/alpha/cross-tools/bin/../lib/gcc/alphaev67-unknown-linux-gnu/5.2.0/../../../../alphaev67-unknown-linux-gnu/bin/ld is GNU ld
configure:4595: result: yes
configure:4605: checking for /home/dl/ramdisk/clfs_cross_tools/system/alpha/cross-tools/bin/../lib/gcc/alphaev67-unknown-linux-gnu/5.2.0/../../../../alphaev67-unknown-linux-gnu/bin/as
configure:4632: result: /home/dl/ramdisk/clfs_cross_tools/system/alpha/cross-tools/bin/../lib/gcc/alphaev67-unknown-linux-gnu/5.2.0/../../../../alphaev67-unknown-linux-gnu/bin/as
configure:4647: checking version of /home/dl/ramdisk/clfs_cross_tools/system/alpha/cross-tools/bin/../lib/gcc/alphaev67-unknown-linux-gnu/5.2.0/../../../../alphaev67-unknown-linux-gnu/bin/as
configure:4657: result: 2.25.1, ok
configure:4668: checking for /home/dl/ramdisk/clfs_cross_tools/system/alpha/cross-tools/bin/../lib/gcc/alphaev67-unknown-linux-gnu/5.2.0/../../../../alphaev67-unknown-linux-gnu/bin/ld
configure:4695: result: /home/dl/ramdisk/clfs_cross_tools/system/alpha/cross-tools/bin/../lib/gcc/alphaev67-unknown-linux-gnu/5.2.0/../../../../alphaev67-unknown-linux-gnu/bin/ld
configure:4710: checking version of /home/dl/ramdisk/clfs_cross_tools/system/alpha/cross-tools/bin/../lib/gcc/alphaev67-unknown-linux-gnu/5.2.0/../../../../alphaev67-unknown-linux-gnu/bin/ld
configure:4720: result: 2.25.1, ok
configure:4734: checking for gnumake
configure:4764: result: no
configure:4734: checking for gmake
configure:4764: result: no
configure:4734: checking for make
configure:4750: found /usr/bin/make
configure:4761: result: make
configure:4776: checking version of make
configure:4786: result: 4.0, ok
configure:4798: checking for gnumsgfmt
configure:4828: result: no
configure:4798: checking for gmsgfmt
configure:4828: result: no
configure:4798: checking for msgfmt
configure:4814: found /usr/bin/msgfmt
configure:4825: result: msgfmt
configure:4840: checking version of msgfmt
configure:4850: result: 0.19.2, ok
configure:4861: checking for makeinfo
configure:4891: result: no
configure:4924: checking for sed
configure:4940: found /bin/sed
configure:4951: result: sed
configure:4966: checking version of sed
configure:4976: result: 4.2.2, ok
configure:4987: checking for gawk
configure:5003: found /usr/bin/gawk
configure:5014: result: gawk
configure:5029: checking version of gawk
configure:5039: result: 4.1.1, ok
configure:5047: checking if alphaev67-unknown-linux-gnu-gcc -mcpu=ev67 -mtune=ev67 -B/cross-tools/bin/ is sufficient to build libc
configure:5067: alphaev67-unknown-linux-gnu-gcc -mcpu=ev67 -mtune=ev67 -B/cross-tools/bin/ -c -g -O2  conftest.c >&5
configure:5067: $? = 0
configure:5074: result: yes
configure:5083: checking for alphaev67-unknown-linux-gnu-nm
configure:5099: found /cross-tools/bin/alphaev67-unknown-linux-gnu-nm
configure:5110: result: alphaev67-unknown-linux-gnu-nm
configure:5250: WARNING:
*** These auxiliary programs are missing or incompatible versions: makeinfo
*** some features will be disabled.
*** Check the INSTALL file for required versions.
configure:5286: checking LD_LIBRARY_PATH variable
configure:5296: result: ok
configure:5305: checking whether GCC supports -static-libgcc
configure:5316: result: -static-libgcc
configure:5322: checking for bash
configure:5340: found /bin/bash
configure:5353: result: /bin/bash
configure:5364: checking for perl
configure:5382: found /usr/bin/perl
configure:5395: result: /usr/bin/perl
configure:5409: checking for install-info
configure:5428: found /usr/bin/install-info
configure:5441: result: /usr/bin/install-info
configure:5453: checking for bison
configure:5483: result: no
configure:5513: checking for libc-friendly stddef.h
configure:5537: alphaev67-unknown-linux-gnu-gcc -mcpu=ev67 -mtune=ev67 -B/cross-tools/bin/ -c -g -O2  conftest.c >&5
conftest.c: In function 'main':
conftest.c:25:38: warning: implicit declaration of function 'abort' [-Wimplicit-function-declaration]
 if (&size == NULL || &wchar == NULL) abort ();
                                      ^
conftest.c:25:38: warning: incompatible implicit declaration of built-in function 'abort'
conftest.c:25:38: note: include '<stdlib.h>' or provide a declaration of 'abort'
configure:5537: $? = 0
configure:5544: result: yes
configure:5551: checking whether we need to use -P to assemble .S files
configure:5561: alphaev67-unknown-linux-gnu-gcc -mcpu=ev67 -mtune=ev67 -B/cross-tools/bin/   -c conftest.S 1>&5
configure:5564: $? = 0
configure:5572: result: no
configure:5579: checking for .set assembler directive
conftest.s: Assembler messages:
conftest.s:3: Warning: Tried to .set unrecognized mode `glibc_conftest_frobozz'
conftest.s:3: Error: junk at end of line, first unrecognized character is `,'
configure:5605: result: no
configure:5612: checking for assembler gnu_unique_object symbol type
configure:5629: result: yes
configure:5636: checking for .previous assembler directive
configure:5646: alphaev67-unknown-linux-gnu-gcc -mcpu=ev67 -mtune=ev67 -B/cross-tools/bin/ -c  conftest.s 1>&5
configure:5649: $? = 0
configure:5657: result: yes
configure:5691: checking for .protected and .hidden assembler directive
configure:5703: alphaev67-unknown-linux-gnu-gcc -mcpu=ev67 -mtune=ev67 -B/cross-tools/bin/ -c  conftest.s 1>&5
configure:5706: $? = 0
configure:5714: result: yes
configure:5718: checking whether __attribute__((visibility())) is supported
configure:5729: alphaev67-unknown-linux-gnu-gcc -mcpu=ev67 -mtune=ev67 -B/cross-tools/bin/ -Werror -S conftest.c -o conftest.s 1>&5
configure:5732: $? = 0
configure:5743: result: yes
configure:5751: checking linker support for protected data symbol
configure:5761: alphaev67-unknown-linux-gnu-gcc -mcpu=ev67 -mtune=ev67 -B/cross-tools/bin/ -nostdlib -nostartfiles -fPIC -shared conftest.c -o conftest.so
configure:5764: $? = 0
configure:5771: alphaev67-unknown-linux-gnu-gcc -mcpu=ev67 -mtune=ev67 -B/cross-tools/bin/ -nostdlib -nostartfiles conftest.c -o conftest conftest.so
/home/dl/ramdisk/clfs_cross_tools/system/alpha/cross-tools/bin/../lib/gcc/alphaev67-unknown-linux-gnu/5.2.0/../../../../alphaev67-unknown-linux-gnu/bin/ld: warning: cannot find entry symbol _start; defaulting to 0000000120000308
configure:5774: $? = 0
configure:5782: result: yes
configure:5790: checking for broken __attribute__((visibility()))
configure:5802: alphaev67-unknown-linux-gnu-gcc -mcpu=ev67 -mtune=ev67 -B/cross-tools/bin/ -Werror -S conftest.c -o conftest.s 1>&5
configure:5805: $? = 0
configure:5814: result: no
configure:5821: checking for broken __attribute__((alias()))
configure:5836: alphaev67-unknown-linux-gnu-gcc -mcpu=ev67 -mtune=ev67 -B/cross-tools/bin/ -Werror -S conftest.c -o conftest.s 1>&5
configure:5839: $? = 0
configure:5849: result: no
configure:5856: checking whether to put _rtld_local into .sdata section
configure:5870: result: yes
configure:5878: checking for .preinit_array/.init_array/.fini_array support
configure:5894: alphaev67-unknown-linux-gnu-gcc -mcpu=ev67 -mtune=ev67 -B/cross-tools/bin/ -g -O2   -o conftest
		       conftest.c -static -nostartfiles -nostdlib
		       1>&5
configure:5897: $? = 0
configure:5910: result: yes
configure:5916: checking whether to use .ctors/.dtors header and trailer
configure:5933: alphaev67-unknown-linux-gnu-gcc -mcpu=ev67 -mtune=ev67 -B/cross-tools/bin/ -g -O2   -o conftest
		       conftest.c -static -nostartfiles -nostdlib
		       1>&5
configure:5936: $? = 0
configure:5962: result: yes
configure:5969: checking for libunwind-support in compiler
configure:5986: result: no
configure:5994: checking for linker that supports -z nodelete
configure:6007: alphaev67-unknown-linux-gnu-gcc -mcpu=ev67 -mtune=ev67 -B/cross-tools/bin/ -g -O2  
				-Wl,--enable-new-dtags,-z,nodelete -nostdlib -nostartfiles
				-fPIC -shared -o conftest.so conftest.c
				1>&5
configure:6010: $? = 0
configure:6023: result: yes
configure:6026: checking for linker that supports -z nodlopen
configure:6039: alphaev67-unknown-linux-gnu-gcc -mcpu=ev67 -mtune=ev67 -B/cross-tools/bin/ -g -O2  
				-Wl,--enable-new-dtags,-z,nodlopen -nostdlib -nostartfiles
				-fPIC -shared -o conftest.so conftest.c
				1>&5
configure:6042: $? = 0
configure:6055: result: yes
configure:6058: checking for linker that supports -z initfirst
configure:6071: alphaev67-unknown-linux-gnu-gcc -mcpu=ev67 -mtune=ev67 -B/cross-tools/bin/ -g -O2  
				-Wl,--enable-new-dtags,-z,initfirst -nostdlib -nostartfiles
				-fPIC -shared -o conftest.so conftest.c
				1>&5
configure:6074: $? = 0
configure:6087: result: yes
configure:6090: checking for -Bgroup option
configure:6101: alphaev67-unknown-linux-gnu-gcc -mcpu=ev67 -mtune=ev67 -B/cross-tools/bin/ -g -O2  
			    -fPIC -shared -o conftest.so conftest.c
			    -Wl,-Bgroup -nostdlib 1>&5
configure:6104: $? = 0
configure:6113: result: yes
configure:6118: checking whether --noexecstack is desirable for .S files
configure:6128: alphaev67-unknown-linux-gnu-gcc -mcpu=ev67 -mtune=ev67 -B/cross-tools/bin/ -g -O2 
		   -S -o conftest.s conftest.c 1>&5
configure:6131: $? = 0
configure:6136: alphaev67-unknown-linux-gnu-gcc -mcpu=ev67 -mtune=ev67 -B/cross-tools/bin/  -Wa,--noexecstack
		      -c -o conftest.o conftest.s 1>&5
configure:6139: $? = 0
configure:6148: result: yes
configure:6155: checking for -z combreloc
configure:6169: alphaev67-unknown-linux-gnu-gcc -mcpu=ev67 -mtune=ev67 -B/cross-tools/bin/ -g -O2  
			-fPIC -shared -o conftest.so conftest.c
			-nostdlib -nostartfiles
			-Wl,-z,combreloc 1>&5
configure:6172: $? = 0
configure:6185: result: yes
configure:6193: checking for linker that supports -z execstack
configure:6206: alphaev67-unknown-linux-gnu-gcc -mcpu=ev67 -mtune=ev67 -B/cross-tools/bin/ -g -O2  
				-Wl,-z,execstack -nostdlib -nostartfiles
				-fPIC -shared -o conftest.so conftest.c
				1>&5
configure:6209: $? = 0
configure:6222: result: yes
configure:6226: checking for -fpie
configure:6232: alphaev67-unknown-linux-gnu-gcc -mcpu=ev67 -mtune=ev67 -B/cross-tools/bin/ -fpie -xc /dev/null -S -o /dev/null
configure:6235: $? = 0
configure:6243: result: yes
configure:6248: checking for --hash-style option
configure:6259: alphaev67-unknown-linux-gnu-gcc -mcpu=ev67 -mtune=ev67 -B/cross-tools/bin/ -g -O2  
			    -fPIC -shared -o conftest.so conftest.c
			    -Wl,--hash-style=both -nostdlib 1>&5
configure:6262: $? = 0
configure:6271: result: yes
configure:6279: checking for sufficient default -shared layout
configure:6298:   alphaev67-unknown-linux-gnu-gcc -mcpu=ev67 -mtune=ev67 -B/cross-tools/bin/  -shared -o conftest.so conftest.s 1>&5
/home/dl/ramdisk/clfs_cross_tools/system/alpha/cross-tools/bin/../lib/gcc/alphaev67-unknown-linux-gnu/5.2.0/../../../../alphaev67-unknown-linux-gnu/bin/ld: cannot find crti.o: No such file or directory
/home/dl/ramdisk/clfs_cross_tools/system/alpha/cross-tools/bin/../lib/gcc/alphaev67-unknown-linux-gnu/5.2.0/../../../../alphaev67-unknown-linux-gnu/bin/ld: cannot find -lc
/home/dl/ramdisk/clfs_cross_tools/system/alpha/cross-tools/bin/../lib/gcc/alphaev67-unknown-linux-gnu/5.2.0/../../../../alphaev67-unknown-linux-gnu/bin/ld: cannot find crtn.o: No such file or directory
collect2: error: ld returned 1 exit status
configure:6301: $? = 1
configure:6333: result: no
configure:6338: checking linker output format
configure:6352: result: elf64-alpha
configure:6356: checking for -fno-toplevel-reorder -fno-section-anchors
configure:6366: alphaev67-unknown-linux-gnu-gcc -mcpu=ev67 -mtune=ev67 -B/cross-tools/bin/ -g -O2  -S -fno-toplevel-reorder -fno-section-anchors
			    conftest.c 1>&5
configure:6369: $? = 0
configure:6378: result: yes
configure:6387: checking for -fstack-protector
configure:6404: result: no
configure:6408: checking for -fgnu89-inline
configure:6435: result: yes
configure:6444: checking whether cc puts quotes around section names
configure:6465: result: no
configure:6472: checking for assembler .weak directive
configure:6485: alphaev67-unknown-linux-gnu-gcc -mcpu=ev67 -mtune=ev67 -B/cross-tools/bin/  -c conftest.s 1>&5
configure:6488: $? = 0
configure:6496: result: yes
configure:6539: checking for ld --no-whole-archive
configure:6552: alphaev67-unknown-linux-gnu-gcc -mcpu=ev67 -mtune=ev67 -B/cross-tools/bin/ -g -O2  
			    -nostdlib -nostartfiles -Wl,--no-whole-archive
			    -o conftest conftest.c 1>&5
conftest.c:1:1: warning: return type defaults to 'int' [-Wimplicit-int]
 _start () {}
 ^
conftest.c:3:1: warning: return type defaults to 'int' [-Wimplicit-int]
 __throw () {}
 ^
configure:6555: $? = 0
configure:6563: result: yes
configure:6569: checking for gcc -fexceptions
configure:6582: alphaev67-unknown-linux-gnu-gcc -mcpu=ev67 -mtune=ev67 -B/cross-tools/bin/ -g -O2  
			    -nostdlib -nostartfiles -fexceptions
			    -o conftest conftest.c 1>&5
conftest.c:1:1: warning: return type defaults to 'int' [-Wimplicit-int]
 _start () {}
 ^
conftest.c:3:1: warning: return type defaults to 'int' [-Wimplicit-int]
 __throw () {}
 ^
configure:6585: $? = 0
configure:6593: result: yes
configure:6599: checking for __builtin_memset
configure:6611: alphaev67-unknown-linux-gnu-gcc -mcpu=ev67 -mtune=ev67 -B/cross-tools/bin/ -O3 -S conftest.c -o - | fgrep memset > /dev/null
configure:6614: $? = 0
configure:6623: result: no
configure:6630: checking for redirection of built-in functions
configure:6643: alphaev67-unknown-linux-gnu-gcc -mcpu=ev67 -mtune=ev67 -B/cross-tools/bin/ -O3 -S conftest.c -o - | fgrep my_strstr > /dev/null
configure:6646: $? = 0
configure:6655: result: yes
configure:6661: checking for __thread
configure:6670: alphaev67-unknown-linux-gnu-gcc -mcpu=ev67 -mtune=ev67 -B/cross-tools/bin/ -g -O2  -c conftest.c >&5
configure:6673: $? = 0
configure:6681: result: yes
configure:6687: checking for tls_model attribute
configure:6696: alphaev67-unknown-linux-gnu-gcc -mcpu=ev67 -mtune=ev67 -B/cross-tools/bin/ -g -O2  -S -Werror conftest.c >&5
configure:6699: $? = 0
configure:6707: result: yes
configure:6713: checking for compiler option to disable generation of FMA instructions
configure:6721: alphaev67-unknown-linux-gnu-gcc -mcpu=ev67 -mtune=ev67 -B/cross-tools/bin/ -ffp-contract=off -xc /dev/null -S -o /dev/null
configure:6724: $? = 0
configure:6730: result: -ffp-contract=off
configure:6763: checking if alphaev67-unknown-linux-gnu-gcc -mcpu=ev67 -mtune=ev67 -B/cross-tools/bin/ accepts -fno-tree-loop-distribute-patterns with __attribute__ ((__optimize__))
configure:6776: alphaev67-unknown-linux-gnu-gcc -mcpu=ev67 -mtune=ev67 -B/cross-tools/bin/ -g -O2  -c conftest.c
configure:6779: $? = 0
configure:6786: result: yes
configure:6794: checking for libgd
configure:6814: alphaev67-unknown-linux-gnu-gcc -mcpu=ev67 -mtune=ev67 -B/cross-tools/bin/ -o conftest -g -O2     conftest.c  -lgd -lpng -lz -lm >&5
conftest.c:19:16: fatal error: gd.h: No such file or directory
compilation terminated.
configure:6814: $? = 1
configure: failed program was:
| /* confdefs.h */
| #define PACKAGE_NAME "GNU C Library"
| #define PACKAGE_TARNAME "glibc"
| #define PACKAGE_VERSION "(see version.h)"
| #define PACKAGE_STRING "GNU C Library (see version.h)"
| #define PACKAGE_BUGREPORT "http://sourceware.org/bugzilla/"
| #define PACKAGE_URL "http://www.gnu.org/software/glibc/"
| #define PKGVERSION "(GNU libc) "
| #define REPORT_BUGS_TO "<http://www.gnu.org/software/libc/bugs.html>"
| #define LINK_OBSOLETE_RPC 1
| #define HAVE_LIBIDN 1
| #define HAVE_ASM_UNIQUE_OBJECT 1
| #define HAVE_ASM_PREVIOUS_DIRECTIVE 1
| #define HAVE_SDATA_SECTION 1
| #define HAVE_Z_COMBRELOC 1
| #define HAVE_ASM_WEAK_DIRECTIVE 1
| #define HAVE_CC_INHIBIT_LOOP_TO_LIBCALL 1
| /* end confdefs.h.  */
| #include <gd.h>
| int
| main ()
| {
| gdImagePng (0, 0)
|   ;
|   return 0;
| }
configure:6827: result: no
configure:6836: checking for is_selinux_enabled in -lselinux
configure:6861: alphaev67-unknown-linux-gnu-gcc -mcpu=ev67 -mtune=ev67 -B/cross-tools/bin/ -o conftest -g -O2   conftest.c -lselinux   >&5
/home/dl/ramdisk/clfs_cross_tools/system/alpha/cross-tools/bin/../lib/gcc/alphaev67-unknown-linux-gnu/5.2.0/../../../../alphaev67-unknown-linux-gnu/bin/ld: cannot find crt1.o: No such file or directory
/home/dl/ramdisk/clfs_cross_tools/system/alpha/cross-tools/bin/../lib/gcc/alphaev67-unknown-linux-gnu/5.2.0/../../../../alphaev67-unknown-linux-gnu/bin/ld: cannot find crti.o: No such file or directory
/home/dl/ramdisk/clfs_cross_tools/system/alpha/cross-tools/bin/../lib/gcc/alphaev67-unknown-linux-gnu/5.2.0/../../../../alphaev67-unknown-linux-gnu/bin/ld: cannot find -lselinux
/home/dl/ramdisk/clfs_cross_tools/system/alpha/cross-tools/bin/../lib/gcc/alphaev67-unknown-linux-gnu/5.2.0/../../../../alphaev67-unknown-linux-gnu/bin/ld: cannot find -lc
/home/dl/ramdisk/clfs_cross_tools/system/alpha/cross-tools/bin/../lib/gcc/alphaev67-unknown-linux-gnu/5.2.0/../../../../alphaev67-unknown-linux-gnu/bin/ld: cannot find crtn.o: No such file or directory
collect2: error: ld returned 1 exit status
configure:6861: $? = 1
configure: failed program was:
| /* confdefs.h */
| #define PACKAGE_NAME "GNU C Library"
| #define PACKAGE_TARNAME "glibc"
| #define PACKAGE_VERSION "(see version.h)"
| #define PACKAGE_STRING "GNU C Library (see version.h)"
| #define PACKAGE_BUGREPORT "http://sourceware.org/bugzilla/"
| #define PACKAGE_URL "http://www.gnu.org/software/glibc/"
| #define PKGVERSION "(GNU libc) "
| #define REPORT_BUGS_TO "<http://www.gnu.org/software/libc/bugs.html>"
| #define LINK_OBSOLETE_RPC 1
| #define HAVE_LIBIDN 1
| #define HAVE_ASM_UNIQUE_OBJECT 1
| #define HAVE_ASM_PREVIOUS_DIRECTIVE 1
| #define HAVE_SDATA_SECTION 1
| #define HAVE_Z_COMBRELOC 1
| #define HAVE_ASM_WEAK_DIRECTIVE 1
| #define HAVE_CC_INHIBIT_LOOP_TO_LIBCALL 1
| /* end confdefs.h.  */
| 
| /* Override any GCC internal prototype to avoid an error.
|    Use char because int might match the return type of a GCC
|    builtin and then its argument prototype would still apply.  */
| #ifdef __cplusplus
| extern "C"
| #endif
| char is_selinux_enabled ();
| int
| main ()
| {
| return is_selinux_enabled ();
|   ;
|   return 0;
| }
configure:6870: result: no
configure:6997: checking size of long double
configure:7002: alphaev67-unknown-linux-gnu-gcc -mcpu=ev67 -mtune=ev67 -B/cross-tools/bin/ -c -g -O2  conftest.c >&5
configure:7002: $? = 0
configure:7002: alphaev67-unknown-linux-gnu-gcc -mcpu=ev67 -mtune=ev67 -B/cross-tools/bin/ -c -g -O2  conftest.c >&5
conftest.c: In function 'main':
conftest.c:23:12: error: size of array 'test_array' is negative
 static int test_array [1 - 2 * !(((long int) (sizeof (long double))) <= 0)];
            ^
configure:7002: $? = 1
configure: failed program was:
| /* confdefs.h */
| #define PACKAGE_NAME "GNU C Library"
| #define PACKAGE_TARNAME "glibc"
| #define PACKAGE_VERSION "(see version.h)"
| #define PACKAGE_STRING "GNU C Library (see version.h)"
| #define PACKAGE_BUGREPORT "http://sourceware.org/bugzilla/"
| #define PACKAGE_URL "http://www.gnu.org/software/glibc/"
| #define PKGVERSION "(GNU libc) "
| #define REPORT_BUGS_TO "<http://www.gnu.org/software/libc/bugs.html>"
| #define LINK_OBSOLETE_RPC 1
| #define HAVE_LIBIDN 1
| #define HAVE_ASM_UNIQUE_OBJECT 1
| #define HAVE_ASM_PREVIOUS_DIRECTIVE 1
| #define HAVE_SDATA_SECTION 1
| #define HAVE_Z_COMBRELOC 1
| #define HAVE_ASM_WEAK_DIRECTIVE 1
| #define HAVE_CC_INHIBIT_LOOP_TO_LIBCALL 1
| /* end confdefs.h.  */
| /* none */
| int
| main ()
| {
| static int test_array [1 - 2 * !(((long int) (sizeof (long double))) <= 0)];
| test_array [0] = 0;
| return test_array [0];
| 
|   ;
|   return 0;
| }
configure:7002: alphaev67-unknown-linux-gnu-gcc -mcpu=ev67 -mtune=ev67 -B/cross-tools/bin/ -c -g -O2  conftest.c >&5
conftest.c: In function 'main':
conftest.c:23:12: error: size of array 'test_array' is negative
 static int test_array [1 - 2 * !(((long int) (sizeof (long double))) <= 1)];
            ^
configure:7002: $? = 1
configure: failed program was:
| /* confdefs.h */
| #define PACKAGE_NAME "GNU C Library"
| #define PACKAGE_TARNAME "glibc"
| #define PACKAGE_VERSION "(see version.h)"
| #define PACKAGE_STRING "GNU C Library (see version.h)"
| #define PACKAGE_BUGREPORT "http://sourceware.org/bugzilla/"
| #define PACKAGE_URL "http://www.gnu.org/software/glibc/"
| #define PKGVERSION "(GNU libc) "
| #define REPORT_BUGS_TO "<http://www.gnu.org/software/libc/bugs.html>"
| #define LINK_OBSOLETE_RPC 1
| #define HAVE_LIBIDN 1
| #define HAVE_ASM_UNIQUE_OBJECT 1
| #define HAVE_ASM_PREVIOUS_DIRECTIVE 1
| #define HAVE_SDATA_SECTION 1
| #define HAVE_Z_COMBRELOC 1
| #define HAVE_ASM_WEAK_DIRECTIVE 1
| #define HAVE_CC_INHIBIT_LOOP_TO_LIBCALL 1
| /* end confdefs.h.  */
| /* none */
| int
| main ()
| {
| static int test_array [1 - 2 * !(((long int) (sizeof (long double))) <= 1)];
| test_array [0] = 0;
| return test_array [0];
| 
|   ;
|   return 0;
| }
configure:7002: alphaev67-unknown-linux-gnu-gcc -mcpu=ev67 -mtune=ev67 -B/cross-tools/bin/ -c -g -O2  conftest.c >&5
conftest.c: In function 'main':
conftest.c:23:12: error: size of array 'test_array' is negative
 static int test_array [1 - 2 * !(((long int) (sizeof (long double))) <= 3)];
            ^
configure:7002: $? = 1
configure: failed program was:
| /* confdefs.h */
| #define PACKAGE_NAME "GNU C Library"
| #define PACKAGE_TARNAME "glibc"
| #define PACKAGE_VERSION "(see version.h)"
| #define PACKAGE_STRING "GNU C Library (see version.h)"
| #define PACKAGE_BUGREPORT "http://sourceware.org/bugzilla/"
| #define PACKAGE_URL "http://www.gnu.org/software/glibc/"
| #define PKGVERSION "(GNU libc) "
| #define REPORT_BUGS_TO "<http://www.gnu.org/software/libc/bugs.html>"
| #define LINK_OBSOLETE_RPC 1
| #define HAVE_LIBIDN 1
| #define HAVE_ASM_UNIQUE_OBJECT 1
| #define HAVE_ASM_PREVIOUS_DIRECTIVE 1
| #define HAVE_SDATA_SECTION 1
| #define HAVE_Z_COMBRELOC 1
| #define HAVE_ASM_WEAK_DIRECTIVE 1
| #define HAVE_CC_INHIBIT_LOOP_TO_LIBCALL 1
| /* end confdefs.h.  */
| /* none */
| int
| main ()
| {
| static int test_array [1 - 2 * !(((long int) (sizeof (long double))) <= 3)];
| test_array [0] = 0;
| return test_array [0];
| 
|   ;
|   return 0;
| }
configure:7002: alphaev67-unknown-linux-gnu-gcc -mcpu=ev67 -mtune=ev67 -B/cross-tools/bin/ -c -g -O2  conftest.c >&5
conftest.c: In function 'main':
conftest.c:23:12: error: size of array 'test_array' is negative
 static int test_array [1 - 2 * !(((long int) (sizeof (long double))) <= 7)];
            ^
configure:7002: $? = 1
configure: failed program was:
| /* confdefs.h */
| #define PACKAGE_NAME "GNU C Library"
| #define PACKAGE_TARNAME "glibc"
| #define PACKAGE_VERSION "(see version.h)"
| #define PACKAGE_STRING "GNU C Library (see version.h)"
| #define PACKAGE_BUGREPORT "http://sourceware.org/bugzilla/"
| #define PACKAGE_URL "http://www.gnu.org/software/glibc/"
| #define PKGVERSION "(GNU libc) "
| #define REPORT_BUGS_TO "<http://www.gnu.org/software/libc/bugs.html>"
| #define LINK_OBSOLETE_RPC 1
| #define HAVE_LIBIDN 1
| #define HAVE_ASM_UNIQUE_OBJECT 1
| #define HAVE_ASM_PREVIOUS_DIRECTIVE 1
| #define HAVE_SDATA_SECTION 1
| #define HAVE_Z_COMBRELOC 1
| #define HAVE_ASM_WEAK_DIRECTIVE 1
| #define HAVE_CC_INHIBIT_LOOP_TO_LIBCALL 1
| /* end confdefs.h.  */
| /* none */
| int
| main ()
| {
| static int test_array [1 - 2 * !(((long int) (sizeof (long double))) <= 7)];
| test_array [0] = 0;
| return test_array [0];
| 
|   ;
|   return 0;
| }
configure:7002: alphaev67-unknown-linux-gnu-gcc -mcpu=ev67 -mtune=ev67 -B/cross-tools/bin/ -c -g -O2  conftest.c >&5
configure:7002: $? = 0
configure:7002: alphaev67-unknown-linux-gnu-gcc -mcpu=ev67 -mtune=ev67 -B/cross-tools/bin/ -c -g -O2  conftest.c >&5
configure:7002: $? = 0
configure:7002: alphaev67-unknown-linux-gnu-gcc -mcpu=ev67 -mtune=ev67 -B/cross-tools/bin/ -c -g -O2  conftest.c >&5
configure:7002: $? = 0
configure:7002: alphaev67-unknown-linux-gnu-gcc -mcpu=ev67 -mtune=ev67 -B/cross-tools/bin/ -c -g -O2  conftest.c >&5
configure:7002: $? = 0
configure:7016: result: 8
configure:7030: checking for _FORTIFY_SOURCE predefine
configure:7049: alphaev67-unknown-linux-gnu-gcc -mcpu=ev67 -mtune=ev67 -B/cross-tools/bin/ -c -g -O2  conftest.c >&5
configure:7049: $? = 0
configure:7056: result: no
configure:7063: checking whether alphaev67-unknown-linux-gnu-gcc -mcpu=ev67 -mtune=ev67 -B/cross-tools/bin/ implicitly enables -fstack-protector
configure:7080: alphaev67-unknown-linux-gnu-gcc -mcpu=ev67 -mtune=ev67 -B/cross-tools/bin/ -c -g -O2  conftest.c >&5
configure:7080: $? = 0
libc_undefs='foobar'
configure:7107: result: no
configure:7118: checking whether the linker provides working __ehdr_start
configure:7141: alphaev67-unknown-linux-gnu-gcc -mcpu=ev67 -mtune=ev67 -B/cross-tools/bin/ -o conftest -g -O2 -fPIC   -nostdlib -nostartfiles -shared conftest.c  >&5
configure:7141: $? = 0
configure:7157: result: yes
configure:7167: checking for __builtin_trap with no external dependencies
configure:7184: alphaev67-unknown-linux-gnu-gcc -mcpu=ev67 -mtune=ev67 -B/cross-tools/bin/ -c -g -O2  conftest.c >&5
configure:7184: $? = 0
libc_undefs=''
configure:7198: result: yes
configure:7224: result: running configure fragment for sysdeps/unix/sysv/linux/alpha
configure:7224: result: running configure fragment for sysdeps/ieee754/ldbl-opt
configure:5: checking whether alphaev67-unknown-linux-gnu-gcc -mcpu=ev67 -mtune=ev67 -B/cross-tools/bin/ -g -O2 supports -mlong-double-128
configure:27: alphaev67-unknown-linux-gnu-gcc -mcpu=ev67 -mtune=ev67 -B/cross-tools/bin/ -c -g -O2 -mlong-double-128  conftest.c >&5
configure:27: $? = 0
configure:35: result: yes
configure:7224: result: running configure fragment for sysdeps/unix/sysv/linux
configure:40: checking installed Linux kernel header files
configure:59: alphaev67-unknown-linux-gnu-gcc -mcpu=ev67 -mtune=ev67 -B/cross-tools/bin/ -c -g -O2  -nostdinc -isystem /home/dl/ramdisk/clfs_cross_tools/system/alpha/cross-tools/bin/../lib/gcc/alphaev67-unknown-linux-gnu/5.2.0/include -isystem /home/dl/ramdisk/clfs_cross_tools/system/alpha/cross-tools/bin/../lib/gcc/alphaev67-unknown-linux-gnu/5.2.0/include-fixed -isystem /tools/include conftest.c >&5
configure:59: $? = 0
configure:66: result: 2.6.32 or later
configure:100: checking for kernel header at least 4.2.3
configure:118: alphaev67-unknown-linux-gnu-gcc -mcpu=ev67 -mtune=ev67 -B/cross-tools/bin/ -c -g -O2  -nostdinc -isystem /home/dl/ramdisk/clfs_cross_tools/system/alpha/cross-tools/bin/../lib/gcc/alphaev67-unknown-linux-gnu/5.2.0/include -isystem /home/dl/ramdisk/clfs_cross_tools/system/alpha/cross-tools/bin/../lib/gcc/alphaev67-unknown-linux-gnu/5.2.0/include-fixed -isystem /tools/include conftest.c >&5
configure:118: $? = 0
configure:124: result: ok
configure:142: checking for linux/fanotify.h
configure:142: alphaev67-unknown-linux-gnu-gcc -mcpu=ev67 -mtune=ev67 -B/cross-tools/bin/ -c -g -O2  -nostdinc -isystem /home/dl/ramdisk/clfs_cross_tools/system/alpha/cross-tools/bin/../lib/gcc/alphaev67-unknown-linux-gnu/5.2.0/include -isystem /home/dl/ramdisk/clfs_cross_tools/system/alpha/cross-tools/bin/../lib/gcc/alphaev67-unknown-linux-gnu/5.2.0/include-fixed -isystem /tools/include conftest.c >&5
configure:142: $? = 0
configure:142: result: yes
configure:7224: result: running configure fragment for sysdeps/nptl
configure:13: checking for forced unwind support
configure:45: result: yes
configure:52: checking for C cleanup handling
configure:79: result: yes
configure:7224: result: running configure fragment for sysdeps/gnu
configure:7224: result: running configure fragment for sysdeps/alpha
configure:7265: checking for old glibc 2.0.x headers
configure:7273: result: no
configure:7301: checking whether -fPIC is default
configure:7317: result: no
configure:7321: checking whether -fPIE is default
configure:7337: result: no
configure:7422: updating cache config.cache
configure:7471: creating ./config.status

## ---------------------- ##
## Running config.status. ##
## ---------------------- ##

This file was extended by GNU C Library config.status (see version.h), which was
generated by GNU Autoconf 2.69.  Invocation command line was

  CONFIG_FILES    = 
  CONFIG_HEADERS  = 
  CONFIG_LINKS    = 
  CONFIG_COMMANDS = 
  $ ./config.status 

on dl-Precision-M6500

config.status:941: creating config.make
config.status:941: creating Makefile
config.status:941: creating config.h
config.status:1115: executing default commands

## ---------------- ##
## Cache variables. ##
## ---------------- ##

ac_cv_build=x86_64-cross-linux-gnu
ac_cv_c_compiler_gnu=yes
ac_cv_cxx_compiler_gnu=yes
ac_cv_env_CCC_set=
ac_cv_env_CCC_value=
ac_cv_env_CC_set=set
ac_cv_env_CC_value='alphaev67-unknown-linux-gnu-gcc -mcpu=ev67 -mtune=ev67'
ac_cv_env_CFLAGS_set=
ac_cv_env_CFLAGS_value=
ac_cv_env_CPPFLAGS_set=
ac_cv_env_CPPFLAGS_value=
ac_cv_env_CPP_set=
ac_cv_env_CPP_value=
ac_cv_env_CXXFLAGS_set=
ac_cv_env_CXXFLAGS_value=
ac_cv_env_CXX_set=
ac_cv_env_CXX_value=
ac_cv_env_LDFLAGS_set=
ac_cv_env_LDFLAGS_value=
ac_cv_env_LIBS_set=
ac_cv_env_LIBS_value=
ac_cv_env_build_alias_set=set
ac_cv_env_build_alias_value=x86_64-cross-linux-gnu
ac_cv_env_host_alias_set=set
ac_cv_env_host_alias_value=alphaev67-unknown-linux-gnu
ac_cv_env_target_alias_set=
ac_cv_env_target_alias_value=
ac_cv_header_linux_fanotify_h=yes
ac_cv_host=alphaev67-unknown-linux-gnu
ac_cv_lib_selinux_is_selinux_enabled=no
ac_cv_objext=o
ac_cv_path_BASH_SHELL=/bin/bash
ac_cv_path_INSTALL_INFO=/usr/bin/install-info
ac_cv_path_PERL=/usr/bin/perl
ac_cv_path_install='/usr/bin/install -c'
ac_cv_prog_AS=/home/dl/ramdisk/clfs_cross_tools/system/alpha/cross-tools/bin/../lib/gcc/alphaev67-unknown-linux-gnu/5.2.0/../../../../alphaev67-unknown-linux-gnu/bin/as
ac_cv_prog_AWK=gawk
ac_cv_prog_BUILD_CC=gcc
ac_cv_prog_CC='alphaev67-unknown-linux-gnu-gcc -mcpu=ev67 -mtune=ev67'
ac_cv_prog_LD=/home/dl/ramdisk/clfs_cross_tools/system/alpha/cross-tools/bin/../lib/gcc/alphaev67-unknown-linux-gnu/5.2.0/../../../../alphaev67-unknown-linux-gnu/bin/ld
ac_cv_prog_MAKE=make
ac_cv_prog_MSGFMT=msgfmt
ac_cv_prog_NM=alphaev67-unknown-linux-gnu-nm
ac_cv_prog_READELF=alphaev67-unknown-linux-gnu-readelf
ac_cv_prog_SED=sed
ac_cv_prog_ac_ct_CXX=g++
ac_cv_prog_cc_g=yes
ac_cv_prog_cxx_g=yes
ac_cv_sizeof_long_double=8
libc_cv_Bgroup=yes
libc_cv_alpha_tls=yes
libc_cv_as_noexecstack=yes
libc_cv_asm_previous_directive=yes
libc_cv_asm_protected_directive=yes
libc_cv_asm_set_directive=no
libc_cv_asm_unique_object=yes
libc_cv_asm_weak_directive=yes
libc_cv_broken_alias_attribute=no
libc_cv_broken_visibility_attribute=no
libc_cv_builtin_trap=yes
libc_cv_c_cleanup=yes
libc_cv_cc_loop_to_function=yes
libc_cv_cc_nofma=-ffp-contract=off
libc_cv_cc_with_libunwind=no
libc_cv_compiler_ok=yes
libc_cv_ctors_header=yes
libc_cv_cxx_link_ok=yes
libc_cv_dot_text=.text
libc_cv_ehdr_start=yes
libc_cv_fno_toplevel_reorder=yes
libc_cv_forced_unwind=yes
libc_cv_fpie=yes
libc_cv_friendly_stddef=yes
libc_cv_gcc___thread=yes
libc_cv_gcc_builtin_memset=no
libc_cv_gcc_builtin_redirection=yes
libc_cv_gcc_exceptions=yes
libc_cv_gcc_static_libgcc=-static-libgcc
libc_cv_gcc_tls_model_attr=yes
libc_cv_gcc_unwind_find_fde=yes
libc_cv_gnu89_inline=yes
libc_cv_hashstyle=yes
libc_cv_have_sdata_section=yes
libc_cv_have_section_quotes=no
libc_cv_idn=no
libc_cv_initfini_array=yes
libc_cv_ld_gnu_indirect_function=no
libc_cv_ld_no_whole_archive=yes
libc_cv_linux2632='2.6.32 or later'
libc_cv_localstatedir='${prefix}/var'
libc_cv_mlong_double_128=yes
libc_cv_need_minus_P=no
libc_cv_nss_crypt=no
libc_cv_output_format=elf64-alpha
libc_cv_pic_default=no
libc_cv_pie_default=no
libc_cv_predef_fortify_source=no
libc_cv_predef_stack_protector=no
libc_cv_prog_as_gnu=yes
libc_cv_prog_ld_gnu=yes
libc_cv_protected_data=yes
libc_cv_ssp=no
libc_cv_sysconfdir='${prefix}/etc'
libc_cv_use_default_link=no
libc_cv_visibility_attribute=yes
libc_cv_z_combreloc=yes
libc_cv_z_execstack=yes
libc_cv_z_initfirst=yes
libc_cv_z_nodelete=yes
libc_cv_z_nodlopen=yes

## ----------------- ##
## Output variables. ##
## ----------------- ##

AR='/home/dl/ramdisk/clfs_cross_tools/system/alpha/cross-tools/bin/../lib/gcc/alphaev67-unknown-linux-gnu/5.2.0/../../../../alphaev67-unknown-linux-gnu/bin/ar'
AS='/home/dl/ramdisk/clfs_cross_tools/system/alpha/cross-tools/bin/../lib/gcc/alphaev67-unknown-linux-gnu/5.2.0/../../../../alphaev67-unknown-linux-gnu/bin/as'
ASFLAGS_config=' -Wa,--noexecstack'
AUTOCONF='no'
AWK='gawk'
BASH_SHELL='/bin/bash'
BISON='no'
BUILD_CC='gcc'
CC='alphaev67-unknown-linux-gnu-gcc -mcpu=ev67 -mtune=ev67 -B/cross-tools/bin/'
CFLAGS='-g -O2'
CPP='alphaev67-unknown-linux-gnu-gcc -mcpu=ev67 -mtune=ev67 -E'
CPPFLAGS=''
CPPUNDEFS=''
CXX='g++'
CXXFLAGS='-g -O2'
CXX_SYSINCLUDES=' -isystem /usr/include/c++/4.9 -isystem /usr/include/x86_64-linux-gnu/c++/4.9 -isystem /usr/include/c++/4.9/backward'
DEFINES=''
DEFS='-DHAVE_CONFIG_H'
ECHO_C=''
ECHO_N='-n'
ECHO_T=''
INSTALL_DATA='${INSTALL} -m 644'
INSTALL_INFO='/usr/bin/install-info'
INSTALL_PROGRAM='${INSTALL}'
INSTALL_SCRIPT='${INSTALL}'
LD='/home/dl/ramdisk/clfs_cross_tools/system/alpha/cross-tools/bin/../lib/gcc/alphaev67-unknown-linux-gnu/5.2.0/../../../../alphaev67-unknown-linux-gnu/bin/ld'
LDFLAGS=''
LIBGD='no'
LIBOBJS=''
LIBS=''
LN_S='ln -s'
LTLIBOBJS=''
MAKE='make'
MAKEINFO=':'
MSGFMT='msgfmt'
NM='alphaev67-unknown-linux-gnu-nm'
OBJCOPY='/home/dl/ramdisk/clfs_cross_tools/system/alpha/cross-tools/bin/../lib/gcc/alphaev67-unknown-linux-gnu/5.2.0/../../../../alphaev67-unknown-linux-gnu/bin/objcopy'
OBJDUMP='/home/dl/ramdisk/clfs_cross_tools/system/alpha/cross-tools/bin/../lib/gcc/alphaev67-unknown-linux-gnu/5.2.0/../../../../alphaev67-unknown-linux-gnu/bin/objdump'
OBJEXT='o'
PACKAGE_BUGREPORT='http://sourceware.org/bugzilla/'
PACKAGE_NAME='GNU C Library'
PACKAGE_STRING='GNU C Library (see version.h)'
PACKAGE_TARNAME='glibc'
PACKAGE_URL='http://www.gnu.org/software/glibc/'
PACKAGE_VERSION='(see version.h)'
PATH_SEPARATOR=':'
PERL='/usr/bin/perl'
PKGVERSION='(GNU libc) '
PKGVERSION_TEXI='(GNU libc) '
READELF='alphaev67-unknown-linux-gnu-readelf'
RELEASE='stable'
REPORT_BUGS_TEXI='@uref{http://www.gnu.org/software/libc/bugs.html}'
REPORT_BUGS_TO='<http://www.gnu.org/software/libc/bugs.html>'
SED='sed'
SHELL='/bin/bash'
SYSINCLUDES='-nostdinc -isystem /home/dl/ramdisk/clfs_cross_tools/system/alpha/cross-tools/bin/../lib/gcc/alphaev67-unknown-linux-gnu/5.2.0/include -isystem /home/dl/ramdisk/clfs_cross_tools/system/alpha/cross-tools/bin/../lib/gcc/alphaev67-unknown-linux-gnu/5.2.0/include-fixed -isystem /tools/include'
VERSION='2.22'
ac_ct_CC=''
ac_ct_CXX='g++'
add_on_subdirs=' libidn'
add_ons='libidn'
all_warnings=''
base_machine='alpha'
bindir='${exec_prefix}/bin'
bindnow='no'
build='x86_64-cross-linux-gnu'
build_alias='x86_64-cross-linux-gnu'
build_cpu='x86_64'
build_nscd='yes'
build_os='linux-gnu'
build_pt_chown='no'
build_vendor='cross'
cross_compiling='yes'
datadir='${datarootdir}'
datarootdir='${prefix}/share'
docdir='${datarootdir}/doc/${PACKAGE_TARNAME}'
dvidir='${docdir}'
enable_lock_elision='no'
enable_werror='yes'
exceptions='-fexceptions'
exec_prefix='${prefix}'
fno_unit_at_a_time='-fno-toplevel-reorder -fno-section-anchors'
force_install='yes'
gnu89_inline='-fgnu89-inline'
hardcoded_path_in_tests='no'
have_libaudit=''
have_libcap=''
have_selinux='no'
host='alphaev67-unknown-linux-gnu'
host_alias='alphaev67-unknown-linux-gnu'
host_cpu='alphaev67'
host_os='linux-gnu'
host_vendor='unknown'
htmldir='${docdir}'
includedir='${prefix}/include'
infodir='${datarootdir}/info'
ldd_rewrite_script='no'
libc_cv_Bgroup='yes'
libc_cv_cc_loop_to_function='yes'
libc_cv_cc_nofma='-ffp-contract=off'
libc_cv_cc_submachine=''
libc_cv_cc_with_libunwind='no'
libc_cv_forced_unwind='yes'
libc_cv_fpie='yes'
libc_cv_gcc_static_libgcc='-static-libgcc'
libc_cv_gcc_unwind_find_fde='yes'
libc_cv_hashstyle='yes'
libc_cv_localedir=''
libc_cv_localstatedir='${prefix}/var'
libc_cv_nss_crypt='no'
libc_cv_output_format='elf64-alpha'
libc_cv_pic_default='no'
libc_cv_pie_default='no'
libc_cv_protected_data='yes'
libc_cv_rootsbindir=''
libc_cv_rtlddir=''
libc_cv_slibdir=''
libc_cv_ssp='no'
libc_cv_sysconfdir='${prefix}/etc'
libc_cv_z_combreloc='yes'
libc_cv_z_execstack='yes'
libc_extra_cflags=''
libc_extra_cppflags=''
libdir='${exec_prefix}/lib'
libexecdir='${exec_prefix}/libexec'
link_obsolete_rpc='yes'
localedir='${datarootdir}/locale'
localstatedir='${prefix}/var'
mach_interface_list=''
mandir='${datarootdir}/man'
multi_arch='no'
old_glibc_headers='no'
oldincludedir='/usr/include'
pdfdir='${docdir}'
prefix='/tools'
profile='no'
program_transform_name='s,x,x,'
psdir='${docdir}'
sbindir='${exec_prefix}/sbin'
shared='yes'
sharedstatedir='${prefix}/com'
sizeof_long_double='8'
static=''
static_nss='no'
subdirs='  '
submachine=''
sysconfdir='${prefix}/etc'
sysdeps_add_ons=''
sysheaders='/tools/include'
sysnames=' sysdeps/unix/sysv/linux/alpha/alphaev67/fpu sysdeps/alpha/alphaev67/fpu sysdeps/alpha/alphaev6/fpu sysdeps/unix/sysv/linux/alpha/alphaev67 sysdeps/unix/sysv/linux/alpha/fpu sysdeps/alpha/fpu sysdeps/unix/sysv/linux/alpha sysdeps/alpha/nptl sysdeps/unix/sysv/linux/wordsize-64 sysdeps/ieee754/ldbl-64-128 sysdeps/ieee754/ldbl-opt sysdeps/unix/sysv/linux sysdeps/nptl sysdeps/pthread sysdeps/gnu sysdeps/unix/inet sysdeps/unix/sysv sysdeps/unix/alpha sysdeps/unix sysdeps/posix sysdeps/alpha/alphaev67 sysdeps/alpha/alphaev6 sysdeps/alpha/alphaev5 sysdeps/alpha sysdeps/wordsize-64 sysdeps/ieee754/ldbl-128 sysdeps/ieee754/dbl-64/wordsize-64 sysdeps/ieee754/dbl-64 sysdeps/ieee754/flt-32 sysdeps/alpha/soft-fp sysdeps/ieee754 sysdeps/generic'
target_alias=''
use_default_link='no'
use_ldconfig='yes'
use_nscd='yes'
with_fp='yes'

## ----------- ##
## confdefs.h. ##
## ----------- ##

/* confdefs.h */
#define PACKAGE_NAME "GNU C Library"
#define PACKAGE_TARNAME "glibc"
#define PACKAGE_VERSION "(see version.h)"
#define PACKAGE_STRING "GNU C Library (see version.h)"
#define PACKAGE_BUGREPORT "http://sourceware.org/bugzilla/"
#define PACKAGE_URL "http://www.gnu.org/software/glibc/"
#define PKGVERSION "(GNU libc) "
#define REPORT_BUGS_TO "<http://www.gnu.org/software/libc/bugs.html>"
#define LINK_OBSOLETE_RPC 1
#define HAVE_LIBIDN 1
#define HAVE_ASM_UNIQUE_OBJECT 1
#define HAVE_ASM_PREVIOUS_DIRECTIVE 1
#define HAVE_SDATA_SECTION 1
#define HAVE_Z_COMBRELOC 1
#define HAVE_ASM_WEAK_DIRECTIVE 1
#define HAVE_CC_INHIBIT_LOOP_TO_LIBCALL 1
#define SIZEOF_LONG_DOUBLE 8
#define HAVE_EHDR_START 1
#define HAVE_BUILTIN_TRAP 1
#define __LINUX_KERNEL_VERSION (4 * 65536 + 2 * 256 + 3)
#define __ABI_TAG_VERSION 4,2,3
#define HAVE_LINUX_FANOTIFY_H 1
#define HAVE_INLINED_SYSCALLS 1
#define HAVE_FORCED_UNWIND 1
#define PI_STATIC_AND_HIDDEN 1
#define EXPORT_UNWIND_FIND_FDE 1
#define USE_NSCD 1
#define USE_LDCONFIG 1

configure: exit 0
