  HOSTCC  scripts/basic/fixdep
  HOSTCC  scripts/kconfig/conf.o
  SHIPPED scripts/kconfig/zconf.tab.c
  SHIPPED scripts/kconfig/zconf.lex.c
  SHIPPED scripts/kconfig/zconf.hash.c
  HOSTCC  scripts/kconfig/zconf.tab.o
  HOSTLD  scripts/kconfig/conf
scripts/kconfig/conf  --oldconfig Kconfig
*
* Restart config...
*
*
* PPS support
*
PPS support (PPS) [Y/?] y
  PPS debugging messages (PPS_DEBUG) [N/y/?] (NEW) 
  PPS kernel consumer support (NTP_PPS) [N/y/?] (NEW) 
  *
  * PPS clients support
  *
  Kernel timer client (Testing client, use for debug) (PPS_CLIENT_KTIMER) [N/m/y/?] (NEW) 
  PPS line discipline (PPS_CLIENT_LDISC) [N/m/y/?] (NEW) 
  PPS client using GPIO (PPS_CLIENT_GPIO) [N/m/y/?] (NEW) 
*
* PPS generators support
*
#
# configuration written to .config
#
